[1.330s] DEBUG:colcon:Command line arguments: ['/usr/bin/colcon', 'build']
[1.331s] DEBUG:colcon:Parsed command line arguments: Namespace(log_base=None, log_level=None, verb_name='build', build_base='build', install_base='install', merge_install=False, symlink_install=False, test_result_base=None, continue_on_error=False, executor='parallel', parallel_workers=26, event_handlers=None, ignore_user_meta=False, metas=['./colcon.meta'], base_paths=['.'], packages_ignore=None, packages_ignore_regex=None, paths=None, packages_up_to=None, packages_up_to_regex=None, packages_above=None, packages_above_and_dependencies=None, packages_above_depth=None, packages_select_by_dep=None, packages_skip_by_dep=None, packages_skip_up_to=None, packages_select_build_failed=False, packages_skip_build_finished=False, packages_select_test_failures=False, packages_skip_test_passed=False, packages_select=None, packages_skip=None, packages_select_regex=None, packages_skip_regex=None, packages_start=None, packages_end=None, allow_overriding=[], cmake_args=None, cmake_target=None, cmake_target_skip_unavailable=False, cmake_clean_cache=False, cmake_clean_first=False, cmake_force_configure=False, ament_cmake_args=None, catkin_cmake_args=None, catkin_skip_building_tests=False, verb_parser=<colcon_defaults.argument_parser.defaults.DefaultArgumentsDecorator object at 0x7fee46700790>, verb_extension=<colcon_core.verb.build.BuildVerb object at 0x7fee46702440>, main=<bound method BuildVerb.main of <colcon_core.verb.build.BuildVerb object at 0x7fee46702440>>)
[1.400s] Level 1:colcon.colcon_core.package_discovery:discover_packages(colcon_meta) check parameters
[1.400s] Level 1:colcon.colcon_core.package_discovery:discover_packages(recursive) check parameters
[1.400s] Level 1:colcon.colcon_core.package_discovery:discover_packages(ignore) check parameters
[1.400s] Level 1:colcon.colcon_core.package_discovery:discover_packages(path) check parameters
[1.400s] Level 1:colcon.colcon_core.package_discovery:discover_packages(colcon_meta) discover
[1.400s] Level 1:colcon.colcon_core.package_discovery:discover_packages(recursive) discover
[1.400s] INFO:colcon.colcon_core.package_discovery:Crawling recursively for packages in '/home/frese/ros2_ws'
[1.400s] Level 1:colcon.colcon_core.package_identification:_identify(.) by extensions ['ignore', 'ignore_ament_install']
[1.400s] Level 1:colcon.colcon_core.package_identification:_identify(.) by extension 'ignore'
[1.400s] Level 1:colcon.colcon_core.package_identification:_identify(.) by extension 'ignore_ament_install'
[1.400s] Level 1:colcon.colcon_core.package_identification:_identify(.) by extensions ['colcon_pkg']
[1.400s] Level 1:colcon.colcon_core.package_identification:_identify(.) by extension 'colcon_pkg'
[1.400s] Level 1:colcon.colcon_core.package_identification:_identify(.) by extensions ['colcon_meta']
[1.401s] Level 1:colcon.colcon_core.package_identification:_identify(.) by extension 'colcon_meta'
[1.401s] Level 1:colcon.colcon_core.package_identification:_identify(.) by extensions ['ros']
[1.401s] Level 1:colcon.colcon_core.package_identification:_identify(.) by extension 'ros'
[1.414s] Level 1:colcon.colcon_core.package_identification:_identify(.) by extensions ['cmake', 'python']
[1.414s] Level 1:colcon.colcon_core.package_identification:_identify(.) by extension 'cmake'
[1.415s] Level 1:colcon.colcon_core.package_identification:_identify(.) by extension 'python'
[1.415s] Level 1:colcon.colcon_core.package_identification:_identify(.) by extensions ['python_setup_py']
[1.415s] Level 1:colcon.colcon_core.package_identification:_identify(.) by extension 'python_setup_py'
[1.415s] Level 1:colcon.colcon_core.package_identification:_identify(build) by extensions ['ignore', 'ignore_ament_install']
[1.415s] Level 1:colcon.colcon_core.package_identification:_identify(build) by extension 'ignore'
[1.415s] Level 1:colcon.colcon_core.package_identification:_identify(build) ignored
[1.415s] Level 1:colcon.colcon_core.package_identification:_identify(install) by extensions ['ignore', 'ignore_ament_install']
[1.415s] Level 1:colcon.colcon_core.package_identification:_identify(install) by extension 'ignore'
[1.415s] Level 1:colcon.colcon_core.package_identification:_identify(install) ignored
[1.416s] Level 1:colcon.colcon_core.package_identification:_identify(log) by extensions ['ignore', 'ignore_ament_install']
[1.416s] Level 1:colcon.colcon_core.package_identification:_identify(log) by extension 'ignore'
[1.416s] Level 1:colcon.colcon_core.package_identification:_identify(log) ignored
[1.416s] Level 1:colcon.colcon_core.package_identification:_identify(src) by extensions ['ignore', 'ignore_ament_install']
[1.416s] Level 1:colcon.colcon_core.package_identification:_identify(src) by extension 'ignore'
[1.416s] Level 1:colcon.colcon_core.package_identification:_identify(src) by extension 'ignore_ament_install'
[1.416s] Level 1:colcon.colcon_core.package_identification:_identify(src) by extensions ['colcon_pkg']
[1.416s] Level 1:colcon.colcon_core.package_identification:_identify(src) by extension 'colcon_pkg'
[1.416s] Level 1:colcon.colcon_core.package_identification:_identify(src) by extensions ['colcon_meta']
[1.416s] Level 1:colcon.colcon_core.package_identification:_identify(src) by extension 'colcon_meta'
[1.416s] Level 1:colcon.colcon_core.package_identification:_identify(src) by extensions ['ros']
[1.416s] Level 1:colcon.colcon_core.package_identification:_identify(src) by extension 'ros'
[1.417s] Level 1:colcon.colcon_core.package_identification:_identify(src) by extensions ['cmake', 'python']
[1.417s] Level 1:colcon.colcon_core.package_identification:_identify(src) by extension 'cmake'
[1.417s] Level 1:colcon.colcon_core.package_identification:_identify(src) by extension 'python'
[1.417s] Level 1:colcon.colcon_core.package_identification:_identify(src) by extensions ['python_setup_py']
[1.417s] Level 1:colcon.colcon_core.package_identification:_identify(src) by extension 'python_setup_py'
[1.417s] Level 1:colcon.colcon_core.package_identification:_identify(src/build) by extensions ['ignore', 'ignore_ament_install']
[1.417s] Level 1:colcon.colcon_core.package_identification:_identify(src/build) by extension 'ignore'
[1.417s] Level 1:colcon.colcon_core.package_identification:_identify(src/build) ignored
[1.417s] Level 1:colcon.colcon_core.package_identification:_identify(src/csm) by extensions ['ignore', 'ignore_ament_install']
[1.417s] Level 1:colcon.colcon_core.package_identification:_identify(src/csm) by extension 'ignore'
[1.417s] Level 1:colcon.colcon_core.package_identification:_identify(src/csm) by extension 'ignore_ament_install'
[1.417s] Level 1:colcon.colcon_core.package_identification:_identify(src/csm) by extensions ['colcon_pkg']
[1.417s] Level 1:colcon.colcon_core.package_identification:_identify(src/csm) by extension 'colcon_pkg'
[1.418s] Level 1:colcon.colcon_core.package_identification:_identify(src/csm) by extensions ['colcon_meta']
[1.418s] Level 1:colcon.colcon_core.package_identification:_identify(src/csm) by extension 'colcon_meta'
[1.418s] Level 1:colcon.colcon_core.package_identification:_identify(src/csm) by extensions ['ros']
[1.418s] Level 1:colcon.colcon_core.package_identification:_identify(src/csm) by extension 'ros'
[1.421s] DEBUG:colcon.colcon_core.package_identification:Package 'src/csm' with type 'ros.ament_cmake' and name 'csm'
[1.421s] Level 1:colcon.colcon_core.package_identification:_identify(src/install) by extensions ['ignore', 'ignore_ament_install']
[1.421s] Level 1:colcon.colcon_core.package_identification:_identify(src/install) by extension 'ignore'
[1.421s] Level 1:colcon.colcon_core.package_identification:_identify(src/install) ignored
[1.422s] Level 1:colcon.colcon_core.package_identification:_identify(src/kinect_ros2) by extensions ['ignore', 'ignore_ament_install']
[1.422s] Level 1:colcon.colcon_core.package_identification:_identify(src/kinect_ros2) by extension 'ignore'
[1.422s] Level 1:colcon.colcon_core.package_identification:_identify(src/kinect_ros2) by extension 'ignore_ament_install'
[1.422s] Level 1:colcon.colcon_core.package_identification:_identify(src/kinect_ros2) by extensions ['colcon_pkg']
[1.422s] Level 1:colcon.colcon_core.package_identification:_identify(src/kinect_ros2) by extension 'colcon_pkg'
[1.422s] Level 1:colcon.colcon_core.package_identification:_identify(src/kinect_ros2) by extensions ['colcon_meta']
[1.422s] Level 1:colcon.colcon_core.package_identification:_identify(src/kinect_ros2) by extension 'colcon_meta'
[1.422s] Level 1:colcon.colcon_core.package_identification:_identify(src/kinect_ros2) by extensions ['ros']
[1.422s] Level 1:colcon.colcon_core.package_identification:_identify(src/kinect_ros2) by extension 'ros'
[1.423s] DEBUG:colcon.colcon_core.package_identification:Package 'src/kinect_ros2' with type 'ros.ament_cmake' and name 'kinect_ros2'
[1.423s] Level 1:colcon.colcon_core.package_identification:_identify(src/log) by extensions ['ignore', 'ignore_ament_install']
[1.424s] Level 1:colcon.colcon_core.package_identification:_identify(src/log) by extension 'ignore'
[1.424s] Level 1:colcon.colcon_core.package_identification:_identify(src/log) ignored
[1.424s] Level 1:colcon.colcon_core.package_identification:_identify(src/ros2_laser_scan_matcher) by extensions ['ignore', 'ignore_ament_install']
[1.424s] Level 1:colcon.colcon_core.package_identification:_identify(src/ros2_laser_scan_matcher) by extension 'ignore'
[1.424s] Level 1:colcon.colcon_core.package_identification:_identify(src/ros2_laser_scan_matcher) by extension 'ignore_ament_install'
[1.424s] Level 1:colcon.colcon_core.package_identification:_identify(src/ros2_laser_scan_matcher) by extensions ['colcon_pkg']
[1.424s] Level 1:colcon.colcon_core.package_identification:_identify(src/ros2_laser_scan_matcher) by extension 'colcon_pkg'
[1.424s] Level 1:colcon.colcon_core.package_identification:_identify(src/ros2_laser_scan_matcher) by extensions ['colcon_meta']
[1.424s] Level 1:colcon.colcon_core.package_identification:_identify(src/ros2_laser_scan_matcher) by extension 'colcon_meta'
[1.424s] Level 1:colcon.colcon_core.package_identification:_identify(src/ros2_laser_scan_matcher) by extensions ['ros']
[1.424s] Level 1:colcon.colcon_core.package_identification:_identify(src/ros2_laser_scan_matcher) by extension 'ros'
[1.425s] DEBUG:colcon.colcon_core.package_identification:Package 'src/ros2_laser_scan_matcher' with type 'ros.ament_cmake' and name 'ros2_laser_scan_matcher'
[1.425s] Level 1:colcon.colcon_core.package_identification:_identify(src/rplidar_ros2) by extensions ['ignore', 'ignore_ament_install']
[1.425s] Level 1:colcon.colcon_core.package_identification:_identify(src/rplidar_ros2) by extension 'ignore'
[1.425s] Level 1:colcon.colcon_core.package_identification:_identify(src/rplidar_ros2) by extension 'ignore_ament_install'
[1.425s] Level 1:colcon.colcon_core.package_identification:_identify(src/rplidar_ros2) by extensions ['colcon_pkg']
[1.425s] Level 1:colcon.colcon_core.package_identification:_identify(src/rplidar_ros2) by extension 'colcon_pkg'
[1.425s] Level 1:colcon.colcon_core.package_identification:_identify(src/rplidar_ros2) by extensions ['colcon_meta']
[1.425s] Level 1:colcon.colcon_core.package_identification:_identify(src/rplidar_ros2) by extension 'colcon_meta'
[1.426s] Level 1:colcon.colcon_core.package_identification:_identify(src/rplidar_ros2) by extensions ['ros']
[1.426s] Level 1:colcon.colcon_core.package_identification:_identify(src/rplidar_ros2) by extension 'ros'
[1.426s] DEBUG:colcon.colcon_core.package_identification:Package 'src/rplidar_ros2' with type 'ros.ament_cmake' and name 'rplidar_ros'
[1.426s] Level 1:colcon.colcon_core.package_identification:_identify(src/sllidar_ros2) by extensions ['ignore', 'ignore_ament_install']
[1.427s] Level 1:colcon.colcon_core.package_identification:_identify(src/sllidar_ros2) by extension 'ignore'
[1.427s] Level 1:colcon.colcon_core.package_identification:_identify(src/sllidar_ros2) by extension 'ignore_ament_install'
[1.427s] Level 1:colcon.colcon_core.package_identification:_identify(src/sllidar_ros2) by extensions ['colcon_pkg']
[1.427s] Level 1:colcon.colcon_core.package_identification:_identify(src/sllidar_ros2) by extension 'colcon_pkg'
[1.427s] Level 1:colcon.colcon_core.package_identification:_identify(src/sllidar_ros2) by extensions ['colcon_meta']
[1.427s] Level 1:colcon.colcon_core.package_identification:_identify(src/sllidar_ros2) by extension 'colcon_meta'
[1.427s] Level 1:colcon.colcon_core.package_identification:_identify(src/sllidar_ros2) by extensions ['ros']
[1.427s] Level 1:colcon.colcon_core.package_identification:_identify(src/sllidar_ros2) by extension 'ros'
[1.428s] DEBUG:colcon.colcon_core.package_identification:Package 'src/sllidar_ros2' with type 'ros.ament_cmake' and name 'sllidar_ros2'
[1.428s] Level 1:colcon.colcon_core.package_discovery:discover_packages(recursive) using defaults
[1.428s] Level 1:colcon.colcon_core.package_discovery:discover_packages(ignore) discover
[1.428s] Level 1:colcon.colcon_core.package_discovery:discover_packages(ignore) using defaults
[1.428s] Level 1:colcon.colcon_core.package_discovery:discover_packages(path) discover
[1.428s] Level 1:colcon.colcon_core.package_discovery:discover_packages(path) using defaults
[1.558s] Level 1:colcon.colcon_core.package_discovery:discover_packages(prefix_path) check parameters
[1.558s] Level 1:colcon.colcon_core.package_discovery:discover_packages(prefix_path) discover
[1.602s] DEBUG:colcon.colcon_installed_package_information.package_discovery:Found 34 installed packages in /home/frese/ros2_ws/install
[1.626s] DEBUG:colcon.colcon_installed_package_information.package_discovery:Found 351 installed packages in /opt/ros/humble
[1.629s] Level 1:colcon.colcon_core.package_discovery:discover_packages(prefix_path) using defaults
[1.775s] Level 5:colcon.colcon_core.verb:set package 'csm' build argument 'cmake_args' from command line to 'None'
[1.775s] Level 5:colcon.colcon_core.verb:set package 'csm' build argument 'cmake_target' from command line to 'None'
[1.775s] Level 5:colcon.colcon_core.verb:set package 'csm' build argument 'cmake_target_skip_unavailable' from command line to 'False'
[1.775s] Level 5:colcon.colcon_core.verb:set package 'csm' build argument 'cmake_clean_cache' from command line to 'False'
[1.775s] Level 5:colcon.colcon_core.verb:set package 'csm' build argument 'cmake_clean_first' from command line to 'False'
[1.775s] Level 5:colcon.colcon_core.verb:set package 'csm' build argument 'cmake_force_configure' from command line to 'False'
[1.775s] Level 5:colcon.colcon_core.verb:set package 'csm' build argument 'ament_cmake_args' from command line to 'None'
[1.776s] Level 5:colcon.colcon_core.verb:set package 'csm' build argument 'catkin_cmake_args' from command line to 'None'
[1.776s] Level 5:colcon.colcon_core.verb:set package 'csm' build argument 'catkin_skip_building_tests' from command line to 'False'
[1.776s] DEBUG:colcon.colcon_core.verb:Building package 'csm' with the following arguments: {'ament_cmake_args': None, 'build_base': '/home/frese/ros2_ws/build/csm', 'catkin_cmake_args': None, 'catkin_skip_building_tests': False, 'cmake_args': None, 'cmake_clean_cache': False, 'cmake_clean_first': False, 'cmake_force_configure': False, 'cmake_target': None, 'cmake_target_skip_unavailable': False, 'install_base': '/home/frese/ros2_ws/install/csm', 'merge_install': False, 'path': '/home/frese/ros2_ws/src/csm', 'symlink_install': False, 'test_result_base': None}
[1.794s] Level 5:colcon.colcon_core.verb:set package 'kinect_ros2' build argument 'cmake_args' from command line to 'None'
[1.794s] Level 5:colcon.colcon_core.verb:set package 'kinect_ros2' build argument 'cmake_target' from command line to 'None'
[1.794s] Level 5:colcon.colcon_core.verb:set package 'kinect_ros2' build argument 'cmake_target_skip_unavailable' from command line to 'False'
[1.794s] Level 5:colcon.colcon_core.verb:set package 'kinect_ros2' build argument 'cmake_clean_cache' from command line to 'False'
[1.794s] Level 5:colcon.colcon_core.verb:set package 'kinect_ros2' build argument 'cmake_clean_first' from command line to 'False'
[1.794s] Level 5:colcon.colcon_core.verb:set package 'kinect_ros2' build argument 'cmake_force_configure' from command line to 'False'
[1.794s] Level 5:colcon.colcon_core.verb:set package 'kinect_ros2' build argument 'ament_cmake_args' from command line to 'None'
[1.794s] Level 5:colcon.colcon_core.verb:set package 'kinect_ros2' build argument 'catkin_cmake_args' from command line to 'None'
[1.794s] Level 5:colcon.colcon_core.verb:set package 'kinect_ros2' build argument 'catkin_skip_building_tests' from command line to 'False'
[1.794s] DEBUG:colcon.colcon_core.verb:Building package 'kinect_ros2' with the following arguments: {'ament_cmake_args': None, 'build_base': '/home/frese/ros2_ws/build/kinect_ros2', 'catkin_cmake_args': None, 'catkin_skip_building_tests': False, 'cmake_args': None, 'cmake_clean_cache': False, 'cmake_clean_first': False, 'cmake_force_configure': False, 'cmake_target': None, 'cmake_target_skip_unavailable': False, 'install_base': '/home/frese/ros2_ws/install/kinect_ros2', 'merge_install': False, 'path': '/home/frese/ros2_ws/src/kinect_ros2', 'symlink_install': False, 'test_result_base': None}
[1.816s] Level 5:colcon.colcon_core.verb:set package 'rplidar_ros' build argument 'cmake_args' from command line to 'None'
[1.816s] Level 5:colcon.colcon_core.verb:set package 'rplidar_ros' build argument 'cmake_target' from command line to 'None'
[1.816s] Level 5:colcon.colcon_core.verb:set package 'rplidar_ros' build argument 'cmake_target_skip_unavailable' from command line to 'False'
[1.816s] Level 5:colcon.colcon_core.verb:set package 'rplidar_ros' build argument 'cmake_clean_cache' from command line to 'False'
[1.816s] Level 5:colcon.colcon_core.verb:set package 'rplidar_ros' build argument 'cmake_clean_first' from command line to 'False'
[1.816s] Level 5:colcon.colcon_core.verb:set package 'rplidar_ros' build argument 'cmake_force_configure' from command line to 'False'
[1.816s] Level 5:colcon.colcon_core.verb:set package 'rplidar_ros' build argument 'ament_cmake_args' from command line to 'None'
[1.816s] Level 5:colcon.colcon_core.verb:set package 'rplidar_ros' build argument 'catkin_cmake_args' from command line to 'None'
[1.816s] Level 5:colcon.colcon_core.verb:set package 'rplidar_ros' build argument 'catkin_skip_building_tests' from command line to 'False'
[1.816s] DEBUG:colcon.colcon_core.verb:Building package 'rplidar_ros' with the following arguments: {'ament_cmake_args': None, 'build_base': '/home/frese/ros2_ws/build/rplidar_ros', 'catkin_cmake_args': None, 'catkin_skip_building_tests': False, 'cmake_args': None, 'cmake_clean_cache': False, 'cmake_clean_first': False, 'cmake_force_configure': False, 'cmake_target': None, 'cmake_target_skip_unavailable': False, 'install_base': '/home/frese/ros2_ws/install/rplidar_ros', 'merge_install': False, 'path': '/home/frese/ros2_ws/src/rplidar_ros2', 'symlink_install': False, 'test_result_base': None}
[1.836s] Level 5:colcon.colcon_core.verb:set package 'sllidar_ros2' build argument 'cmake_args' from command line to 'None'
[1.836s] Level 5:colcon.colcon_core.verb:set package 'sllidar_ros2' build argument 'cmake_target' from command line to 'None'
[1.836s] Level 5:colcon.colcon_core.verb:set package 'sllidar_ros2' build argument 'cmake_target_skip_unavailable' from command line to 'False'
[1.836s] Level 5:colcon.colcon_core.verb:set package 'sllidar_ros2' build argument 'cmake_clean_cache' from command line to 'False'
[1.836s] Level 5:colcon.colcon_core.verb:set package 'sllidar_ros2' build argument 'cmake_clean_first' from command line to 'False'
[1.836s] Level 5:colcon.colcon_core.verb:set package 'sllidar_ros2' build argument 'cmake_force_configure' from command line to 'False'
[1.836s] Level 5:colcon.colcon_core.verb:set package 'sllidar_ros2' build argument 'ament_cmake_args' from command line to 'None'
[1.836s] Level 5:colcon.colcon_core.verb:set package 'sllidar_ros2' build argument 'catkin_cmake_args' from command line to 'None'
[1.836s] Level 5:colcon.colcon_core.verb:set package 'sllidar_ros2' build argument 'catkin_skip_building_tests' from command line to 'False'
[1.836s] DEBUG:colcon.colcon_core.verb:Building package 'sllidar_ros2' with the following arguments: {'ament_cmake_args': None, 'build_base': '/home/frese/ros2_ws/build/sllidar_ros2', 'catkin_cmake_args': None, 'catkin_skip_building_tests': False, 'cmake_args': None, 'cmake_clean_cache': False, 'cmake_clean_first': False, 'cmake_force_configure': False, 'cmake_target': None, 'cmake_target_skip_unavailable': False, 'install_base': '/home/frese/ros2_ws/install/sllidar_ros2', 'merge_install': False, 'path': '/home/frese/ros2_ws/src/sllidar_ros2', 'symlink_install': False, 'test_result_base': None}
[1.855s] Level 5:colcon.colcon_core.verb:set package 'ros2_laser_scan_matcher' build argument 'cmake_args' from command line to 'None'
[1.855s] Level 5:colcon.colcon_core.verb:set package 'ros2_laser_scan_matcher' build argument 'cmake_target' from command line to 'None'
[1.856s] Level 5:colcon.colcon_core.verb:set package 'ros2_laser_scan_matcher' build argument 'cmake_target_skip_unavailable' from command line to 'False'
[1.856s] Level 5:colcon.colcon_core.verb:set package 'ros2_laser_scan_matcher' build argument 'cmake_clean_cache' from command line to 'False'
[1.856s] Level 5:colcon.colcon_core.verb:set package 'ros2_laser_scan_matcher' build argument 'cmake_clean_first' from command line to 'False'
[1.856s] Level 5:colcon.colcon_core.verb:set package 'ros2_laser_scan_matcher' build argument 'cmake_force_configure' from command line to 'False'
[1.856s] Level 5:colcon.colcon_core.verb:set package 'ros2_laser_scan_matcher' build argument 'ament_cmake_args' from command line to 'None'
[1.856s] Level 5:colcon.colcon_core.verb:set package 'ros2_laser_scan_matcher' build argument 'catkin_cmake_args' from command line to 'None'
[1.856s] Level 5:colcon.colcon_core.verb:set package 'ros2_laser_scan_matcher' build argument 'catkin_skip_building_tests' from command line to 'False'
[1.856s] DEBUG:colcon.colcon_core.verb:Building package 'ros2_laser_scan_matcher' with the following arguments: {'ament_cmake_args': None, 'build_base': '/home/frese/ros2_ws/build/ros2_laser_scan_matcher', 'catkin_cmake_args': None, 'catkin_skip_building_tests': False, 'cmake_args': None, 'cmake_clean_cache': False, 'cmake_clean_first': False, 'cmake_force_configure': False, 'cmake_target': None, 'cmake_target_skip_unavailable': False, 'install_base': '/home/frese/ros2_ws/install/ros2_laser_scan_matcher', 'merge_install': False, 'path': '/home/frese/ros2_ws/src/ros2_laser_scan_matcher', 'symlink_install': False, 'test_result_base': None}
[1.873s] INFO:colcon.colcon_core.executor:Executing jobs using 'parallel' executor
[1.894s] DEBUG:colcon.colcon_parallel_executor.executor.parallel:run_until_complete
[1.894s] INFO:colcon.colcon_ros.task.ament_cmake.build:Building ROS package in '/home/frese/ros2_ws/src/csm' with build type 'ament_cmake'
[1.894s] INFO:colcon.colcon_cmake.task.cmake.build:Building CMake package in '/home/frese/ros2_ws/src/csm'
[1.916s] INFO:colcon.colcon_core.plugin_system:Skipping extension 'colcon_core.shell.bat': Not used on non-Windows systems
[1.916s] INFO:colcon.colcon_core.shell:Skip shell extension 'powershell' for command environment: Not usable outside of PowerShell
[1.916s] DEBUG:colcon.colcon_core.shell:Skip shell extension 'dsv' for command environment
[1.982s] INFO:colcon.colcon_ros.task.ament_cmake.build:Building ROS package in '/home/frese/ros2_ws/src/kinect_ros2' with build type 'ament_cmake'
[1.982s] INFO:colcon.colcon_cmake.task.cmake.build:Building CMake package in '/home/frese/ros2_ws/src/kinect_ros2'
[2.005s] INFO:colcon.colcon_core.shell:Skip shell extension 'powershell' for command environment: Not usable outside of PowerShell
[2.005s] DEBUG:colcon.colcon_core.shell:Skip shell extension 'dsv' for command environment
[2.072s] INFO:colcon.colcon_ros.task.ament_cmake.build:Building ROS package in '/home/frese/ros2_ws/src/rplidar_ros2' with build type 'ament_cmake'
[2.072s] INFO:colcon.colcon_cmake.task.cmake.build:Building CMake package in '/home/frese/ros2_ws/src/rplidar_ros2'
[2.091s] INFO:colcon.colcon_core.shell:Skip shell extension 'powershell' for command environment: Not usable outside of PowerShell
[2.091s] DEBUG:colcon.colcon_core.shell:Skip shell extension 'dsv' for command environment
[2.161s] INFO:colcon.colcon_ros.task.ament_cmake.build:Building ROS package in '/home/frese/ros2_ws/src/sllidar_ros2' with build type 'ament_cmake'
[2.161s] INFO:colcon.colcon_cmake.task.cmake.build:Building CMake package in '/home/frese/ros2_ws/src/sllidar_ros2'
[2.183s] INFO:colcon.colcon_core.shell:Skip shell extension 'powershell' for command environment: Not usable outside of PowerShell
[2.183s] DEBUG:colcon.colcon_core.shell:Skip shell extension 'dsv' for command environment
[2.262s] DEBUG:colcon.colcon_core.event_handler.log_command:Invoking command in '/home/frese/ros2_ws/build/csm': CMAKE_PREFIX_PATH=${CMAKE_PREFIX_PATH}:/home/frese/ros2_ws/install/launch_testing_examples:/home/frese/ros2_ws/install/examples_rclpy_pointcloud_publisher:/home/frese/ros2_ws/install/examples_rclpy_minimal_subscriber:/home/frese/ros2_ws/install/examples_rclpy_minimal_service:/home/frese/ros2_ws/install/examples_rclpy_minimal_publisher:/home/frese/ros2_ws/install/examples_rclpy_minimal_client:/home/frese/ros2_ws/install/examples_rclpy_minimal_action_server:/home/frese/ros2_ws/install/examples_rclpy_minimal_action_client:/home/frese/ros2_ws/install/examples_rclpy_guard_conditions:/home/frese/ros2_ws/install/examples_rclpy_executors:/home/frese/ros2_ws/install/examples_rclcpp_multithreaded_executor:/home/frese/ros2_ws/install/examples_rclcpp_minimal_timer:/home/frese/ros2_ws/install/examples_rclcpp_minimal_service:/home/frese/ros2_ws/install/examples_rclcpp_minimal_client:/home/frese/ros2_ws/install/examples_rclcpp_minimal_action_server:/home/frese/ros2_ws/install/examples_rclcpp_async_client:/opt/ros/humble /usr/bin/cmake /home/frese/ros2_ws/src/csm -DCMAKE_INSTALL_PREFIX=/home/frese/ros2_ws/install/csm
[2.267s] DEBUG:colcon.colcon_core.event_handler.log_command:Invoking command in '/home/frese/ros2_ws/build/kinect_ros2': CMAKE_PREFIX_PATH=${CMAKE_PREFIX_PATH}:/home/frese/ros2_ws/install/launch_testing_examples:/home/frese/ros2_ws/install/examples_rclpy_pointcloud_publisher:/home/frese/ros2_ws/install/examples_rclpy_minimal_subscriber:/home/frese/ros2_ws/install/examples_rclpy_minimal_service:/home/frese/ros2_ws/install/examples_rclpy_minimal_publisher:/home/frese/ros2_ws/install/examples_rclpy_minimal_client:/home/frese/ros2_ws/install/examples_rclpy_minimal_action_server:/home/frese/ros2_ws/install/examples_rclpy_minimal_action_client:/home/frese/ros2_ws/install/examples_rclpy_guard_conditions:/home/frese/ros2_ws/install/examples_rclpy_executors:/home/frese/ros2_ws/install/examples_rclcpp_multithreaded_executor:/home/frese/ros2_ws/install/examples_rclcpp_minimal_timer:/home/frese/ros2_ws/install/examples_rclcpp_minimal_service:/home/frese/ros2_ws/install/examples_rclcpp_minimal_client:/home/frese/ros2_ws/install/examples_rclcpp_minimal_action_server:/home/frese/ros2_ws/install/examples_rclcpp_async_client:/opt/ros/humble /usr/bin/cmake /home/frese/ros2_ws/src/kinect_ros2 -DCMAKE_INSTALL_PREFIX=/home/frese/ros2_ws/install/kinect_ros2
[2.272s] DEBUG:colcon.colcon_core.event_handler.log_command:Invoking command in '/home/frese/ros2_ws/build/rplidar_ros': CMAKE_PREFIX_PATH=${CMAKE_PREFIX_PATH}:/home/frese/ros2_ws/install/launch_testing_examples:/home/frese/ros2_ws/install/examples_rclpy_pointcloud_publisher:/home/frese/ros2_ws/install/examples_rclpy_minimal_subscriber:/home/frese/ros2_ws/install/examples_rclpy_minimal_service:/home/frese/ros2_ws/install/examples_rclpy_minimal_publisher:/home/frese/ros2_ws/install/examples_rclpy_minimal_client:/home/frese/ros2_ws/install/examples_rclpy_minimal_action_server:/home/frese/ros2_ws/install/examples_rclpy_minimal_action_client:/home/frese/ros2_ws/install/examples_rclpy_guard_conditions:/home/frese/ros2_ws/install/examples_rclpy_executors:/home/frese/ros2_ws/install/examples_rclcpp_multithreaded_executor:/home/frese/ros2_ws/install/examples_rclcpp_minimal_timer:/home/frese/ros2_ws/install/examples_rclcpp_minimal_service:/home/frese/ros2_ws/install/examples_rclcpp_minimal_client:/home/frese/ros2_ws/install/examples_rclcpp_minimal_action_server:/home/frese/ros2_ws/install/examples_rclcpp_async_client:/opt/ros/humble /usr/bin/cmake /home/frese/ros2_ws/src/rplidar_ros2 -DCMAKE_INSTALL_PREFIX=/home/frese/ros2_ws/install/rplidar_ros
[2.283s] DEBUG:colcon.colcon_core.event_handler.log_command:Invoking command in '/home/frese/ros2_ws/build/sllidar_ros2': CMAKE_PREFIX_PATH=${CMAKE_PREFIX_PATH}:/home/frese/ros2_ws/install/launch_testing_examples:/home/frese/ros2_ws/install/examples_rclpy_pointcloud_publisher:/home/frese/ros2_ws/install/examples_rclpy_minimal_subscriber:/home/frese/ros2_ws/install/examples_rclpy_minimal_service:/home/frese/ros2_ws/install/examples_rclpy_minimal_publisher:/home/frese/ros2_ws/install/examples_rclpy_minimal_client:/home/frese/ros2_ws/install/examples_rclpy_minimal_action_server:/home/frese/ros2_ws/install/examples_rclpy_minimal_action_client:/home/frese/ros2_ws/install/examples_rclpy_guard_conditions:/home/frese/ros2_ws/install/examples_rclpy_executors:/home/frese/ros2_ws/install/examples_rclcpp_multithreaded_executor:/home/frese/ros2_ws/install/examples_rclcpp_minimal_timer:/home/frese/ros2_ws/install/examples_rclcpp_minimal_service:/home/frese/ros2_ws/install/examples_rclcpp_minimal_client:/home/frese/ros2_ws/install/examples_rclcpp_minimal_action_server:/home/frese/ros2_ws/install/examples_rclcpp_async_client:/opt/ros/humble /usr/bin/cmake /home/frese/ros2_ws/src/sllidar_ros2 -DCMAKE_INSTALL_PREFIX=/home/frese/ros2_ws/install/sllidar_ros2
[3.377s] DEBUG:colcon.colcon_core.event_handler.log_command:Invoked command in '/home/frese/ros2_ws/build/csm' returned '0': CMAKE_PREFIX_PATH=${CMAKE_PREFIX_PATH}:/home/frese/ros2_ws/install/launch_testing_examples:/home/frese/ros2_ws/install/examples_rclpy_pointcloud_publisher:/home/frese/ros2_ws/install/examples_rclpy_minimal_subscriber:/home/frese/ros2_ws/install/examples_rclpy_minimal_service:/home/frese/ros2_ws/install/examples_rclpy_minimal_publisher:/home/frese/ros2_ws/install/examples_rclpy_minimal_client:/home/frese/ros2_ws/install/examples_rclpy_minimal_action_server:/home/frese/ros2_ws/install/examples_rclpy_minimal_action_client:/home/frese/ros2_ws/install/examples_rclpy_guard_conditions:/home/frese/ros2_ws/install/examples_rclpy_executors:/home/frese/ros2_ws/install/examples_rclcpp_multithreaded_executor:/home/frese/ros2_ws/install/examples_rclcpp_minimal_timer:/home/frese/ros2_ws/install/examples_rclcpp_minimal_service:/home/frese/ros2_ws/install/examples_rclcpp_minimal_client:/home/frese/ros2_ws/install/examples_rclcpp_minimal_action_server:/home/frese/ros2_ws/install/examples_rclcpp_async_client:/opt/ros/humble /usr/bin/cmake /home/frese/ros2_ws/src/csm -DCMAKE_INSTALL_PREFIX=/home/frese/ros2_ws/install/csm
[3.383s] DEBUG:colcon.colcon_core.event_handler.log_command:Invoking command in '/home/frese/ros2_ws/build/csm': CMAKE_PREFIX_PATH=${CMAKE_PREFIX_PATH}:/home/frese/ros2_ws/install/launch_testing_examples:/home/frese/ros2_ws/install/examples_rclpy_pointcloud_publisher:/home/frese/ros2_ws/install/examples_rclpy_minimal_subscriber:/home/frese/ros2_ws/install/examples_rclpy_minimal_service:/home/frese/ros2_ws/install/examples_rclpy_minimal_publisher:/home/frese/ros2_ws/install/examples_rclpy_minimal_client:/home/frese/ros2_ws/install/examples_rclpy_minimal_action_server:/home/frese/ros2_ws/install/examples_rclpy_minimal_action_client:/home/frese/ros2_ws/install/examples_rclpy_guard_conditions:/home/frese/ros2_ws/install/examples_rclpy_executors:/home/frese/ros2_ws/install/examples_rclcpp_multithreaded_executor:/home/frese/ros2_ws/install/examples_rclcpp_minimal_timer:/home/frese/ros2_ws/install/examples_rclcpp_minimal_service:/home/frese/ros2_ws/install/examples_rclcpp_minimal_client:/home/frese/ros2_ws/install/examples_rclcpp_minimal_action_server:/home/frese/ros2_ws/install/examples_rclcpp_async_client:/opt/ros/humble /usr/bin/cmake --build /home/frese/ros2_ws/build/csm -- -j26 -l26
[3.559s] DEBUG:colcon.colcon_core.event_handler.log_command:Invoked command in '/home/frese/ros2_ws/build/csm' returned '0': CMAKE_PREFIX_PATH=${CMAKE_PREFIX_PATH}:/home/frese/ros2_ws/install/launch_testing_examples:/home/frese/ros2_ws/install/examples_rclpy_pointcloud_publisher:/home/frese/ros2_ws/install/examples_rclpy_minimal_subscriber:/home/frese/ros2_ws/install/examples_rclpy_minimal_service:/home/frese/ros2_ws/install/examples_rclpy_minimal_publisher:/home/frese/ros2_ws/install/examples_rclpy_minimal_client:/home/frese/ros2_ws/install/examples_rclpy_minimal_action_server:/home/frese/ros2_ws/install/examples_rclpy_minimal_action_client:/home/frese/ros2_ws/install/examples_rclpy_guard_conditions:/home/frese/ros2_ws/install/examples_rclpy_executors:/home/frese/ros2_ws/install/examples_rclcpp_multithreaded_executor:/home/frese/ros2_ws/install/examples_rclcpp_minimal_timer:/home/frese/ros2_ws/install/examples_rclcpp_minimal_service:/home/frese/ros2_ws/install/examples_rclcpp_minimal_client:/home/frese/ros2_ws/install/examples_rclcpp_minimal_action_server:/home/frese/ros2_ws/install/examples_rclcpp_async_client:/opt/ros/humble /usr/bin/cmake --build /home/frese/ros2_ws/build/csm -- -j26 -l26
[3.631s] DEBUG:colcon.colcon_core.event_handler.log_command:Invoked command in '/home/frese/ros2_ws/build/sllidar_ros2' returned '0': CMAKE_PREFIX_PATH=${CMAKE_PREFIX_PATH}:/home/frese/ros2_ws/install/launch_testing_examples:/home/frese/ros2_ws/install/examples_rclpy_pointcloud_publisher:/home/frese/ros2_ws/install/examples_rclpy_minimal_subscriber:/home/frese/ros2_ws/install/examples_rclpy_minimal_service:/home/frese/ros2_ws/install/examples_rclpy_minimal_publisher:/home/frese/ros2_ws/install/examples_rclpy_minimal_client:/home/frese/ros2_ws/install/examples_rclpy_minimal_action_server:/home/frese/ros2_ws/install/examples_rclpy_minimal_action_client:/home/frese/ros2_ws/install/examples_rclpy_guard_conditions:/home/frese/ros2_ws/install/examples_rclpy_executors:/home/frese/ros2_ws/install/examples_rclcpp_multithreaded_executor:/home/frese/ros2_ws/install/examples_rclcpp_minimal_timer:/home/frese/ros2_ws/install/examples_rclcpp_minimal_service:/home/frese/ros2_ws/install/examples_rclcpp_minimal_client:/home/frese/ros2_ws/install/examples_rclcpp_minimal_action_server:/home/frese/ros2_ws/install/examples_rclcpp_async_client:/opt/ros/humble /usr/bin/cmake /home/frese/ros2_ws/src/sllidar_ros2 -DCMAKE_INSTALL_PREFIX=/home/frese/ros2_ws/install/sllidar_ros2
[3.636s] DEBUG:colcon.colcon_core.event_handler.log_command:Invoking command in '/home/frese/ros2_ws/build/sllidar_ros2': CMAKE_PREFIX_PATH=${CMAKE_PREFIX_PATH}:/home/frese/ros2_ws/install/launch_testing_examples:/home/frese/ros2_ws/install/examples_rclpy_pointcloud_publisher:/home/frese/ros2_ws/install/examples_rclpy_minimal_subscriber:/home/frese/ros2_ws/install/examples_rclpy_minimal_service:/home/frese/ros2_ws/install/examples_rclpy_minimal_publisher:/home/frese/ros2_ws/install/examples_rclpy_minimal_client:/home/frese/ros2_ws/install/examples_rclpy_minimal_action_server:/home/frese/ros2_ws/install/examples_rclpy_minimal_action_client:/home/frese/ros2_ws/install/examples_rclpy_guard_conditions:/home/frese/ros2_ws/install/examples_rclpy_executors:/home/frese/ros2_ws/install/examples_rclcpp_multithreaded_executor:/home/frese/ros2_ws/install/examples_rclcpp_minimal_timer:/home/frese/ros2_ws/install/examples_rclcpp_minimal_service:/home/frese/ros2_ws/install/examples_rclcpp_minimal_client:/home/frese/ros2_ws/install/examples_rclcpp_minimal_action_server:/home/frese/ros2_ws/install/examples_rclcpp_async_client:/opt/ros/humble /usr/bin/cmake --build /home/frese/ros2_ws/build/sllidar_ros2 -- -j26 -l26
[3.680s] DEBUG:colcon.colcon_core.event_handler.log_command:Invoked command in '/home/frese/ros2_ws/build/rplidar_ros' returned '0': CMAKE_PREFIX_PATH=${CMAKE_PREFIX_PATH}:/home/frese/ros2_ws/install/launch_testing_examples:/home/frese/ros2_ws/install/examples_rclpy_pointcloud_publisher:/home/frese/ros2_ws/install/examples_rclpy_minimal_subscriber:/home/frese/ros2_ws/install/examples_rclpy_minimal_service:/home/frese/ros2_ws/install/examples_rclpy_minimal_publisher:/home/frese/ros2_ws/install/examples_rclpy_minimal_client:/home/frese/ros2_ws/install/examples_rclpy_minimal_action_server:/home/frese/ros2_ws/install/examples_rclpy_minimal_action_client:/home/frese/ros2_ws/install/examples_rclpy_guard_conditions:/home/frese/ros2_ws/install/examples_rclpy_executors:/home/frese/ros2_ws/install/examples_rclcpp_multithreaded_executor:/home/frese/ros2_ws/install/examples_rclcpp_minimal_timer:/home/frese/ros2_ws/install/examples_rclcpp_minimal_service:/home/frese/ros2_ws/install/examples_rclcpp_minimal_client:/home/frese/ros2_ws/install/examples_rclcpp_minimal_action_server:/home/frese/ros2_ws/install/examples_rclcpp_async_client:/opt/ros/humble /usr/bin/cmake /home/frese/ros2_ws/src/rplidar_ros2 -DCMAKE_INSTALL_PREFIX=/home/frese/ros2_ws/install/rplidar_ros
[3.684s] DEBUG:colcon.colcon_core.event_handler.log_command:Invoking command in '/home/frese/ros2_ws/build/rplidar_ros': CMAKE_PREFIX_PATH=${CMAKE_PREFIX_PATH}:/home/frese/ros2_ws/install/launch_testing_examples:/home/frese/ros2_ws/install/examples_rclpy_pointcloud_publisher:/home/frese/ros2_ws/install/examples_rclpy_minimal_subscriber:/home/frese/ros2_ws/install/examples_rclpy_minimal_service:/home/frese/ros2_ws/install/examples_rclpy_minimal_publisher:/home/frese/ros2_ws/install/examples_rclpy_minimal_client:/home/frese/ros2_ws/install/examples_rclpy_minimal_action_server:/home/frese/ros2_ws/install/examples_rclpy_minimal_action_client:/home/frese/ros2_ws/install/examples_rclpy_guard_conditions:/home/frese/ros2_ws/install/examples_rclpy_executors:/home/frese/ros2_ws/install/examples_rclcpp_multithreaded_executor:/home/frese/ros2_ws/install/examples_rclcpp_minimal_timer:/home/frese/ros2_ws/install/examples_rclcpp_minimal_service:/home/frese/ros2_ws/install/examples_rclcpp_minimal_client:/home/frese/ros2_ws/install/examples_rclcpp_minimal_action_server:/home/frese/ros2_ws/install/examples_rclcpp_async_client:/opt/ros/humble /usr/bin/cmake --build /home/frese/ros2_ws/build/rplidar_ros -- -j26 -l26
[3.766s] DEBUG:colcon.colcon_core.event_handler.log_command:Invoking command in '/home/frese/ros2_ws/build/csm': CMAKE_PREFIX_PATH=${CMAKE_PREFIX_PATH}:/home/frese/ros2_ws/install/launch_testing_examples:/home/frese/ros2_ws/install/examples_rclpy_pointcloud_publisher:/home/frese/ros2_ws/install/examples_rclpy_minimal_subscriber:/home/frese/ros2_ws/install/examples_rclpy_minimal_service:/home/frese/ros2_ws/install/examples_rclpy_minimal_publisher:/home/frese/ros2_ws/install/examples_rclpy_minimal_client:/home/frese/ros2_ws/install/examples_rclpy_minimal_action_server:/home/frese/ros2_ws/install/examples_rclpy_minimal_action_client:/home/frese/ros2_ws/install/examples_rclpy_guard_conditions:/home/frese/ros2_ws/install/examples_rclpy_executors:/home/frese/ros2_ws/install/examples_rclcpp_multithreaded_executor:/home/frese/ros2_ws/install/examples_rclcpp_minimal_timer:/home/frese/ros2_ws/install/examples_rclcpp_minimal_service:/home/frese/ros2_ws/install/examples_rclcpp_minimal_client:/home/frese/ros2_ws/install/examples_rclcpp_minimal_action_server:/home/frese/ros2_ws/install/examples_rclcpp_async_client:/opt/ros/humble /usr/bin/cmake --install /home/frese/ros2_ws/build/csm
[3.803s] DEBUG:colcon.colcon_core.event_handler.log_command:Invoked command in '/home/frese/ros2_ws/build/sllidar_ros2' returned '0': CMAKE_PREFIX_PATH=${CMAKE_PREFIX_PATH}:/home/frese/ros2_ws/install/launch_testing_examples:/home/frese/ros2_ws/install/examples_rclpy_pointcloud_publisher:/home/frese/ros2_ws/install/examples_rclpy_minimal_subscriber:/home/frese/ros2_ws/install/examples_rclpy_minimal_service:/home/frese/ros2_ws/install/examples_rclpy_minimal_publisher:/home/frese/ros2_ws/install/examples_rclpy_minimal_client:/home/frese/ros2_ws/install/examples_rclpy_minimal_action_server:/home/frese/ros2_ws/install/examples_rclpy_minimal_action_client:/home/frese/ros2_ws/install/examples_rclpy_guard_conditions:/home/frese/ros2_ws/install/examples_rclpy_executors:/home/frese/ros2_ws/install/examples_rclcpp_multithreaded_executor:/home/frese/ros2_ws/install/examples_rclcpp_minimal_timer:/home/frese/ros2_ws/install/examples_rclcpp_minimal_service:/home/frese/ros2_ws/install/examples_rclcpp_minimal_client:/home/frese/ros2_ws/install/examples_rclcpp_minimal_action_server:/home/frese/ros2_ws/install/examples_rclcpp_async_client:/opt/ros/humble /usr/bin/cmake --build /home/frese/ros2_ws/build/sllidar_ros2 -- -j26 -l26
[3.816s] Level 1:colcon.colcon_core.environment:create_environment_scripts_only(csm)
[3.818s] DEBUG:colcon.colcon_core.event_handler.log_command:Invoked command in '/home/frese/ros2_ws/build/csm' returned '0': CMAKE_PREFIX_PATH=${CMAKE_PREFIX_PATH}:/home/frese/ros2_ws/install/launch_testing_examples:/home/frese/ros2_ws/install/examples_rclpy_pointcloud_publisher:/home/frese/ros2_ws/install/examples_rclpy_minimal_subscriber:/home/frese/ros2_ws/install/examples_rclpy_minimal_service:/home/frese/ros2_ws/install/examples_rclpy_minimal_publisher:/home/frese/ros2_ws/install/examples_rclpy_minimal_client:/home/frese/ros2_ws/install/examples_rclpy_minimal_action_server:/home/frese/ros2_ws/install/examples_rclpy_minimal_action_client:/home/frese/ros2_ws/install/examples_rclpy_guard_conditions:/home/frese/ros2_ws/install/examples_rclpy_executors:/home/frese/ros2_ws/install/examples_rclcpp_multithreaded_executor:/home/frese/ros2_ws/install/examples_rclcpp_minimal_timer:/home/frese/ros2_ws/install/examples_rclcpp_minimal_service:/home/frese/ros2_ws/install/examples_rclcpp_minimal_client:/home/frese/ros2_ws/install/examples_rclcpp_minimal_action_server:/home/frese/ros2_ws/install/examples_rclcpp_async_client:/opt/ros/humble /usr/bin/cmake --install /home/frese/ros2_ws/build/csm
[3.848s] Level 1:colcon.colcon_core.environment:checking '/home/frese/ros2_ws/install/csm' for CMake module files
[3.849s] Level 1:colcon.colcon_core.environment:checking '/home/frese/ros2_ws/install/csm' for CMake config files
[3.850s] Level 1:colcon.colcon_core.shell:create_environment_hook('csm', 'cmake_prefix_path')
[3.882s] INFO:colcon.colcon_core.shell:Creating environment hook '/home/frese/ros2_ws/install/csm/share/csm/hook/cmake_prefix_path.ps1'
[3.884s] INFO:colcon.colcon_core.shell:Creating environment descriptor '/home/frese/ros2_ws/install/csm/share/csm/hook/cmake_prefix_path.dsv'
[3.885s] INFO:colcon.colcon_core.shell:Creating environment hook '/home/frese/ros2_ws/install/csm/share/csm/hook/cmake_prefix_path.sh'
[3.886s] Level 1:colcon.colcon_core.environment:checking '/home/frese/ros2_ws/install/csm/lib'
[3.886s] Level 1:colcon.colcon_core.shell:create_environment_hook('csm', 'ld_library_path_lib')
[3.912s] INFO:colcon.colcon_core.shell:Creating environment hook '/home/frese/ros2_ws/install/csm/share/csm/hook/ld_library_path_lib.ps1'
[3.913s] INFO:colcon.colcon_core.shell:Creating environment descriptor '/home/frese/ros2_ws/install/csm/share/csm/hook/ld_library_path_lib.dsv'
[3.913s] INFO:colcon.colcon_core.shell:Creating environment hook '/home/frese/ros2_ws/install/csm/share/csm/hook/ld_library_path_lib.sh'
[3.914s] Level 1:colcon.colcon_core.environment:checking '/home/frese/ros2_ws/install/csm/bin'
[3.914s] Level 1:colcon.colcon_core.environment:checking '/home/frese/ros2_ws/install/csm/lib/pkgconfig/csm.pc'
[3.914s] Level 1:colcon.colcon_core.environment:checking '/home/frese/ros2_ws/install/csm/lib/python3.10/site-packages'
[3.914s] Level 1:colcon.colcon_core.environment:checking '/home/frese/ros2_ws/install/csm/bin'
[3.936s] INFO:colcon.colcon_core.shell:Creating package script '/home/frese/ros2_ws/install/csm/share/csm/package.ps1'
[3.937s] INFO:colcon.colcon_core.shell:Creating package descriptor '/home/frese/ros2_ws/install/csm/share/csm/package.dsv'
[3.938s] INFO:colcon.colcon_core.shell:Creating package script '/home/frese/ros2_ws/install/csm/share/csm/package.sh'
[3.940s] INFO:colcon.colcon_core.shell:Creating package script '/home/frese/ros2_ws/install/csm/share/csm/package.bash'
[3.941s] INFO:colcon.colcon_core.shell:Creating package script '/home/frese/ros2_ws/install/csm/share/csm/package.zsh'
[3.942s] Level 1:colcon.colcon_core.environment:create_file_with_runtime_dependencies(/home/frese/ros2_ws/install/csm/share/colcon-core/packages/csm)
[3.950s] DEBUG:colcon.colcon_core.event_handler.log_command:Invoking command in '/home/frese/ros2_ws/build/sllidar_ros2': CMAKE_PREFIX_PATH=${CMAKE_PREFIX_PATH}:/home/frese/ros2_ws/install/launch_testing_examples:/home/frese/ros2_ws/install/examples_rclpy_pointcloud_publisher:/home/frese/ros2_ws/install/examples_rclpy_minimal_subscriber:/home/frese/ros2_ws/install/examples_rclpy_minimal_service:/home/frese/ros2_ws/install/examples_rclpy_minimal_publisher:/home/frese/ros2_ws/install/examples_rclpy_minimal_client:/home/frese/ros2_ws/install/examples_rclpy_minimal_action_server:/home/frese/ros2_ws/install/examples_rclpy_minimal_action_client:/home/frese/ros2_ws/install/examples_rclpy_guard_conditions:/home/frese/ros2_ws/install/examples_rclpy_executors:/home/frese/ros2_ws/install/examples_rclcpp_multithreaded_executor:/home/frese/ros2_ws/install/examples_rclcpp_minimal_timer:/home/frese/ros2_ws/install/examples_rclcpp_minimal_service:/home/frese/ros2_ws/install/examples_rclcpp_minimal_client:/home/frese/ros2_ws/install/examples_rclcpp_minimal_action_server:/home/frese/ros2_ws/install/examples_rclcpp_async_client:/opt/ros/humble /usr/bin/cmake --install /home/frese/ros2_ws/build/sllidar_ros2
[3.953s] DEBUG:colcon.colcon_core.event_handler.log_command:Invoked command in '/home/frese/ros2_ws/build/rplidar_ros' returned '0': CMAKE_PREFIX_PATH=${CMAKE_PREFIX_PATH}:/home/frese/ros2_ws/install/launch_testing_examples:/home/frese/ros2_ws/install/examples_rclpy_pointcloud_publisher:/home/frese/ros2_ws/install/examples_rclpy_minimal_subscriber:/home/frese/ros2_ws/install/examples_rclpy_minimal_service:/home/frese/ros2_ws/install/examples_rclpy_minimal_publisher:/home/frese/ros2_ws/install/examples_rclpy_minimal_client:/home/frese/ros2_ws/install/examples_rclpy_minimal_action_server:/home/frese/ros2_ws/install/examples_rclpy_minimal_action_client:/home/frese/ros2_ws/install/examples_rclpy_guard_conditions:/home/frese/ros2_ws/install/examples_rclpy_executors:/home/frese/ros2_ws/install/examples_rclcpp_multithreaded_executor:/home/frese/ros2_ws/install/examples_rclcpp_minimal_timer:/home/frese/ros2_ws/install/examples_rclcpp_minimal_service:/home/frese/ros2_ws/install/examples_rclcpp_minimal_client:/home/frese/ros2_ws/install/examples_rclcpp_minimal_action_server:/home/frese/ros2_ws/install/examples_rclcpp_async_client:/opt/ros/humble /usr/bin/cmake --build /home/frese/ros2_ws/build/rplidar_ros -- -j26 -l26
[3.988s] Level 1:colcon.colcon_core.environment:create_environment_scripts_only(sllidar_ros2)
[3.990s] DEBUG:colcon.colcon_core.event_handler.log_command:Invoked command in '/home/frese/ros2_ws/build/sllidar_ros2' returned '0': CMAKE_PREFIX_PATH=${CMAKE_PREFIX_PATH}:/home/frese/ros2_ws/install/launch_testing_examples:/home/frese/ros2_ws/install/examples_rclpy_pointcloud_publisher:/home/frese/ros2_ws/install/examples_rclpy_minimal_subscriber:/home/frese/ros2_ws/install/examples_rclpy_minimal_service:/home/frese/ros2_ws/install/examples_rclpy_minimal_publisher:/home/frese/ros2_ws/install/examples_rclpy_minimal_client:/home/frese/ros2_ws/install/examples_rclpy_minimal_action_server:/home/frese/ros2_ws/install/examples_rclpy_minimal_action_client:/home/frese/ros2_ws/install/examples_rclpy_guard_conditions:/home/frese/ros2_ws/install/examples_rclpy_executors:/home/frese/ros2_ws/install/examples_rclcpp_multithreaded_executor:/home/frese/ros2_ws/install/examples_rclcpp_minimal_timer:/home/frese/ros2_ws/install/examples_rclcpp_minimal_service:/home/frese/ros2_ws/install/examples_rclcpp_minimal_client:/home/frese/ros2_ws/install/examples_rclcpp_minimal_action_server:/home/frese/ros2_ws/install/examples_rclcpp_async_client:/opt/ros/humble /usr/bin/cmake --install /home/frese/ros2_ws/build/sllidar_ros2
[4.031s] Level 1:colcon.colcon_core.environment:checking '/home/frese/ros2_ws/install/sllidar_ros2' for CMake module files
[4.032s] Level 1:colcon.colcon_core.environment:checking '/home/frese/ros2_ws/install/sllidar_ros2' for CMake config files
[4.032s] Level 1:colcon.colcon_core.shell:create_environment_hook('sllidar_ros2', 'cmake_prefix_path')
[4.070s] INFO:colcon.colcon_core.shell:Creating environment hook '/home/frese/ros2_ws/install/sllidar_ros2/share/sllidar_ros2/hook/cmake_prefix_path.ps1'
[4.071s] INFO:colcon.colcon_core.shell:Creating environment descriptor '/home/frese/ros2_ws/install/sllidar_ros2/share/sllidar_ros2/hook/cmake_prefix_path.dsv'
[4.072s] INFO:colcon.colcon_core.shell:Creating environment hook '/home/frese/ros2_ws/install/sllidar_ros2/share/sllidar_ros2/hook/cmake_prefix_path.sh'
[4.073s] Level 1:colcon.colcon_core.environment:checking '/home/frese/ros2_ws/install/sllidar_ros2/lib'
[4.073s] Level 1:colcon.colcon_core.environment:checking '/home/frese/ros2_ws/install/sllidar_ros2/bin'
[4.073s] Level 1:colcon.colcon_core.environment:checking '/home/frese/ros2_ws/install/sllidar_ros2/lib/pkgconfig/sllidar_ros2.pc'
[4.073s] Level 1:colcon.colcon_core.environment:checking '/home/frese/ros2_ws/install/sllidar_ros2/lib/python3.10/site-packages'
[4.074s] Level 1:colcon.colcon_core.environment:checking '/home/frese/ros2_ws/install/sllidar_ros2/bin'
[4.100s] INFO:colcon.colcon_core.shell:Creating package script '/home/frese/ros2_ws/install/sllidar_ros2/share/sllidar_ros2/package.ps1'
[4.101s] INFO:colcon.colcon_core.shell:Creating package descriptor '/home/frese/ros2_ws/install/sllidar_ros2/share/sllidar_ros2/package.dsv'
[4.101s] INFO:colcon.colcon_core.shell:Creating package script '/home/frese/ros2_ws/install/sllidar_ros2/share/sllidar_ros2/package.sh'
[4.102s] INFO:colcon.colcon_core.shell:Creating package script '/home/frese/ros2_ws/install/sllidar_ros2/share/sllidar_ros2/package.bash'
[4.102s] INFO:colcon.colcon_core.shell:Creating package script '/home/frese/ros2_ws/install/sllidar_ros2/share/sllidar_ros2/package.zsh'
[4.102s] Level 1:colcon.colcon_core.environment:create_file_with_runtime_dependencies(/home/frese/ros2_ws/install/sllidar_ros2/share/colcon-core/packages/sllidar_ros2)
[4.108s] DEBUG:colcon.colcon_core.event_handler.log_command:Invoking command in '/home/frese/ros2_ws/build/rplidar_ros': CMAKE_PREFIX_PATH=${CMAKE_PREFIX_PATH}:/home/frese/ros2_ws/install/launch_testing_examples:/home/frese/ros2_ws/install/examples_rclpy_pointcloud_publisher:/home/frese/ros2_ws/install/examples_rclpy_minimal_subscriber:/home/frese/ros2_ws/install/examples_rclpy_minimal_service:/home/frese/ros2_ws/install/examples_rclpy_minimal_publisher:/home/frese/ros2_ws/install/examples_rclpy_minimal_client:/home/frese/ros2_ws/install/examples_rclpy_minimal_action_server:/home/frese/ros2_ws/install/examples_rclpy_minimal_action_client:/home/frese/ros2_ws/install/examples_rclpy_guard_conditions:/home/frese/ros2_ws/install/examples_rclpy_executors:/home/frese/ros2_ws/install/examples_rclcpp_multithreaded_executor:/home/frese/ros2_ws/install/examples_rclcpp_minimal_timer:/home/frese/ros2_ws/install/examples_rclcpp_minimal_service:/home/frese/ros2_ws/install/examples_rclcpp_minimal_client:/home/frese/ros2_ws/install/examples_rclcpp_minimal_action_server:/home/frese/ros2_ws/install/examples_rclcpp_async_client:/opt/ros/humble /usr/bin/cmake --install /home/frese/ros2_ws/build/rplidar_ros
[4.188s] Level 1:colcon.colcon_core.environment:create_environment_scripts_only(csm)
[4.215s] Level 1:colcon.colcon_core.environment:checking '/home/frese/ros2_ws/install/csm' for CMake module files
[4.217s] Level 1:colcon.colcon_core.environment:checking '/home/frese/ros2_ws/install/csm' for CMake config files
[4.218s] Level 1:colcon.colcon_core.shell:create_environment_hook('csm', 'cmake_prefix_path')
[4.245s] INFO:colcon.colcon_core.shell:Creating environment hook '/home/frese/ros2_ws/install/csm/share/csm/hook/cmake_prefix_path.ps1'
[4.246s] INFO:colcon.colcon_core.shell:Creating environment descriptor '/home/frese/ros2_ws/install/csm/share/csm/hook/cmake_prefix_path.dsv'
[4.246s] INFO:colcon.colcon_core.shell:Creating environment hook '/home/frese/ros2_ws/install/csm/share/csm/hook/cmake_prefix_path.sh'
[4.247s] Level 1:colcon.colcon_core.environment:checking '/home/frese/ros2_ws/install/csm/lib'
[4.248s] Level 1:colcon.colcon_core.shell:create_environment_hook('csm', 'ld_library_path_lib')
[4.271s] INFO:colcon.colcon_core.shell:Creating environment hook '/home/frese/ros2_ws/install/csm/share/csm/hook/ld_library_path_lib.ps1'
[4.272s] INFO:colcon.colcon_core.shell:Creating environment descriptor '/home/frese/ros2_ws/install/csm/share/csm/hook/ld_library_path_lib.dsv'
[4.272s] INFO:colcon.colcon_core.shell:Creating environment hook '/home/frese/ros2_ws/install/csm/share/csm/hook/ld_library_path_lib.sh'
[4.273s] Level 1:colcon.colcon_core.environment:checking '/home/frese/ros2_ws/install/csm/bin'
[4.273s] Level 1:colcon.colcon_core.environment:checking '/home/frese/ros2_ws/install/csm/lib/pkgconfig/csm.pc'
[4.273s] Level 1:colcon.colcon_core.environment:checking '/home/frese/ros2_ws/install/csm/lib/python3.10/site-packages'
[4.273s] Level 1:colcon.colcon_core.environment:checking '/home/frese/ros2_ws/install/csm/bin'
[4.291s] INFO:colcon.colcon_core.shell:Creating package script '/home/frese/ros2_ws/install/csm/share/csm/package.ps1'
[4.292s] INFO:colcon.colcon_core.shell:Creating package descriptor '/home/frese/ros2_ws/install/csm/share/csm/package.dsv'
[4.293s] INFO:colcon.colcon_core.shell:Creating package script '/home/frese/ros2_ws/install/csm/share/csm/package.sh'
[4.293s] INFO:colcon.colcon_core.shell:Creating package script '/home/frese/ros2_ws/install/csm/share/csm/package.bash'
[4.294s] INFO:colcon.colcon_core.shell:Creating package script '/home/frese/ros2_ws/install/csm/share/csm/package.zsh'
[4.294s] Level 1:colcon.colcon_core.environment:create_file_with_runtime_dependencies(/home/frese/ros2_ws/install/csm/share/colcon-core/packages/csm)
[4.296s] INFO:colcon.colcon_ros.task.ament_cmake.build:Building ROS package in '/home/frese/ros2_ws/src/ros2_laser_scan_matcher' with build type 'ament_cmake'
[4.296s] INFO:colcon.colcon_cmake.task.cmake.build:Building CMake package in '/home/frese/ros2_ws/src/ros2_laser_scan_matcher'
[4.318s] INFO:colcon.colcon_core.shell:Skip shell extension 'powershell' for command environment: Not usable outside of PowerShell
[4.319s] DEBUG:colcon.colcon_core.shell:Skip shell extension 'dsv' for command environment
[4.407s] Level 1:colcon.colcon_core.environment:create_environment_scripts_only(sllidar_ros2)
[4.429s] Level 1:colcon.colcon_core.environment:checking '/home/frese/ros2_ws/install/sllidar_ros2' for CMake module files
[4.430s] Level 1:colcon.colcon_core.environment:checking '/home/frese/ros2_ws/install/sllidar_ros2' for CMake config files
[4.431s] Level 1:colcon.colcon_core.shell:create_environment_hook('sllidar_ros2', 'cmake_prefix_path')
[4.461s] INFO:colcon.colcon_core.shell:Creating environment hook '/home/frese/ros2_ws/install/sllidar_ros2/share/sllidar_ros2/hook/cmake_prefix_path.ps1'
[4.462s] INFO:colcon.colcon_core.shell:Creating environment descriptor '/home/frese/ros2_ws/install/sllidar_ros2/share/sllidar_ros2/hook/cmake_prefix_path.dsv'
[4.462s] INFO:colcon.colcon_core.shell:Creating environment hook '/home/frese/ros2_ws/install/sllidar_ros2/share/sllidar_ros2/hook/cmake_prefix_path.sh'
[4.463s] Level 1:colcon.colcon_core.environment:checking '/home/frese/ros2_ws/install/sllidar_ros2/lib'
[4.463s] Level 1:colcon.colcon_core.environment:checking '/home/frese/ros2_ws/install/sllidar_ros2/bin'
[4.463s] Level 1:colcon.colcon_core.environment:checking '/home/frese/ros2_ws/install/sllidar_ros2/lib/pkgconfig/sllidar_ros2.pc'
[4.464s] Level 1:colcon.colcon_core.environment:checking '/home/frese/ros2_ws/install/sllidar_ros2/lib/python3.10/site-packages'
[4.464s] Level 1:colcon.colcon_core.environment:checking '/home/frese/ros2_ws/install/sllidar_ros2/bin'
[4.491s] INFO:colcon.colcon_core.shell:Creating package script '/home/frese/ros2_ws/install/sllidar_ros2/share/sllidar_ros2/package.ps1'
[4.491s] INFO:colcon.colcon_core.shell:Creating package descriptor '/home/frese/ros2_ws/install/sllidar_ros2/share/sllidar_ros2/package.dsv'
[4.492s] INFO:colcon.colcon_core.shell:Creating package script '/home/frese/ros2_ws/install/sllidar_ros2/share/sllidar_ros2/package.sh'
[4.492s] INFO:colcon.colcon_core.shell:Creating package script '/home/frese/ros2_ws/install/sllidar_ros2/share/sllidar_ros2/package.bash'
[4.493s] INFO:colcon.colcon_core.shell:Creating package script '/home/frese/ros2_ws/install/sllidar_ros2/share/sllidar_ros2/package.zsh'
[4.493s] Level 1:colcon.colcon_core.environment:create_file_with_runtime_dependencies(/home/frese/ros2_ws/install/sllidar_ros2/share/colcon-core/packages/sllidar_ros2)
[4.495s] Level 1:colcon.colcon_core.environment:create_environment_scripts_only(rplidar_ros)
[4.497s] DEBUG:colcon.colcon_core.event_handler.log_command:Invoked command in '/home/frese/ros2_ws/build/rplidar_ros' returned '0': CMAKE_PREFIX_PATH=${CMAKE_PREFIX_PATH}:/home/frese/ros2_ws/install/launch_testing_examples:/home/frese/ros2_ws/install/examples_rclpy_pointcloud_publisher:/home/frese/ros2_ws/install/examples_rclpy_minimal_subscriber:/home/frese/ros2_ws/install/examples_rclpy_minimal_service:/home/frese/ros2_ws/install/examples_rclpy_minimal_publisher:/home/frese/ros2_ws/install/examples_rclpy_minimal_client:/home/frese/ros2_ws/install/examples_rclpy_minimal_action_server:/home/frese/ros2_ws/install/examples_rclpy_minimal_action_client:/home/frese/ros2_ws/install/examples_rclpy_guard_conditions:/home/frese/ros2_ws/install/examples_rclpy_executors:/home/frese/ros2_ws/install/examples_rclcpp_multithreaded_executor:/home/frese/ros2_ws/install/examples_rclcpp_minimal_timer:/home/frese/ros2_ws/install/examples_rclcpp_minimal_service:/home/frese/ros2_ws/install/examples_rclcpp_minimal_client:/home/frese/ros2_ws/install/examples_rclcpp_minimal_action_server:/home/frese/ros2_ws/install/examples_rclcpp_async_client:/opt/ros/humble /usr/bin/cmake --install /home/frese/ros2_ws/build/rplidar_ros
[4.517s] Level 1:colcon.colcon_core.environment:checking '/home/frese/ros2_ws/install/rplidar_ros' for CMake module files
[4.518s] Level 1:colcon.colcon_core.environment:checking '/home/frese/ros2_ws/install/rplidar_ros' for CMake config files
[4.518s] Level 1:colcon.colcon_core.shell:create_environment_hook('rplidar_ros', 'cmake_prefix_path')
[4.538s] INFO:colcon.colcon_core.shell:Creating environment hook '/home/frese/ros2_ws/install/rplidar_ros/share/rplidar_ros/hook/cmake_prefix_path.ps1'
[4.539s] INFO:colcon.colcon_core.shell:Creating environment descriptor '/home/frese/ros2_ws/install/rplidar_ros/share/rplidar_ros/hook/cmake_prefix_path.dsv'
[4.539s] INFO:colcon.colcon_core.shell:Creating environment hook '/home/frese/ros2_ws/install/rplidar_ros/share/rplidar_ros/hook/cmake_prefix_path.sh'
[4.540s] Level 1:colcon.colcon_core.environment:checking '/home/frese/ros2_ws/install/rplidar_ros/lib'
[4.540s] Level 1:colcon.colcon_core.shell:create_environment_hook('rplidar_ros', 'ld_library_path_lib')
[4.559s] INFO:colcon.colcon_core.shell:Creating environment hook '/home/frese/ros2_ws/install/rplidar_ros/share/rplidar_ros/hook/ld_library_path_lib.ps1'
[4.559s] INFO:colcon.colcon_core.shell:Creating environment descriptor '/home/frese/ros2_ws/install/rplidar_ros/share/rplidar_ros/hook/ld_library_path_lib.dsv'
[4.560s] INFO:colcon.colcon_core.shell:Creating environment hook '/home/frese/ros2_ws/install/rplidar_ros/share/rplidar_ros/hook/ld_library_path_lib.sh'
[4.560s] Level 1:colcon.colcon_core.environment:checking '/home/frese/ros2_ws/install/rplidar_ros/bin'
[4.560s] Level 1:colcon.colcon_core.environment:checking '/home/frese/ros2_ws/install/rplidar_ros/lib/pkgconfig/rplidar_ros.pc'
[4.561s] Level 1:colcon.colcon_core.environment:checking '/home/frese/ros2_ws/install/rplidar_ros/lib/python3.10/site-packages'
[4.561s] Level 1:colcon.colcon_core.environment:checking '/home/frese/ros2_ws/install/rplidar_ros/bin'
[4.581s] INFO:colcon.colcon_core.shell:Creating package script '/home/frese/ros2_ws/install/rplidar_ros/share/rplidar_ros/package.ps1'
[4.582s] INFO:colcon.colcon_core.shell:Creating package descriptor '/home/frese/ros2_ws/install/rplidar_ros/share/rplidar_ros/package.dsv'
[4.583s] INFO:colcon.colcon_core.shell:Creating package script '/home/frese/ros2_ws/install/rplidar_ros/share/rplidar_ros/package.sh'
[4.583s] INFO:colcon.colcon_core.shell:Creating package script '/home/frese/ros2_ws/install/rplidar_ros/share/rplidar_ros/package.bash'
[4.584s] INFO:colcon.colcon_core.shell:Creating package script '/home/frese/ros2_ws/install/rplidar_ros/share/rplidar_ros/package.zsh'
[4.584s] Level 1:colcon.colcon_core.environment:create_file_with_runtime_dependencies(/home/frese/ros2_ws/install/rplidar_ros/share/colcon-core/packages/rplidar_ros)
[4.592s] DEBUG:colcon.colcon_core.event_handler.log_command:Invoking command in '/home/frese/ros2_ws/build/ros2_laser_scan_matcher': AMENT_PREFIX_PATH=/home/frese/ros2_ws/install/csm:${AMENT_PREFIX_PATH} CMAKE_PREFIX_PATH=/home/frese/ros2_ws/install/csm:/home/frese/ros2_ws/install/sllidar_ros2:/home/frese/ros2_ws/install/rplidar_ros:/home/frese/ros2_ws/install/ndt_omp_ros2:/home/frese/ros2_ws/install/lidarslam_msgs:/home/frese/ros2_ws/install/examples_rclcpp_wait_set:/home/frese/ros2_ws/install/examples_rclcpp_minimal_subscriber:/home/frese/ros2_ws/install/examples_rclcpp_minimal_publisher:/home/frese/ros2_ws/install/examples_rclcpp_minimal_composition:/home/frese/ros2_ws/install/examples_rclcpp_minimal_action_client:/home/frese/ros2_ws/install/examples_rclcpp_cbg_executor:/home/frese/ros2_ws/install/launch_testing_examples:/home/frese/ros2_ws/install/examples_rclpy_pointcloud_publisher:/home/frese/ros2_ws/install/examples_rclpy_minimal_subscriber:/home/frese/ros2_ws/install/examples_rclpy_minimal_service:/home/frese/ros2_ws/install/examples_rclpy_minimal_publisher:/home/frese/ros2_ws/install/examples_rclpy_minimal_client:/home/frese/ros2_ws/install/examples_rclpy_minimal_action_server:/home/frese/ros2_ws/install/examples_rclpy_minimal_action_client:/home/frese/ros2_ws/install/examples_rclpy_guard_conditions:/home/frese/ros2_ws/install/examples_rclpy_executors:/home/frese/ros2_ws/install/examples_rclcpp_multithreaded_executor:/home/frese/ros2_ws/install/examples_rclcpp_minimal_timer:/home/frese/ros2_ws/install/examples_rclcpp_minimal_service:/home/frese/ros2_ws/install/examples_rclcpp_minimal_client:/home/frese/ros2_ws/install/examples_rclcpp_minimal_action_server:/home/frese/ros2_ws/install/examples_rclcpp_async_client:/opt/ros/humble LD_LIBRARY_PATH=/home/frese/ros2_ws/install/csm/lib:${LD_LIBRARY_PATH} /usr/bin/cmake /home/frese/ros2_ws/src/ros2_laser_scan_matcher -DCMAKE_INSTALL_PREFIX=/home/frese/ros2_ws/install/ros2_laser_scan_matcher
[4.710s] Level 1:colcon.colcon_core.environment:create_environment_scripts_only(rplidar_ros)
[4.755s] Level 1:colcon.colcon_core.environment:checking '/home/frese/ros2_ws/install/rplidar_ros' for CMake module files
[4.756s] Level 1:colcon.colcon_core.environment:checking '/home/frese/ros2_ws/install/rplidar_ros' for CMake config files
[4.757s] Level 1:colcon.colcon_core.shell:create_environment_hook('rplidar_ros', 'cmake_prefix_path')
[4.778s] INFO:colcon.colcon_core.shell:Creating environment hook '/home/frese/ros2_ws/install/rplidar_ros/share/rplidar_ros/hook/cmake_prefix_path.ps1'
[4.779s] INFO:colcon.colcon_core.shell:Creating environment descriptor '/home/frese/ros2_ws/install/rplidar_ros/share/rplidar_ros/hook/cmake_prefix_path.dsv'
[4.779s] INFO:colcon.colcon_core.shell:Creating environment hook '/home/frese/ros2_ws/install/rplidar_ros/share/rplidar_ros/hook/cmake_prefix_path.sh'
[4.780s] Level 1:colcon.colcon_core.environment:checking '/home/frese/ros2_ws/install/rplidar_ros/lib'
[4.780s] Level 1:colcon.colcon_core.shell:create_environment_hook('rplidar_ros', 'ld_library_path_lib')
[4.800s] INFO:colcon.colcon_core.shell:Creating environment hook '/home/frese/ros2_ws/install/rplidar_ros/share/rplidar_ros/hook/ld_library_path_lib.ps1'
[4.800s] INFO:colcon.colcon_core.shell:Creating environment descriptor '/home/frese/ros2_ws/install/rplidar_ros/share/rplidar_ros/hook/ld_library_path_lib.dsv'
[4.801s] INFO:colcon.colcon_core.shell:Creating environment hook '/home/frese/ros2_ws/install/rplidar_ros/share/rplidar_ros/hook/ld_library_path_lib.sh'
[4.801s] Level 1:colcon.colcon_core.environment:checking '/home/frese/ros2_ws/install/rplidar_ros/bin'
[4.801s] Level 1:colcon.colcon_core.environment:checking '/home/frese/ros2_ws/install/rplidar_ros/lib/pkgconfig/rplidar_ros.pc'
[4.801s] Level 1:colcon.colcon_core.environment:checking '/home/frese/ros2_ws/install/rplidar_ros/lib/python3.10/site-packages'
[4.802s] Level 1:colcon.colcon_core.environment:checking '/home/frese/ros2_ws/install/rplidar_ros/bin'
[4.834s] INFO:colcon.colcon_core.shell:Creating package script '/home/frese/ros2_ws/install/rplidar_ros/share/rplidar_ros/package.ps1'
[4.835s] INFO:colcon.colcon_core.shell:Creating package descriptor '/home/frese/ros2_ws/install/rplidar_ros/share/rplidar_ros/package.dsv'
[4.836s] INFO:colcon.colcon_core.shell:Creating package script '/home/frese/ros2_ws/install/rplidar_ros/share/rplidar_ros/package.sh'
[4.836s] INFO:colcon.colcon_core.shell:Creating package script '/home/frese/ros2_ws/install/rplidar_ros/share/rplidar_ros/package.bash'
[4.837s] INFO:colcon.colcon_core.shell:Creating package script '/home/frese/ros2_ws/install/rplidar_ros/share/rplidar_ros/package.zsh'
[4.837s] Level 1:colcon.colcon_core.environment:create_file_with_runtime_dependencies(/home/frese/ros2_ws/install/rplidar_ros/share/colcon-core/packages/rplidar_ros)
[5.006s] DEBUG:colcon.colcon_core.event_handler.log_command:Invoked command in '/home/frese/ros2_ws/build/kinect_ros2' returned '1': CMAKE_PREFIX_PATH=${CMAKE_PREFIX_PATH}:/home/frese/ros2_ws/install/launch_testing_examples:/home/frese/ros2_ws/install/examples_rclpy_pointcloud_publisher:/home/frese/ros2_ws/install/examples_rclpy_minimal_subscriber:/home/frese/ros2_ws/install/examples_rclpy_minimal_service:/home/frese/ros2_ws/install/examples_rclpy_minimal_publisher:/home/frese/ros2_ws/install/examples_rclpy_minimal_client:/home/frese/ros2_ws/install/examples_rclpy_minimal_action_server:/home/frese/ros2_ws/install/examples_rclpy_minimal_action_client:/home/frese/ros2_ws/install/examples_rclpy_guard_conditions:/home/frese/ros2_ws/install/examples_rclpy_executors:/home/frese/ros2_ws/install/examples_rclcpp_multithreaded_executor:/home/frese/ros2_ws/install/examples_rclcpp_minimal_timer:/home/frese/ros2_ws/install/examples_rclcpp_minimal_service:/home/frese/ros2_ws/install/examples_rclcpp_minimal_client:/home/frese/ros2_ws/install/examples_rclcpp_minimal_action_server:/home/frese/ros2_ws/install/examples_rclcpp_async_client:/opt/ros/humble /usr/bin/cmake /home/frese/ros2_ws/src/kinect_ros2 -DCMAKE_INSTALL_PREFIX=/home/frese/ros2_ws/install/kinect_ros2
[5.024s] Level 1:colcon.colcon_core.environment:create_environment_scripts_only(kinect_ros2)
[5.043s] Level 1:colcon.colcon_core.environment:checking '/home/frese/ros2_ws/install/kinect_ros2' for CMake module files
[5.044s] Level 1:colcon.colcon_core.environment:checking '/home/frese/ros2_ws/install/kinect_ros2' for CMake config files
[5.044s] Level 1:colcon.colcon_core.environment:checking '/home/frese/ros2_ws/install/kinect_ros2/bin'
[5.044s] Level 1:colcon.colcon_core.environment:checking '/home/frese/ros2_ws/install/kinect_ros2/lib/pkgconfig/kinect_ros2.pc'
[5.045s] Level 1:colcon.colcon_core.environment:checking '/home/frese/ros2_ws/install/kinect_ros2/lib/python3.10/site-packages'
[5.045s] Level 1:colcon.colcon_core.environment:checking '/home/frese/ros2_ws/install/kinect_ros2/bin'
[5.063s] INFO:colcon.colcon_core.shell:Creating package script '/home/frese/ros2_ws/install/kinect_ros2/share/kinect_ros2/package.ps1'
[5.064s] INFO:colcon.colcon_core.shell:Creating package descriptor '/home/frese/ros2_ws/install/kinect_ros2/share/kinect_ros2/package.dsv'
[5.064s] INFO:colcon.colcon_core.shell:Creating package script '/home/frese/ros2_ws/install/kinect_ros2/share/kinect_ros2/package.sh'
[5.065s] INFO:colcon.colcon_core.shell:Creating package script '/home/frese/ros2_ws/install/kinect_ros2/share/kinect_ros2/package.bash'
[5.065s] INFO:colcon.colcon_core.shell:Creating package script '/home/frese/ros2_ws/install/kinect_ros2/share/kinect_ros2/package.zsh'
[5.065s] Level 1:colcon.colcon_core.environment:create_file_with_runtime_dependencies(/home/frese/ros2_ws/install/kinect_ros2/share/colcon-core/packages/kinect_ros2)
[6.494s] DEBUG:colcon.colcon_parallel_executor.executor.parallel:closing loop
[6.494s] DEBUG:colcon.colcon_parallel_executor.executor.parallel:loop closed
[6.494s] DEBUG:colcon.colcon_parallel_executor.executor.parallel:run_until_complete finished with '1'
[6.495s] DEBUG:colcon.colcon_core.event_reactor:joining thread
[6.527s] INFO:colcon.colcon_core.plugin_system:Skipping extension 'colcon_notification.desktop_notification.terminal_notifier': Not used on non-Darwin systems
[6.528s] INFO:colcon.colcon_core.plugin_system:Skipping extension 'colcon_notification.desktop_notification.win32': Not used on non-Windows systems
[6.528s] INFO:colcon.colcon_notification.desktop_notification:Sending desktop notification using 'notify2'
[6.556s] DEBUG:colcon.colcon_core.event_reactor:joined thread
[6.589s] INFO:colcon.colcon_core.shell:Creating prefix script '/home/frese/ros2_ws/install/local_setup.ps1'
[6.591s] INFO:colcon.colcon_core.shell:Creating prefix util module '/home/frese/ros2_ws/install/_local_setup_util_ps1.py'
[6.594s] INFO:colcon.colcon_core.shell:Creating prefix chain script '/home/frese/ros2_ws/install/setup.ps1'
[6.617s] INFO:colcon.colcon_core.shell:Creating prefix script '/home/frese/ros2_ws/install/local_setup.sh'
[6.618s] INFO:colcon.colcon_core.shell:Creating prefix util module '/home/frese/ros2_ws/install/_local_setup_util_sh.py'
[6.619s] INFO:colcon.colcon_core.shell:Creating prefix chain script '/home/frese/ros2_ws/install/setup.sh'
[6.647s] INFO:colcon.colcon_core.shell:Creating prefix script '/home/frese/ros2_ws/install/local_setup.bash'
[6.647s] INFO:colcon.colcon_core.shell:Creating prefix chain script '/home/frese/ros2_ws/install/setup.bash'
[6.669s] INFO:colcon.colcon_core.shell:Creating prefix script '/home/frese/ros2_ws/install/local_setup.zsh'
[6.669s] INFO:colcon.colcon_core.shell:Creating prefix chain script '/home/frese/ros2_ws/install/setup.zsh'
