[1.395s] DEBUG:colcon:Command line arguments: ['/usr/bin/colcon', 'build', '--symlink-install', '--parallel-workers', '3']
[1.395s] DEBUG:colcon:Parsed command line arguments: Namespace(log_base=None, log_level=None, verb_name='build', build_base='build', install_base='install', merge_install=False, symlink_install=True, test_result_base=None, continue_on_error=False, executor='parallel', parallel_workers=3, event_handlers=None, ignore_user_meta=False, metas=['./colcon.meta'], base_paths=['.'], packages_ignore=None, packages_ignore_regex=None, paths=None, packages_up_to=None, packages_up_to_regex=None, packages_above=None, packages_above_and_dependencies=None, packages_above_depth=None, packages_select_by_dep=None, packages_skip_by_dep=None, packages_skip_up_to=None, packages_select_build_failed=False, packages_skip_build_finished=False, packages_select_test_failures=False, packages_skip_test_passed=False, packages_select=None, packages_skip=None, packages_select_regex=None, packages_skip_regex=None, packages_start=None, packages_end=None, allow_overriding=[], cmake_args=None, cmake_target=None, cmake_target_skip_unavailable=False, cmake_clean_cache=False, cmake_clean_first=False, cmake_force_configure=False, ament_cmake_args=None, catkin_cmake_args=None, catkin_skip_building_tests=False, verb_parser=<colcon_defaults.argument_parser.defaults.DefaultArgumentsDecorator object at 0x7f18a1cef3d0>, verb_extension=<colcon_core.verb.build.BuildVerb object at 0x7f18a1ceea70>, main=<bound method BuildVerb.main of <colcon_core.verb.build.BuildVerb object at 0x7f18a1ceea70>>)
[1.486s] Level 1:colcon.colcon_core.package_discovery:discover_packages(colcon_meta) check parameters
[1.486s] Level 1:colcon.colcon_core.package_discovery:discover_packages(recursive) check parameters
[1.486s] Level 1:colcon.colcon_core.package_discovery:discover_packages(ignore) check parameters
[1.486s] Level 1:colcon.colcon_core.package_discovery:discover_packages(path) check parameters
[1.486s] Level 1:colcon.colcon_core.package_discovery:discover_packages(colcon_meta) discover
[1.486s] Level 1:colcon.colcon_core.package_discovery:discover_packages(recursive) discover
[1.486s] INFO:colcon.colcon_core.package_discovery:Crawling recursively for packages in '/home/frese/ros2_ws'
[1.486s] Level 1:colcon.colcon_core.package_identification:_identify(.) by extensions ['ignore', 'ignore_ament_install']
[1.486s] Level 1:colcon.colcon_core.package_identification:_identify(.) by extension 'ignore'
[1.486s] Level 1:colcon.colcon_core.package_identification:_identify(.) by extension 'ignore_ament_install'
[1.486s] Level 1:colcon.colcon_core.package_identification:_identify(.) by extensions ['colcon_pkg']
[1.486s] Level 1:colcon.colcon_core.package_identification:_identify(.) by extension 'colcon_pkg'
[1.486s] Level 1:colcon.colcon_core.package_identification:_identify(.) by extensions ['colcon_meta']
[1.486s] Level 1:colcon.colcon_core.package_identification:_identify(.) by extension 'colcon_meta'
[1.487s] Level 1:colcon.colcon_core.package_identification:_identify(.) by extensions ['ros']
[1.487s] Level 1:colcon.colcon_core.package_identification:_identify(.) by extension 'ros'
[1.506s] Level 1:colcon.colcon_core.package_identification:_identify(.) by extensions ['cmake', 'python']
[1.506s] Level 1:colcon.colcon_core.package_identification:_identify(.) by extension 'cmake'
[1.507s] Level 1:colcon.colcon_core.package_identification:_identify(.) by extension 'python'
[1.507s] Level 1:colcon.colcon_core.package_identification:_identify(.) by extensions ['python_setup_py']
[1.507s] Level 1:colcon.colcon_core.package_identification:_identify(.) by extension 'python_setup_py'
[1.507s] Level 1:colcon.colcon_core.package_identification:_identify(build) by extensions ['ignore', 'ignore_ament_install']
[1.507s] Level 1:colcon.colcon_core.package_identification:_identify(build) by extension 'ignore'
[1.507s] Level 1:colcon.colcon_core.package_identification:_identify(build) ignored
[1.507s] Level 1:colcon.colcon_core.package_identification:_identify(install) by extensions ['ignore', 'ignore_ament_install']
[1.507s] Level 1:colcon.colcon_core.package_identification:_identify(install) by extension 'ignore'
[1.507s] Level 1:colcon.colcon_core.package_identification:_identify(install) ignored
[1.508s] Level 1:colcon.colcon_core.package_identification:_identify(log) by extensions ['ignore', 'ignore_ament_install']
[1.508s] Level 1:colcon.colcon_core.package_identification:_identify(log) by extension 'ignore'
[1.508s] Level 1:colcon.colcon_core.package_identification:_identify(log) ignored
[1.508s] Level 1:colcon.colcon_core.package_identification:_identify(src) by extensions ['ignore', 'ignore_ament_install']
[1.508s] Level 1:colcon.colcon_core.package_identification:_identify(src) by extension 'ignore'
[1.508s] Level 1:colcon.colcon_core.package_identification:_identify(src) by extension 'ignore_ament_install'
[1.508s] Level 1:colcon.colcon_core.package_identification:_identify(src) by extensions ['colcon_pkg']
[1.508s] Level 1:colcon.colcon_core.package_identification:_identify(src) by extension 'colcon_pkg'
[1.508s] Level 1:colcon.colcon_core.package_identification:_identify(src) by extensions ['colcon_meta']
[1.508s] Level 1:colcon.colcon_core.package_identification:_identify(src) by extension 'colcon_meta'
[1.508s] Level 1:colcon.colcon_core.package_identification:_identify(src) by extensions ['ros']
[1.508s] Level 1:colcon.colcon_core.package_identification:_identify(src) by extension 'ros'
[1.508s] Level 1:colcon.colcon_core.package_identification:_identify(src) by extensions ['cmake', 'python']
[1.508s] Level 1:colcon.colcon_core.package_identification:_identify(src) by extension 'cmake'
[1.508s] Level 1:colcon.colcon_core.package_identification:_identify(src) by extension 'python'
[1.508s] Level 1:colcon.colcon_core.package_identification:_identify(src) by extensions ['python_setup_py']
[1.508s] Level 1:colcon.colcon_core.package_identification:_identify(src) by extension 'python_setup_py'
[1.509s] Level 1:colcon.colcon_core.package_identification:_identify(src/csm) by extensions ['ignore', 'ignore_ament_install']
[1.509s] Level 1:colcon.colcon_core.package_identification:_identify(src/csm) by extension 'ignore'
[1.509s] Level 1:colcon.colcon_core.package_identification:_identify(src/csm) by extension 'ignore_ament_install'
[1.509s] Level 1:colcon.colcon_core.package_identification:_identify(src/csm) by extensions ['colcon_pkg']
[1.509s] Level 1:colcon.colcon_core.package_identification:_identify(src/csm) by extension 'colcon_pkg'
[1.509s] Level 1:colcon.colcon_core.package_identification:_identify(src/csm) by extensions ['colcon_meta']
[1.509s] Level 1:colcon.colcon_core.package_identification:_identify(src/csm) by extension 'colcon_meta'
[1.509s] Level 1:colcon.colcon_core.package_identification:_identify(src/csm) by extensions ['ros']
[1.509s] Level 1:colcon.colcon_core.package_identification:_identify(src/csm) by extension 'ros'
[1.514s] DEBUG:colcon.colcon_core.package_identification:Package 'src/csm' with type 'ros.ament_cmake' and name 'csm'
[1.514s] Level 1:colcon.colcon_core.package_identification:_identify(src/geometry2) by extensions ['ignore', 'ignore_ament_install']
[1.514s] Level 1:colcon.colcon_core.package_identification:_identify(src/geometry2) by extension 'ignore'
[1.514s] Level 1:colcon.colcon_core.package_identification:_identify(src/geometry2) by extension 'ignore_ament_install'
[1.514s] Level 1:colcon.colcon_core.package_identification:_identify(src/geometry2) by extensions ['colcon_pkg']
[1.514s] Level 1:colcon.colcon_core.package_identification:_identify(src/geometry2) by extension 'colcon_pkg'
[1.514s] Level 1:colcon.colcon_core.package_identification:_identify(src/geometry2) by extensions ['colcon_meta']
[1.514s] Level 1:colcon.colcon_core.package_identification:_identify(src/geometry2) by extension 'colcon_meta'
[1.514s] Level 1:colcon.colcon_core.package_identification:_identify(src/geometry2) by extensions ['ros']
[1.514s] Level 1:colcon.colcon_core.package_identification:_identify(src/geometry2) by extension 'ros'
[1.515s] Level 1:colcon.colcon_core.package_identification:_identify(src/geometry2) by extensions ['cmake', 'python']
[1.515s] Level 1:colcon.colcon_core.package_identification:_identify(src/geometry2) by extension 'cmake'
[1.515s] Level 1:colcon.colcon_core.package_identification:_identify(src/geometry2) by extension 'python'
[1.515s] Level 1:colcon.colcon_core.package_identification:_identify(src/geometry2) by extensions ['python_setup_py']
[1.515s] Level 1:colcon.colcon_core.package_identification:_identify(src/geometry2) by extension 'python_setup_py'
[1.515s] Level 1:colcon.colcon_core.package_identification:_identify(src/geometry2/examples_tf2_py) by extensions ['ignore', 'ignore_ament_install']
[1.515s] Level 1:colcon.colcon_core.package_identification:_identify(src/geometry2/examples_tf2_py) by extension 'ignore'
[1.515s] Level 1:colcon.colcon_core.package_identification:_identify(src/geometry2/examples_tf2_py) by extension 'ignore_ament_install'
[1.516s] Level 1:colcon.colcon_core.package_identification:_identify(src/geometry2/examples_tf2_py) by extensions ['colcon_pkg']
[1.516s] Level 1:colcon.colcon_core.package_identification:_identify(src/geometry2/examples_tf2_py) by extension 'colcon_pkg'
[1.516s] Level 1:colcon.colcon_core.package_identification:_identify(src/geometry2/examples_tf2_py) by extensions ['colcon_meta']
[1.516s] Level 1:colcon.colcon_core.package_identification:_identify(src/geometry2/examples_tf2_py) by extension 'colcon_meta'
[1.516s] Level 1:colcon.colcon_core.package_identification:_identify(src/geometry2/examples_tf2_py) by extensions ['ros']
[1.516s] Level 1:colcon.colcon_core.package_identification:_identify(src/geometry2/examples_tf2_py) by extension 'ros'
[1.517s] DEBUG:colcon.colcon_core.package_identification:Package 'src/geometry2/examples_tf2_py' with type 'ros.ament_python' and name 'examples_tf2_py'
[1.518s] Level 1:colcon.colcon_core.package_identification:_identify(src/geometry2/geometry2) by extensions ['ignore', 'ignore_ament_install']
[1.518s] Level 1:colcon.colcon_core.package_identification:_identify(src/geometry2/geometry2) by extension 'ignore'
[1.518s] Level 1:colcon.colcon_core.package_identification:_identify(src/geometry2/geometry2) by extension 'ignore_ament_install'
[1.518s] Level 1:colcon.colcon_core.package_identification:_identify(src/geometry2/geometry2) by extensions ['colcon_pkg']
[1.518s] Level 1:colcon.colcon_core.package_identification:_identify(src/geometry2/geometry2) by extension 'colcon_pkg'
[1.518s] Level 1:colcon.colcon_core.package_identification:_identify(src/geometry2/geometry2) by extensions ['colcon_meta']
[1.518s] Level 1:colcon.colcon_core.package_identification:_identify(src/geometry2/geometry2) by extension 'colcon_meta'
[1.518s] Level 1:colcon.colcon_core.package_identification:_identify(src/geometry2/geometry2) by extensions ['ros']
[1.518s] Level 1:colcon.colcon_core.package_identification:_identify(src/geometry2/geometry2) by extension 'ros'
[1.519s] DEBUG:colcon.colcon_core.package_identification:Package 'src/geometry2/geometry2' with type 'ros.ament_cmake' and name 'geometry2'
[1.519s] Level 1:colcon.colcon_core.package_identification:_identify(src/geometry2/test_tf2) by extensions ['ignore', 'ignore_ament_install']
[1.519s] Level 1:colcon.colcon_core.package_identification:_identify(src/geometry2/test_tf2) by extension 'ignore'
[1.519s] Level 1:colcon.colcon_core.package_identification:_identify(src/geometry2/test_tf2) by extension 'ignore_ament_install'
[1.520s] Level 1:colcon.colcon_core.package_identification:_identify(src/geometry2/test_tf2) by extensions ['colcon_pkg']
[1.520s] Level 1:colcon.colcon_core.package_identification:_identify(src/geometry2/test_tf2) by extension 'colcon_pkg'
[1.520s] Level 1:colcon.colcon_core.package_identification:_identify(src/geometry2/test_tf2) by extensions ['colcon_meta']
[1.520s] Level 1:colcon.colcon_core.package_identification:_identify(src/geometry2/test_tf2) by extension 'colcon_meta'
[1.520s] Level 1:colcon.colcon_core.package_identification:_identify(src/geometry2/test_tf2) by extensions ['ros']
[1.520s] Level 1:colcon.colcon_core.package_identification:_identify(src/geometry2/test_tf2) by extension 'ros'
[1.521s] DEBUG:colcon.colcon_core.package_identification:Package 'src/geometry2/test_tf2' with type 'ros.ament_cmake' and name 'test_tf2'
[1.521s] Level 1:colcon.colcon_core.package_identification:_identify(src/geometry2/tf2) by extensions ['ignore', 'ignore_ament_install']
[1.522s] Level 1:colcon.colcon_core.package_identification:_identify(src/geometry2/tf2) by extension 'ignore'
[1.522s] Level 1:colcon.colcon_core.package_identification:_identify(src/geometry2/tf2) by extension 'ignore_ament_install'
[1.522s] Level 1:colcon.colcon_core.package_identification:_identify(src/geometry2/tf2) by extensions ['colcon_pkg']
[1.522s] Level 1:colcon.colcon_core.package_identification:_identify(src/geometry2/tf2) by extension 'colcon_pkg'
[1.522s] Level 1:colcon.colcon_core.package_identification:_identify(src/geometry2/tf2) by extensions ['colcon_meta']
[1.522s] Level 1:colcon.colcon_core.package_identification:_identify(src/geometry2/tf2) by extension 'colcon_meta'
[1.522s] Level 1:colcon.colcon_core.package_identification:_identify(src/geometry2/tf2) by extensions ['ros']
[1.522s] Level 1:colcon.colcon_core.package_identification:_identify(src/geometry2/tf2) by extension 'ros'
[1.523s] DEBUG:colcon.colcon_core.package_identification:Package 'src/geometry2/tf2' with type 'ros.ament_cmake' and name 'tf2'
[1.523s] Level 1:colcon.colcon_core.package_identification:_identify(src/geometry2/tf2_bullet) by extensions ['ignore', 'ignore_ament_install']
[1.524s] Level 1:colcon.colcon_core.package_identification:_identify(src/geometry2/tf2_bullet) by extension 'ignore'
[1.524s] Level 1:colcon.colcon_core.package_identification:_identify(src/geometry2/tf2_bullet) by extension 'ignore_ament_install'
[1.524s] Level 1:colcon.colcon_core.package_identification:_identify(src/geometry2/tf2_bullet) by extensions ['colcon_pkg']
[1.524s] Level 1:colcon.colcon_core.package_identification:_identify(src/geometry2/tf2_bullet) by extension 'colcon_pkg'
[1.524s] Level 1:colcon.colcon_core.package_identification:_identify(src/geometry2/tf2_bullet) by extensions ['colcon_meta']
[1.524s] Level 1:colcon.colcon_core.package_identification:_identify(src/geometry2/tf2_bullet) by extension 'colcon_meta'
[1.524s] Level 1:colcon.colcon_core.package_identification:_identify(src/geometry2/tf2_bullet) by extensions ['ros']
[1.524s] Level 1:colcon.colcon_core.package_identification:_identify(src/geometry2/tf2_bullet) by extension 'ros'
[1.525s] DEBUG:colcon.colcon_core.package_identification:Package 'src/geometry2/tf2_bullet' with type 'ros.ament_cmake' and name 'tf2_bullet'
[1.525s] Level 1:colcon.colcon_core.package_identification:_identify(src/geometry2/tf2_eigen) by extensions ['ignore', 'ignore_ament_install']
[1.525s] Level 1:colcon.colcon_core.package_identification:_identify(src/geometry2/tf2_eigen) by extension 'ignore'
[1.525s] Level 1:colcon.colcon_core.package_identification:_identify(src/geometry2/tf2_eigen) by extension 'ignore_ament_install'
[1.525s] Level 1:colcon.colcon_core.package_identification:_identify(src/geometry2/tf2_eigen) by extensions ['colcon_pkg']
[1.525s] Level 1:colcon.colcon_core.package_identification:_identify(src/geometry2/tf2_eigen) by extension 'colcon_pkg'
[1.526s] Level 1:colcon.colcon_core.package_identification:_identify(src/geometry2/tf2_eigen) by extensions ['colcon_meta']
[1.526s] Level 1:colcon.colcon_core.package_identification:_identify(src/geometry2/tf2_eigen) by extension 'colcon_meta'
[1.526s] Level 1:colcon.colcon_core.package_identification:_identify(src/geometry2/tf2_eigen) by extensions ['ros']
[1.526s] Level 1:colcon.colcon_core.package_identification:_identify(src/geometry2/tf2_eigen) by extension 'ros'
[1.527s] DEBUG:colcon.colcon_core.package_identification:Package 'src/geometry2/tf2_eigen' with type 'ros.ament_cmake' and name 'tf2_eigen'
[1.527s] Level 1:colcon.colcon_core.package_identification:_identify(src/geometry2/tf2_eigen_kdl) by extensions ['ignore', 'ignore_ament_install']
[1.528s] Level 1:colcon.colcon_core.package_identification:_identify(src/geometry2/tf2_eigen_kdl) by extension 'ignore'
[1.528s] Level 1:colcon.colcon_core.package_identification:_identify(src/geometry2/tf2_eigen_kdl) by extension 'ignore_ament_install'
[1.528s] Level 1:colcon.colcon_core.package_identification:_identify(src/geometry2/tf2_eigen_kdl) by extensions ['colcon_pkg']
[1.528s] Level 1:colcon.colcon_core.package_identification:_identify(src/geometry2/tf2_eigen_kdl) by extension 'colcon_pkg'
[1.528s] Level 1:colcon.colcon_core.package_identification:_identify(src/geometry2/tf2_eigen_kdl) by extensions ['colcon_meta']
[1.528s] Level 1:colcon.colcon_core.package_identification:_identify(src/geometry2/tf2_eigen_kdl) by extension 'colcon_meta'
[1.528s] Level 1:colcon.colcon_core.package_identification:_identify(src/geometry2/tf2_eigen_kdl) by extensions ['ros']
[1.528s] Level 1:colcon.colcon_core.package_identification:_identify(src/geometry2/tf2_eigen_kdl) by extension 'ros'
[1.529s] DEBUG:colcon.colcon_core.package_identification:Package 'src/geometry2/tf2_eigen_kdl' with type 'ros.ament_cmake' and name 'tf2_eigen_kdl'
[1.529s] Level 1:colcon.colcon_core.package_identification:_identify(src/geometry2/tf2_geometry_msgs) by extensions ['ignore', 'ignore_ament_install']
[1.529s] Level 1:colcon.colcon_core.package_identification:_identify(src/geometry2/tf2_geometry_msgs) by extension 'ignore'
[1.529s] Level 1:colcon.colcon_core.package_identification:_identify(src/geometry2/tf2_geometry_msgs) by extension 'ignore_ament_install'
[1.529s] Level 1:colcon.colcon_core.package_identification:_identify(src/geometry2/tf2_geometry_msgs) by extensions ['colcon_pkg']
[1.529s] Level 1:colcon.colcon_core.package_identification:_identify(src/geometry2/tf2_geometry_msgs) by extension 'colcon_pkg'
[1.530s] Level 1:colcon.colcon_core.package_identification:_identify(src/geometry2/tf2_geometry_msgs) by extensions ['colcon_meta']
[1.530s] Level 1:colcon.colcon_core.package_identification:_identify(src/geometry2/tf2_geometry_msgs) by extension 'colcon_meta'
[1.530s] Level 1:colcon.colcon_core.package_identification:_identify(src/geometry2/tf2_geometry_msgs) by extensions ['ros']
[1.530s] Level 1:colcon.colcon_core.package_identification:_identify(src/geometry2/tf2_geometry_msgs) by extension 'ros'
[1.531s] DEBUG:colcon.colcon_core.package_identification:Package 'src/geometry2/tf2_geometry_msgs' with type 'ros.ament_cmake' and name 'tf2_geometry_msgs'
[1.531s] Level 1:colcon.colcon_core.package_identification:_identify(src/geometry2/tf2_kdl) by extensions ['ignore', 'ignore_ament_install']
[1.531s] Level 1:colcon.colcon_core.package_identification:_identify(src/geometry2/tf2_kdl) by extension 'ignore'
[1.531s] Level 1:colcon.colcon_core.package_identification:_identify(src/geometry2/tf2_kdl) by extension 'ignore_ament_install'
[1.531s] Level 1:colcon.colcon_core.package_identification:_identify(src/geometry2/tf2_kdl) by extensions ['colcon_pkg']
[1.531s] Level 1:colcon.colcon_core.package_identification:_identify(src/geometry2/tf2_kdl) by extension 'colcon_pkg'
[1.532s] Level 1:colcon.colcon_core.package_identification:_identify(src/geometry2/tf2_kdl) by extensions ['colcon_meta']
[1.532s] Level 1:colcon.colcon_core.package_identification:_identify(src/geometry2/tf2_kdl) by extension 'colcon_meta'
[1.532s] Level 1:colcon.colcon_core.package_identification:_identify(src/geometry2/tf2_kdl) by extensions ['ros']
[1.532s] Level 1:colcon.colcon_core.package_identification:_identify(src/geometry2/tf2_kdl) by extension 'ros'
[1.533s] DEBUG:colcon.colcon_core.package_identification:Package 'src/geometry2/tf2_kdl' with type 'ros.ament_cmake' and name 'tf2_kdl'
[1.534s] Level 1:colcon.colcon_core.package_identification:_identify(src/geometry2/tf2_msgs) by extensions ['ignore', 'ignore_ament_install']
[1.534s] Level 1:colcon.colcon_core.package_identification:_identify(src/geometry2/tf2_msgs) by extension 'ignore'
[1.534s] Level 1:colcon.colcon_core.package_identification:_identify(src/geometry2/tf2_msgs) by extension 'ignore_ament_install'
[1.534s] Level 1:colcon.colcon_core.package_identification:_identify(src/geometry2/tf2_msgs) by extensions ['colcon_pkg']
[1.534s] Level 1:colcon.colcon_core.package_identification:_identify(src/geometry2/tf2_msgs) by extension 'colcon_pkg'
[1.534s] Level 1:colcon.colcon_core.package_identification:_identify(src/geometry2/tf2_msgs) by extensions ['colcon_meta']
[1.534s] Level 1:colcon.colcon_core.package_identification:_identify(src/geometry2/tf2_msgs) by extension 'colcon_meta'
[1.534s] Level 1:colcon.colcon_core.package_identification:_identify(src/geometry2/tf2_msgs) by extensions ['ros']
[1.534s] Level 1:colcon.colcon_core.package_identification:_identify(src/geometry2/tf2_msgs) by extension 'ros'
[1.535s] DEBUG:colcon.colcon_core.package_identification:Package 'src/geometry2/tf2_msgs' with type 'ros.ament_cmake' and name 'tf2_msgs'
[1.536s] Level 1:colcon.colcon_core.package_identification:_identify(src/geometry2/tf2_py) by extensions ['ignore', 'ignore_ament_install']
[1.536s] Level 1:colcon.colcon_core.package_identification:_identify(src/geometry2/tf2_py) by extension 'ignore'
[1.536s] Level 1:colcon.colcon_core.package_identification:_identify(src/geometry2/tf2_py) by extension 'ignore_ament_install'
[1.536s] Level 1:colcon.colcon_core.package_identification:_identify(src/geometry2/tf2_py) by extensions ['colcon_pkg']
[1.536s] Level 1:colcon.colcon_core.package_identification:_identify(src/geometry2/tf2_py) by extension 'colcon_pkg'
[1.536s] Level 1:colcon.colcon_core.package_identification:_identify(src/geometry2/tf2_py) by extensions ['colcon_meta']
[1.536s] Level 1:colcon.colcon_core.package_identification:_identify(src/geometry2/tf2_py) by extension 'colcon_meta'
[1.536s] Level 1:colcon.colcon_core.package_identification:_identify(src/geometry2/tf2_py) by extensions ['ros']
[1.536s] Level 1:colcon.colcon_core.package_identification:_identify(src/geometry2/tf2_py) by extension 'ros'
[1.537s] DEBUG:colcon.colcon_core.package_identification:Package 'src/geometry2/tf2_py' with type 'ros.ament_cmake' and name 'tf2_py'
[1.538s] Level 1:colcon.colcon_core.package_identification:_identify(src/geometry2/tf2_ros) by extensions ['ignore', 'ignore_ament_install']
[1.538s] Level 1:colcon.colcon_core.package_identification:_identify(src/geometry2/tf2_ros) by extension 'ignore'
[1.538s] Level 1:colcon.colcon_core.package_identification:_identify(src/geometry2/tf2_ros) by extension 'ignore_ament_install'
[1.538s] Level 1:colcon.colcon_core.package_identification:_identify(src/geometry2/tf2_ros) by extensions ['colcon_pkg']
[1.538s] Level 1:colcon.colcon_core.package_identification:_identify(src/geometry2/tf2_ros) by extension 'colcon_pkg'
[1.538s] Level 1:colcon.colcon_core.package_identification:_identify(src/geometry2/tf2_ros) by extensions ['colcon_meta']
[1.538s] Level 1:colcon.colcon_core.package_identification:_identify(src/geometry2/tf2_ros) by extension 'colcon_meta'
[1.538s] Level 1:colcon.colcon_core.package_identification:_identify(src/geometry2/tf2_ros) by extensions ['ros']
[1.538s] Level 1:colcon.colcon_core.package_identification:_identify(src/geometry2/tf2_ros) by extension 'ros'
[1.540s] DEBUG:colcon.colcon_core.package_identification:Package 'src/geometry2/tf2_ros' with type 'ros.ament_cmake' and name 'tf2_ros'
[1.540s] Level 1:colcon.colcon_core.package_identification:_identify(src/geometry2/tf2_ros_py) by extensions ['ignore', 'ignore_ament_install']
[1.540s] Level 1:colcon.colcon_core.package_identification:_identify(src/geometry2/tf2_ros_py) by extension 'ignore'
[1.540s] Level 1:colcon.colcon_core.package_identification:_identify(src/geometry2/tf2_ros_py) by extension 'ignore_ament_install'
[1.541s] Level 1:colcon.colcon_core.package_identification:_identify(src/geometry2/tf2_ros_py) by extensions ['colcon_pkg']
[1.541s] Level 1:colcon.colcon_core.package_identification:_identify(src/geometry2/tf2_ros_py) by extension 'colcon_pkg'
[1.541s] Level 1:colcon.colcon_core.package_identification:_identify(src/geometry2/tf2_ros_py) by extensions ['colcon_meta']
[1.541s] Level 1:colcon.colcon_core.package_identification:_identify(src/geometry2/tf2_ros_py) by extension 'colcon_meta'
[1.541s] Level 1:colcon.colcon_core.package_identification:_identify(src/geometry2/tf2_ros_py) by extensions ['ros']
[1.541s] Level 1:colcon.colcon_core.package_identification:_identify(src/geometry2/tf2_ros_py) by extension 'ros'
[1.542s] DEBUG:colcon.colcon_core.package_identification:Package 'src/geometry2/tf2_ros_py' with type 'ros.ament_python' and name 'tf2_ros_py'
[1.542s] Level 1:colcon.colcon_core.package_identification:_identify(src/geometry2/tf2_sensor_msgs) by extensions ['ignore', 'ignore_ament_install']
[1.543s] Level 1:colcon.colcon_core.package_identification:_identify(src/geometry2/tf2_sensor_msgs) by extension 'ignore'
[1.543s] Level 1:colcon.colcon_core.package_identification:_identify(src/geometry2/tf2_sensor_msgs) by extension 'ignore_ament_install'
[1.543s] Level 1:colcon.colcon_core.package_identification:_identify(src/geometry2/tf2_sensor_msgs) by extensions ['colcon_pkg']
[1.543s] Level 1:colcon.colcon_core.package_identification:_identify(src/geometry2/tf2_sensor_msgs) by extension 'colcon_pkg'
[1.543s] Level 1:colcon.colcon_core.package_identification:_identify(src/geometry2/tf2_sensor_msgs) by extensions ['colcon_meta']
[1.543s] Level 1:colcon.colcon_core.package_identification:_identify(src/geometry2/tf2_sensor_msgs) by extension 'colcon_meta'
[1.543s] Level 1:colcon.colcon_core.package_identification:_identify(src/geometry2/tf2_sensor_msgs) by extensions ['ros']
[1.543s] Level 1:colcon.colcon_core.package_identification:_identify(src/geometry2/tf2_sensor_msgs) by extension 'ros'
[1.544s] DEBUG:colcon.colcon_core.package_identification:Package 'src/geometry2/tf2_sensor_msgs' with type 'ros.ament_cmake' and name 'tf2_sensor_msgs'
[1.545s] Level 1:colcon.colcon_core.package_identification:_identify(src/geometry2/tf2_tools) by extensions ['ignore', 'ignore_ament_install']
[1.545s] Level 1:colcon.colcon_core.package_identification:_identify(src/geometry2/tf2_tools) by extension 'ignore'
[1.545s] Level 1:colcon.colcon_core.package_identification:_identify(src/geometry2/tf2_tools) by extension 'ignore_ament_install'
[1.545s] Level 1:colcon.colcon_core.package_identification:_identify(src/geometry2/tf2_tools) by extensions ['colcon_pkg']
[1.545s] Level 1:colcon.colcon_core.package_identification:_identify(src/geometry2/tf2_tools) by extension 'colcon_pkg'
[1.545s] Level 1:colcon.colcon_core.package_identification:_identify(src/geometry2/tf2_tools) by extensions ['colcon_meta']
[1.545s] Level 1:colcon.colcon_core.package_identification:_identify(src/geometry2/tf2_tools) by extension 'colcon_meta'
[1.545s] Level 1:colcon.colcon_core.package_identification:_identify(src/geometry2/tf2_tools) by extensions ['ros']
[1.545s] Level 1:colcon.colcon_core.package_identification:_identify(src/geometry2/tf2_tools) by extension 'ros'
[1.546s] DEBUG:colcon.colcon_core.package_identification:Package 'src/geometry2/tf2_tools' with type 'ros.ament_python' and name 'tf2_tools'
[1.547s] Level 1:colcon.colcon_core.package_identification:_identify(src/install) by extensions ['ignore', 'ignore_ament_install']
[1.547s] Level 1:colcon.colcon_core.package_identification:_identify(src/install) by extension 'ignore'
[1.547s] Level 1:colcon.colcon_core.package_identification:_identify(src/install) ignored
[1.547s] Level 1:colcon.colcon_core.package_identification:_identify(src/kinect_ros2) by extensions ['ignore', 'ignore_ament_install']
[1.547s] Level 1:colcon.colcon_core.package_identification:_identify(src/kinect_ros2) by extension 'ignore'
[1.547s] Level 1:colcon.colcon_core.package_identification:_identify(src/kinect_ros2) by extension 'ignore_ament_install'
[1.547s] Level 1:colcon.colcon_core.package_identification:_identify(src/kinect_ros2) by extensions ['colcon_pkg']
[1.547s] Level 1:colcon.colcon_core.package_identification:_identify(src/kinect_ros2) by extension 'colcon_pkg'
[1.547s] Level 1:colcon.colcon_core.package_identification:_identify(src/kinect_ros2) by extensions ['colcon_meta']
[1.547s] Level 1:colcon.colcon_core.package_identification:_identify(src/kinect_ros2) by extension 'colcon_meta'
[1.547s] Level 1:colcon.colcon_core.package_identification:_identify(src/kinect_ros2) by extensions ['ros']
[1.547s] Level 1:colcon.colcon_core.package_identification:_identify(src/kinect_ros2) by extension 'ros'
[1.549s] DEBUG:colcon.colcon_core.package_identification:Package 'src/kinect_ros2' with type 'ros.ament_cmake' and name 'kinect_ros2'
[1.549s] Level 1:colcon.colcon_core.package_identification:_identify(src/log) by extensions ['ignore', 'ignore_ament_install']
[1.550s] Level 1:colcon.colcon_core.package_identification:_identify(src/log) by extension 'ignore'
[1.550s] Level 1:colcon.colcon_core.package_identification:_identify(src/log) ignored
[1.550s] Level 1:colcon.colcon_core.package_identification:_identify(src/openni2_camera) by extensions ['ignore', 'ignore_ament_install']
[1.550s] Level 1:colcon.colcon_core.package_identification:_identify(src/openni2_camera) by extension 'ignore'
[1.550s] Level 1:colcon.colcon_core.package_identification:_identify(src/openni2_camera) by extension 'ignore_ament_install'
[1.550s] Level 1:colcon.colcon_core.package_identification:_identify(src/openni2_camera) by extensions ['colcon_pkg']
[1.550s] Level 1:colcon.colcon_core.package_identification:_identify(src/openni2_camera) by extension 'colcon_pkg'
[1.550s] Level 1:colcon.colcon_core.package_identification:_identify(src/openni2_camera) by extensions ['colcon_meta']
[1.550s] Level 1:colcon.colcon_core.package_identification:_identify(src/openni2_camera) by extension 'colcon_meta'
[1.550s] Level 1:colcon.colcon_core.package_identification:_identify(src/openni2_camera) by extensions ['ros']
[1.550s] Level 1:colcon.colcon_core.package_identification:_identify(src/openni2_camera) by extension 'ros'
[1.550s] Level 1:colcon.colcon_core.package_identification:_identify(src/openni2_camera) by extensions ['cmake', 'python']
[1.550s] Level 1:colcon.colcon_core.package_identification:_identify(src/openni2_camera) by extension 'cmake'
[1.550s] Level 1:colcon.colcon_core.package_identification:_identify(src/openni2_camera) by extension 'python'
[1.550s] Level 1:colcon.colcon_core.package_identification:_identify(src/openni2_camera) by extensions ['python_setup_py']
[1.550s] Level 1:colcon.colcon_core.package_identification:_identify(src/openni2_camera) by extension 'python_setup_py'
[1.551s] Level 1:colcon.colcon_core.package_identification:_identify(src/openni2_camera/openni2_camera) by extensions ['ignore', 'ignore_ament_install']
[1.551s] Level 1:colcon.colcon_core.package_identification:_identify(src/openni2_camera/openni2_camera) by extension 'ignore'
[1.551s] Level 1:colcon.colcon_core.package_identification:_identify(src/openni2_camera/openni2_camera) by extension 'ignore_ament_install'
[1.551s] Level 1:colcon.colcon_core.package_identification:_identify(src/openni2_camera/openni2_camera) by extensions ['colcon_pkg']
[1.551s] Level 1:colcon.colcon_core.package_identification:_identify(src/openni2_camera/openni2_camera) by extension 'colcon_pkg'
[1.551s] Level 1:colcon.colcon_core.package_identification:_identify(src/openni2_camera/openni2_camera) by extensions ['colcon_meta']
[1.551s] Level 1:colcon.colcon_core.package_identification:_identify(src/openni2_camera/openni2_camera) by extension 'colcon_meta'
[1.551s] Level 1:colcon.colcon_core.package_identification:_identify(src/openni2_camera/openni2_camera) by extensions ['ros']
[1.551s] Level 1:colcon.colcon_core.package_identification:_identify(src/openni2_camera/openni2_camera) by extension 'ros'
[1.553s] DEBUG:colcon.colcon_core.package_identification:Package 'src/openni2_camera/openni2_camera' with type 'ros.ament_cmake' and name 'openni2_camera'
[1.553s] Level 1:colcon.colcon_core.package_identification:_identify(src/openni2_camera/openni2_launch) by extensions ['ignore', 'ignore_ament_install']
[1.553s] Level 1:colcon.colcon_core.package_identification:_identify(src/openni2_camera/openni2_launch) by extension 'ignore'
[1.553s] Level 1:colcon.colcon_core.package_identification:_identify(src/openni2_camera/openni2_launch) by extension 'ignore_ament_install'
[1.553s] Level 1:colcon.colcon_core.package_identification:_identify(src/openni2_camera/openni2_launch) by extensions ['colcon_pkg']
[1.553s] Level 1:colcon.colcon_core.package_identification:_identify(src/openni2_camera/openni2_launch) by extension 'colcon_pkg'
[1.553s] Level 1:colcon.colcon_core.package_identification:_identify(src/openni2_camera/openni2_launch) by extensions ['colcon_meta']
[1.553s] Level 1:colcon.colcon_core.package_identification:_identify(src/openni2_camera/openni2_launch) by extension 'colcon_meta'
[1.553s] Level 1:colcon.colcon_core.package_identification:_identify(src/openni2_camera/openni2_launch) by extensions ['ros']
[1.554s] Level 1:colcon.colcon_core.package_identification:_identify(src/openni2_camera/openni2_launch) by extension 'ros'
[1.554s] Level 1:colcon.colcon_core.package_identification:_identify(src/openni2_camera/openni2_launch) ignored
[1.554s] Level 1:colcon.colcon_core.package_identification:_identify(src/ros2_laser_scan_matcher) by extensions ['ignore', 'ignore_ament_install']
[1.554s] Level 1:colcon.colcon_core.package_identification:_identify(src/ros2_laser_scan_matcher) by extension 'ignore'
[1.554s] Level 1:colcon.colcon_core.package_identification:_identify(src/ros2_laser_scan_matcher) by extension 'ignore_ament_install'
[1.554s] Level 1:colcon.colcon_core.package_identification:_identify(src/ros2_laser_scan_matcher) by extensions ['colcon_pkg']
[1.554s] Level 1:colcon.colcon_core.package_identification:_identify(src/ros2_laser_scan_matcher) by extension 'colcon_pkg'
[1.554s] Level 1:colcon.colcon_core.package_identification:_identify(src/ros2_laser_scan_matcher) by extensions ['colcon_meta']
[1.554s] Level 1:colcon.colcon_core.package_identification:_identify(src/ros2_laser_scan_matcher) by extension 'colcon_meta'
[1.554s] Level 1:colcon.colcon_core.package_identification:_identify(src/ros2_laser_scan_matcher) by extensions ['ros']
[1.554s] Level 1:colcon.colcon_core.package_identification:_identify(src/ros2_laser_scan_matcher) by extension 'ros'
[1.555s] DEBUG:colcon.colcon_core.package_identification:Package 'src/ros2_laser_scan_matcher' with type 'ros.ament_cmake' and name 'ros2_laser_scan_matcher'
[1.555s] Level 1:colcon.colcon_core.package_identification:_identify(src/rplidar_ros2) by extensions ['ignore', 'ignore_ament_install']
[1.555s] Level 1:colcon.colcon_core.package_identification:_identify(src/rplidar_ros2) by extension 'ignore'
[1.555s] Level 1:colcon.colcon_core.package_identification:_identify(src/rplidar_ros2) by extension 'ignore_ament_install'
[1.555s] Level 1:colcon.colcon_core.package_identification:_identify(src/rplidar_ros2) by extensions ['colcon_pkg']
[1.555s] Level 1:colcon.colcon_core.package_identification:_identify(src/rplidar_ros2) by extension 'colcon_pkg'
[1.556s] Level 1:colcon.colcon_core.package_identification:_identify(src/rplidar_ros2) by extensions ['colcon_meta']
[1.556s] Level 1:colcon.colcon_core.package_identification:_identify(src/rplidar_ros2) by extension 'colcon_meta'
[1.556s] Level 1:colcon.colcon_core.package_identification:_identify(src/rplidar_ros2) by extensions ['ros']
[1.556s] Level 1:colcon.colcon_core.package_identification:_identify(src/rplidar_ros2) by extension 'ros'
[1.556s] DEBUG:colcon.colcon_core.package_identification:Package 'src/rplidar_ros2' with type 'ros.ament_cmake' and name 'rplidar_ros'
[1.557s] Level 1:colcon.colcon_core.package_identification:_identify(src/rtabmap) by extensions ['ignore', 'ignore_ament_install']
[1.557s] Level 1:colcon.colcon_core.package_identification:_identify(src/rtabmap) by extension 'ignore'
[1.557s] Level 1:colcon.colcon_core.package_identification:_identify(src/rtabmap) by extension 'ignore_ament_install'
[1.557s] Level 1:colcon.colcon_core.package_identification:_identify(src/rtabmap) by extensions ['colcon_pkg']
[1.557s] Level 1:colcon.colcon_core.package_identification:_identify(src/rtabmap) by extension 'colcon_pkg'
[1.557s] Level 1:colcon.colcon_core.package_identification:_identify(src/rtabmap) by extensions ['colcon_meta']
[1.557s] Level 1:colcon.colcon_core.package_identification:_identify(src/rtabmap) by extension 'colcon_meta'
[1.557s] Level 1:colcon.colcon_core.package_identification:_identify(src/rtabmap) by extensions ['ros']
[1.557s] Level 1:colcon.colcon_core.package_identification:_identify(src/rtabmap) by extension 'ros'
[1.558s] DEBUG:colcon.colcon_core.package_identification:Package 'src/rtabmap' with type 'ros.cmake' and name 'rtabmap'
[1.559s] Level 1:colcon.colcon_core.package_identification:_identify(src/sllidar_ros2) by extensions ['ignore', 'ignore_ament_install']
[1.559s] Level 1:colcon.colcon_core.package_identification:_identify(src/sllidar_ros2) by extension 'ignore'
[1.559s] Level 1:colcon.colcon_core.package_identification:_identify(src/sllidar_ros2) by extension 'ignore_ament_install'
[1.559s] Level 1:colcon.colcon_core.package_identification:_identify(src/sllidar_ros2) by extensions ['colcon_pkg']
[1.559s] Level 1:colcon.colcon_core.package_identification:_identify(src/sllidar_ros2) by extension 'colcon_pkg'
[1.559s] Level 1:colcon.colcon_core.package_identification:_identify(src/sllidar_ros2) by extensions ['colcon_meta']
[1.559s] Level 1:colcon.colcon_core.package_identification:_identify(src/sllidar_ros2) by extension 'colcon_meta'
[1.559s] Level 1:colcon.colcon_core.package_identification:_identify(src/sllidar_ros2) by extensions ['ros']
[1.559s] Level 1:colcon.colcon_core.package_identification:_identify(src/sllidar_ros2) by extension 'ros'
[1.561s] DEBUG:colcon.colcon_core.package_identification:Package 'src/sllidar_ros2' with type 'ros.ament_cmake' and name 'sllidar_ros2'
[1.561s] Level 1:colcon.colcon_core.package_identification:_identify(src/src) by extensions ['ignore', 'ignore_ament_install']
[1.561s] Level 1:colcon.colcon_core.package_identification:_identify(src/src) by extension 'ignore'
[1.561s] Level 1:colcon.colcon_core.package_identification:_identify(src/src) by extension 'ignore_ament_install'
[1.562s] Level 1:colcon.colcon_core.package_identification:_identify(src/src) by extensions ['colcon_pkg']
[1.562s] Level 1:colcon.colcon_core.package_identification:_identify(src/src) by extension 'colcon_pkg'
[1.562s] Level 1:colcon.colcon_core.package_identification:_identify(src/src) by extensions ['colcon_meta']
[1.562s] Level 1:colcon.colcon_core.package_identification:_identify(src/src) by extension 'colcon_meta'
[1.562s] Level 1:colcon.colcon_core.package_identification:_identify(src/src) by extensions ['ros']
[1.562s] Level 1:colcon.colcon_core.package_identification:_identify(src/src) by extension 'ros'
[1.562s] Level 1:colcon.colcon_core.package_identification:_identify(src/src) by extensions ['cmake', 'python']
[1.562s] Level 1:colcon.colcon_core.package_identification:_identify(src/src) by extension 'cmake'
[1.562s] Level 1:colcon.colcon_core.package_identification:_identify(src/src) by extension 'python'
[1.562s] Level 1:colcon.colcon_core.package_identification:_identify(src/src) by extensions ['python_setup_py']
[1.562s] Level 1:colcon.colcon_core.package_identification:_identify(src/src) by extension 'python_setup_py'
[1.562s] Level 1:colcon.colcon_core.package_identification:_identify(src/src/rtabmap) by extensions ['ignore', 'ignore_ament_install']
[1.562s] Level 1:colcon.colcon_core.package_identification:_identify(src/src/rtabmap) by extension 'ignore'
[1.562s] Level 1:colcon.colcon_core.package_identification:_identify(src/src/rtabmap) by extension 'ignore_ament_install'
[1.562s] Level 1:colcon.colcon_core.package_identification:_identify(src/src/rtabmap) by extensions ['colcon_pkg']
[1.562s] Level 1:colcon.colcon_core.package_identification:_identify(src/src/rtabmap) by extension 'colcon_pkg'
[1.562s] Level 1:colcon.colcon_core.package_identification:_identify(src/src/rtabmap) by extensions ['colcon_meta']
[1.563s] Level 1:colcon.colcon_core.package_identification:_identify(src/src/rtabmap) by extension 'colcon_meta'
[1.563s] Level 1:colcon.colcon_core.package_identification:_identify(src/src/rtabmap) by extensions ['ros']
[1.563s] Level 1:colcon.colcon_core.package_identification:_identify(src/src/rtabmap) by extension 'ros'
[1.564s] DEBUG:colcon.colcon_core.package_identification:Package 'src/src/rtabmap' with type 'ros.cmake' and name 'rtabmap'
[1.564s] Level 1:colcon.colcon_core.package_discovery:discover_packages(recursive) using defaults
[1.564s] Level 1:colcon.colcon_core.package_discovery:discover_packages(ignore) discover
[1.564s] Level 1:colcon.colcon_core.package_discovery:discover_packages(ignore) using defaults
[1.564s] Level 1:colcon.colcon_core.package_discovery:discover_packages(path) discover
[1.564s] Level 1:colcon.colcon_core.package_discovery:discover_packages(path) using defaults
[1.701s] Level 1:colcon.colcon_core.package_discovery:discover_packages(prefix_path) check parameters
[1.702s] Level 1:colcon.colcon_core.package_discovery:discover_packages(prefix_path) discover
[1.742s] DEBUG:colcon.colcon_installed_package_information.package_discovery:Found 341 installed packages in /opt/ros/humble
[1.753s] Level 1:colcon.colcon_core.package_discovery:discover_packages(prefix_path) using defaults
[1.847s] WARNING:colcon.colcon_core.package_selection:Some selected packages are already built in one or more underlay workspaces:
	'tf2_eigen' is in: /opt/ros/humble
	'tf2_geometry_msgs' is in: /opt/ros/humble
	'tf2_ros' is in: /opt/ros/humble
	'geometry2' is in: /opt/ros/humble
	'tf2_sensor_msgs' is in: /opt/ros/humble
	'tf2_msgs' is in: /opt/ros/humble
	'tf2' is in: /opt/ros/humble
If a package in a merged underlay workspace is overridden and it installs headers, then all packages in the overlay must sort their include directories by workspace order. Failure to do so may result in build failures or undefined behavior at run time.
If the overridden package is used by another package in any underlay, then the overriding package in the overlay must be API and ABI compatible or undefined behavior at run time may occur.

If you understand the risks and want to override a package anyways, add the following to the command line:
	--allow-overriding geometry2 tf2 tf2_eigen tf2_geometry_msgs tf2_msgs tf2_ros tf2_sensor_msgs

This may be promoted to an error in a future release of colcon-override-check.
[1.848s] ERROR:colcon:colcon build: Duplicate package names not supported:
- rtabmap:
  - src/rtabmap
  - src/src/rtabmap
