/home/frese/ros2_ws/install/examples_tf2_py/lib/python3.10/site-packages/examples_tf2_py/static_broadcaster.py
/home/frese/ros2_ws/install/examples_tf2_py/lib/python3.10/site-packages/examples_tf2_py/waits_for_transform.py
/home/frese/ros2_ws/install/examples_tf2_py/lib/python3.10/site-packages/examples_tf2_py/async_waits_for_transform.py
/home/frese/ros2_ws/install/examples_tf2_py/lib/python3.10/site-packages/examples_tf2_py/frame_dumper.py
/home/frese/ros2_ws/install/examples_tf2_py/lib/python3.10/site-packages/examples_tf2_py/blocking_waits_for_transform.py
/home/frese/ros2_ws/install/examples_tf2_py/lib/python3.10/site-packages/examples_tf2_py/dynamic_broadcaster.py
/home/frese/ros2_ws/install/examples_tf2_py/lib/python3.10/site-packages/examples_tf2_py/__init__.py
/home/frese/ros2_ws/install/examples_tf2_py/lib/python3.10/site-packages/examples_tf2_py/__pycache__/static_broadcaster.cpython-310.pyc
/home/frese/ros2_ws/install/examples_tf2_py/lib/python3.10/site-packages/examples_tf2_py/__pycache__/waits_for_transform.cpython-310.pyc
/home/frese/ros2_ws/install/examples_tf2_py/lib/python3.10/site-packages/examples_tf2_py/__pycache__/async_waits_for_transform.cpython-310.pyc
/home/frese/ros2_ws/install/examples_tf2_py/lib/python3.10/site-packages/examples_tf2_py/__pycache__/frame_dumper.cpython-310.pyc
/home/frese/ros2_ws/install/examples_tf2_py/lib/python3.10/site-packages/examples_tf2_py/__pycache__/blocking_waits_for_transform.cpython-310.pyc
/home/frese/ros2_ws/install/examples_tf2_py/lib/python3.10/site-packages/examples_tf2_py/__pycache__/dynamic_broadcaster.cpython-310.pyc
/home/frese/ros2_ws/install/examples_tf2_py/lib/python3.10/site-packages/examples_tf2_py/__pycache__/__init__.cpython-310.pyc
/home/frese/ros2_ws/install/examples_tf2_py/share/ament_index/resource_index/packages/examples_tf2_py
/home/frese/ros2_ws/install/examples_tf2_py/share/examples_tf2_py/package.xml
/home/frese/ros2_ws/install/examples_tf2_py/share/examples_tf2_py/launch/broadcasters.launch.xml
/home/frese/ros2_ws/install/examples_tf2_py/lib/python3.10/site-packages/examples_tf2_py-0.33.2-py3.10.egg-info/zip-safe
/home/frese/ros2_ws/install/examples_tf2_py/lib/python3.10/site-packages/examples_tf2_py-0.33.2-py3.10.egg-info/dependency_links.txt
/home/frese/ros2_ws/install/examples_tf2_py/lib/python3.10/site-packages/examples_tf2_py-0.33.2-py3.10.egg-info/top_level.txt
/home/frese/ros2_ws/install/examples_tf2_py/lib/python3.10/site-packages/examples_tf2_py-0.33.2-py3.10.egg-info/requires.txt
/home/frese/ros2_ws/install/examples_tf2_py/lib/python3.10/site-packages/examples_tf2_py-0.33.2-py3.10.egg-info/entry_points.txt
/home/frese/ros2_ws/install/examples_tf2_py/lib/python3.10/site-packages/examples_tf2_py-0.33.2-py3.10.egg-info/SOURCES.txt
/home/frese/ros2_ws/install/examples_tf2_py/lib/python3.10/site-packages/examples_tf2_py-0.33.2-py3.10.egg-info/PKG-INFO
/home/frese/ros2_ws/install/examples_tf2_py/lib/examples_tf2_py/async_waits_for_transform
/home/frese/ros2_ws/install/examples_tf2_py/lib/examples_tf2_py/blocking_waits_for_transform
/home/frese/ros2_ws/install/examples_tf2_py/lib/examples_tf2_py/dynamic_broadcaster
/home/frese/ros2_ws/install/examples_tf2_py/lib/examples_tf2_py/frame_dumper
/home/frese/ros2_ws/install/examples_tf2_py/lib/examples_tf2_py/static_broadcaster
/home/frese/ros2_ws/install/examples_tf2_py/lib/examples_tf2_py/waits_for_transform
