[1.202s] DEBUG:colcon:Command line arguments: ['/usr/bin/colcon', 'build', '--symlink-install']
[1.202s] DEBUG:colcon:Parsed command line arguments: Namespace(log_base=None, log_level=None, verb_name='build', build_base='build', install_base='install', merge_install=False, symlink_install=True, test_result_base=None, continue_on_error=False, executor='parallel', parallel_workers=26, event_handlers=None, ignore_user_meta=False, metas=['./colcon.meta'], base_paths=['.'], packages_ignore=None, packages_ignore_regex=None, paths=None, packages_up_to=None, packages_up_to_regex=None, packages_above=None, packages_above_and_dependencies=None, packages_above_depth=None, packages_select_by_dep=None, packages_skip_by_dep=None, packages_skip_up_to=None, packages_select_build_failed=False, packages_skip_build_finished=False, packages_select_test_failures=False, packages_skip_test_passed=False, packages_select=None, packages_skip=None, packages_select_regex=None, packages_skip_regex=None, packages_start=None, packages_end=None, allow_overriding=[], cmake_args=None, cmake_target=None, cmake_target_skip_unavailable=False, cmake_clean_cache=False, cmake_clean_first=False, cmake_force_configure=False, ament_cmake_args=None, catkin_cmake_args=None, catkin_skip_building_tests=False, verb_parser=<colcon_defaults.argument_parser.defaults.DefaultArgumentsDecorator object at 0x7f04ef5f2b00>, verb_extension=<colcon_core.verb.build.BuildVerb object at 0x7f04ef5f3970>, main=<bound method BuildVerb.main of <colcon_core.verb.build.BuildVerb object at 0x7f04ef5f3970>>)
[1.264s] Level 1:colcon.colcon_core.package_discovery:discover_packages(colcon_meta) check parameters
[1.264s] Level 1:colcon.colcon_core.package_discovery:discover_packages(recursive) check parameters
[1.264s] Level 1:colcon.colcon_core.package_discovery:discover_packages(ignore) check parameters
[1.264s] Level 1:colcon.colcon_core.package_discovery:discover_packages(path) check parameters
[1.264s] Level 1:colcon.colcon_core.package_discovery:discover_packages(colcon_meta) discover
[1.264s] Level 1:colcon.colcon_core.package_discovery:discover_packages(recursive) discover
[1.264s] INFO:colcon.colcon_core.package_discovery:Crawling recursively for packages in '/home/frese/ros2_ws'
[1.264s] Level 1:colcon.colcon_core.package_identification:_identify(.) by extensions ['ignore', 'ignore_ament_install']
[1.264s] Level 1:colcon.colcon_core.package_identification:_identify(.) by extension 'ignore'
[1.265s] Level 1:colcon.colcon_core.package_identification:_identify(.) by extension 'ignore_ament_install'
[1.265s] Level 1:colcon.colcon_core.package_identification:_identify(.) by extensions ['colcon_pkg']
[1.265s] Level 1:colcon.colcon_core.package_identification:_identify(.) by extension 'colcon_pkg'
[1.265s] Level 1:colcon.colcon_core.package_identification:_identify(.) by extensions ['colcon_meta']
[1.265s] Level 1:colcon.colcon_core.package_identification:_identify(.) by extension 'colcon_meta'
[1.265s] Level 1:colcon.colcon_core.package_identification:_identify(.) by extensions ['ros']
[1.265s] Level 1:colcon.colcon_core.package_identification:_identify(.) by extension 'ros'
[1.279s] Level 1:colcon.colcon_core.package_identification:_identify(.) by extensions ['cmake', 'python']
[1.279s] Level 1:colcon.colcon_core.package_identification:_identify(.) by extension 'cmake'
[1.279s] Level 1:colcon.colcon_core.package_identification:_identify(.) by extension 'python'
[1.279s] Level 1:colcon.colcon_core.package_identification:_identify(.) by extensions ['python_setup_py']
[1.279s] Level 1:colcon.colcon_core.package_identification:_identify(.) by extension 'python_setup_py'
[1.279s] Level 1:colcon.colcon_core.package_identification:_identify(build) by extensions ['ignore', 'ignore_ament_install']
[1.279s] Level 1:colcon.colcon_core.package_identification:_identify(build) by extension 'ignore'
[1.280s] Level 1:colcon.colcon_core.package_identification:_identify(build) ignored
[1.280s] Level 1:colcon.colcon_core.package_identification:_identify(install) by extensions ['ignore', 'ignore_ament_install']
[1.280s] Level 1:colcon.colcon_core.package_identification:_identify(install) by extension 'ignore'
[1.280s] Level 1:colcon.colcon_core.package_identification:_identify(install) ignored
[1.280s] Level 1:colcon.colcon_core.package_identification:_identify(log) by extensions ['ignore', 'ignore_ament_install']
[1.280s] Level 1:colcon.colcon_core.package_identification:_identify(log) by extension 'ignore'
[1.280s] Level 1:colcon.colcon_core.package_identification:_identify(log) ignored
[1.280s] Level 1:colcon.colcon_core.package_identification:_identify(src) by extensions ['ignore', 'ignore_ament_install']
[1.280s] Level 1:colcon.colcon_core.package_identification:_identify(src) by extension 'ignore'
[1.280s] Level 1:colcon.colcon_core.package_identification:_identify(src) by extension 'ignore_ament_install'
[1.280s] Level 1:colcon.colcon_core.package_identification:_identify(src) by extensions ['colcon_pkg']
[1.280s] Level 1:colcon.colcon_core.package_identification:_identify(src) by extension 'colcon_pkg'
[1.281s] Level 1:colcon.colcon_core.package_identification:_identify(src) by extensions ['colcon_meta']
[1.281s] Level 1:colcon.colcon_core.package_identification:_identify(src) by extension 'colcon_meta'
[1.281s] Level 1:colcon.colcon_core.package_identification:_identify(src) by extensions ['ros']
[1.281s] Level 1:colcon.colcon_core.package_identification:_identify(src) by extension 'ros'
[1.281s] Level 1:colcon.colcon_core.package_identification:_identify(src) by extensions ['cmake', 'python']
[1.281s] Level 1:colcon.colcon_core.package_identification:_identify(src) by extension 'cmake'
[1.281s] Level 1:colcon.colcon_core.package_identification:_identify(src) by extension 'python'
[1.281s] Level 1:colcon.colcon_core.package_identification:_identify(src) by extensions ['python_setup_py']
[1.281s] Level 1:colcon.colcon_core.package_identification:_identify(src) by extension 'python_setup_py'
[1.281s] Level 1:colcon.colcon_core.package_identification:_identify(src/build) by extensions ['ignore', 'ignore_ament_install']
[1.281s] Level 1:colcon.colcon_core.package_identification:_identify(src/build) by extension 'ignore'
[1.281s] Level 1:colcon.colcon_core.package_identification:_identify(src/build) ignored
[1.281s] Level 1:colcon.colcon_core.package_identification:_identify(src/csm) by extensions ['ignore', 'ignore_ament_install']
[1.281s] Level 1:colcon.colcon_core.package_identification:_identify(src/csm) by extension 'ignore'
[1.281s] Level 1:colcon.colcon_core.package_identification:_identify(src/csm) by extension 'ignore_ament_install'
[1.282s] Level 1:colcon.colcon_core.package_identification:_identify(src/csm) by extensions ['colcon_pkg']
[1.282s] Level 1:colcon.colcon_core.package_identification:_identify(src/csm) by extension 'colcon_pkg'
[1.282s] Level 1:colcon.colcon_core.package_identification:_identify(src/csm) by extensions ['colcon_meta']
[1.282s] Level 1:colcon.colcon_core.package_identification:_identify(src/csm) by extension 'colcon_meta'
[1.282s] Level 1:colcon.colcon_core.package_identification:_identify(src/csm) by extensions ['ros']
[1.282s] Level 1:colcon.colcon_core.package_identification:_identify(src/csm) by extension 'ros'
[1.285s] DEBUG:colcon.colcon_core.package_identification:Package 'src/csm' with type 'ros.ament_cmake' and name 'csm'
[1.285s] Level 1:colcon.colcon_core.package_identification:_identify(src/install) by extensions ['ignore', 'ignore_ament_install']
[1.285s] Level 1:colcon.colcon_core.package_identification:_identify(src/install) by extension 'ignore'
[1.285s] Level 1:colcon.colcon_core.package_identification:_identify(src/install) ignored
[1.285s] Level 1:colcon.colcon_core.package_identification:_identify(src/log) by extensions ['ignore', 'ignore_ament_install']
[1.286s] Level 1:colcon.colcon_core.package_identification:_identify(src/log) by extension 'ignore'
[1.286s] Level 1:colcon.colcon_core.package_identification:_identify(src/log) ignored
[1.286s] Level 1:colcon.colcon_core.package_identification:_identify(src/ros2_laser_scan_matcher) by extensions ['ignore', 'ignore_ament_install']
[1.286s] Level 1:colcon.colcon_core.package_identification:_identify(src/ros2_laser_scan_matcher) by extension 'ignore'
[1.286s] Level 1:colcon.colcon_core.package_identification:_identify(src/ros2_laser_scan_matcher) by extension 'ignore_ament_install'
[1.286s] Level 1:colcon.colcon_core.package_identification:_identify(src/ros2_laser_scan_matcher) by extensions ['colcon_pkg']
[1.286s] Level 1:colcon.colcon_core.package_identification:_identify(src/ros2_laser_scan_matcher) by extension 'colcon_pkg'
[1.286s] Level 1:colcon.colcon_core.package_identification:_identify(src/ros2_laser_scan_matcher) by extensions ['colcon_meta']
[1.286s] Level 1:colcon.colcon_core.package_identification:_identify(src/ros2_laser_scan_matcher) by extension 'colcon_meta'
[1.286s] Level 1:colcon.colcon_core.package_identification:_identify(src/ros2_laser_scan_matcher) by extensions ['ros']
[1.286s] Level 1:colcon.colcon_core.package_identification:_identify(src/ros2_laser_scan_matcher) by extension 'ros'
[1.287s] DEBUG:colcon.colcon_core.package_identification:Package 'src/ros2_laser_scan_matcher' with type 'ros.ament_cmake' and name 'ros2_laser_scan_matcher'
[1.287s] Level 1:colcon.colcon_core.package_identification:_identify(src/rplidar_ros2) by extensions ['ignore', 'ignore_ament_install']
[1.287s] Level 1:colcon.colcon_core.package_identification:_identify(src/rplidar_ros2) by extension 'ignore'
[1.287s] Level 1:colcon.colcon_core.package_identification:_identify(src/rplidar_ros2) by extension 'ignore_ament_install'
[1.288s] Level 1:colcon.colcon_core.package_identification:_identify(src/rplidar_ros2) by extensions ['colcon_pkg']
[1.288s] Level 1:colcon.colcon_core.package_identification:_identify(src/rplidar_ros2) by extension 'colcon_pkg'
[1.288s] Level 1:colcon.colcon_core.package_identification:_identify(src/rplidar_ros2) by extensions ['colcon_meta']
[1.288s] Level 1:colcon.colcon_core.package_identification:_identify(src/rplidar_ros2) by extension 'colcon_meta'
[1.288s] Level 1:colcon.colcon_core.package_identification:_identify(src/rplidar_ros2) by extensions ['ros']
[1.288s] Level 1:colcon.colcon_core.package_identification:_identify(src/rplidar_ros2) by extension 'ros'
[1.288s] DEBUG:colcon.colcon_core.package_identification:Package 'src/rplidar_ros2' with type 'ros.ament_cmake' and name 'rplidar_ros'
[1.289s] Level 1:colcon.colcon_core.package_identification:_identify(src/sllidar_ros2) by extensions ['ignore', 'ignore_ament_install']
[1.289s] Level 1:colcon.colcon_core.package_identification:_identify(src/sllidar_ros2) by extension 'ignore'
[1.289s] Level 1:colcon.colcon_core.package_identification:_identify(src/sllidar_ros2) by extension 'ignore_ament_install'
[1.289s] Level 1:colcon.colcon_core.package_identification:_identify(src/sllidar_ros2) by extensions ['colcon_pkg']
[1.289s] Level 1:colcon.colcon_core.package_identification:_identify(src/sllidar_ros2) by extension 'colcon_pkg'
[1.289s] Level 1:colcon.colcon_core.package_identification:_identify(src/sllidar_ros2) by extensions ['colcon_meta']
[1.289s] Level 1:colcon.colcon_core.package_identification:_identify(src/sllidar_ros2) by extension 'colcon_meta'
[1.289s] Level 1:colcon.colcon_core.package_identification:_identify(src/sllidar_ros2) by extensions ['ros']
[1.289s] Level 1:colcon.colcon_core.package_identification:_identify(src/sllidar_ros2) by extension 'ros'
[1.290s] DEBUG:colcon.colcon_core.package_identification:Package 'src/sllidar_ros2' with type 'ros.ament_cmake' and name 'sllidar_ros2'
[1.290s] Level 1:colcon.colcon_core.package_discovery:discover_packages(recursive) using defaults
[1.290s] Level 1:colcon.colcon_core.package_discovery:discover_packages(ignore) discover
[1.290s] Level 1:colcon.colcon_core.package_discovery:discover_packages(ignore) using defaults
[1.290s] Level 1:colcon.colcon_core.package_discovery:discover_packages(path) discover
[1.290s] Level 1:colcon.colcon_core.package_discovery:discover_packages(path) using defaults
[1.398s] Level 1:colcon.colcon_core.package_discovery:discover_packages(prefix_path) check parameters
[1.398s] Level 1:colcon.colcon_core.package_discovery:discover_packages(prefix_path) discover
[1.434s] DEBUG:colcon.colcon_installed_package_information.package_discovery:Found 33 installed packages in /home/frese/ros2_ws/install
[1.454s] DEBUG:colcon.colcon_installed_package_information.package_discovery:Found 270 installed packages in /opt/ros/humble
[1.456s] Level 1:colcon.colcon_core.package_discovery:discover_packages(prefix_path) using defaults
[1.570s] Level 5:colcon.colcon_core.verb:set package 'csm' build argument 'cmake_args' from command line to 'None'
[1.570s] Level 5:colcon.colcon_core.verb:set package 'csm' build argument 'cmake_target' from command line to 'None'
[1.570s] Level 5:colcon.colcon_core.verb:set package 'csm' build argument 'cmake_target_skip_unavailable' from command line to 'False'
[1.570s] Level 5:colcon.colcon_core.verb:set package 'csm' build argument 'cmake_clean_cache' from command line to 'False'
[1.570s] Level 5:colcon.colcon_core.verb:set package 'csm' build argument 'cmake_clean_first' from command line to 'False'
[1.570s] Level 5:colcon.colcon_core.verb:set package 'csm' build argument 'cmake_force_configure' from command line to 'False'
[1.570s] Level 5:colcon.colcon_core.verb:set package 'csm' build argument 'ament_cmake_args' from command line to 'None'
[1.570s] Level 5:colcon.colcon_core.verb:set package 'csm' build argument 'catkin_cmake_args' from command line to 'None'
[1.570s] Level 5:colcon.colcon_core.verb:set package 'csm' build argument 'catkin_skip_building_tests' from command line to 'False'
[1.570s] DEBUG:colcon.colcon_core.verb:Building package 'csm' with the following arguments: {'ament_cmake_args': None, 'build_base': '/home/frese/ros2_ws/build/csm', 'catkin_cmake_args': None, 'catkin_skip_building_tests': False, 'cmake_args': None, 'cmake_clean_cache': False, 'cmake_clean_first': False, 'cmake_force_configure': False, 'cmake_target': None, 'cmake_target_skip_unavailable': False, 'install_base': '/home/frese/ros2_ws/install/csm', 'merge_install': False, 'path': '/home/frese/ros2_ws/src/csm', 'symlink_install': True, 'test_result_base': None}
[1.586s] Level 5:colcon.colcon_core.verb:set package 'rplidar_ros' build argument 'cmake_args' from command line to 'None'
[1.587s] Level 5:colcon.colcon_core.verb:set package 'rplidar_ros' build argument 'cmake_target' from command line to 'None'
[1.587s] Level 5:colcon.colcon_core.verb:set package 'rplidar_ros' build argument 'cmake_target_skip_unavailable' from command line to 'False'
[1.587s] Level 5:colcon.colcon_core.verb:set package 'rplidar_ros' build argument 'cmake_clean_cache' from command line to 'False'
[1.587s] Level 5:colcon.colcon_core.verb:set package 'rplidar_ros' build argument 'cmake_clean_first' from command line to 'False'
[1.587s] Level 5:colcon.colcon_core.verb:set package 'rplidar_ros' build argument 'cmake_force_configure' from command line to 'False'
[1.587s] Level 5:colcon.colcon_core.verb:set package 'rplidar_ros' build argument 'ament_cmake_args' from command line to 'None'
[1.587s] Level 5:colcon.colcon_core.verb:set package 'rplidar_ros' build argument 'catkin_cmake_args' from command line to 'None'
[1.587s] Level 5:colcon.colcon_core.verb:set package 'rplidar_ros' build argument 'catkin_skip_building_tests' from command line to 'False'
[1.587s] DEBUG:colcon.colcon_core.verb:Building package 'rplidar_ros' with the following arguments: {'ament_cmake_args': None, 'build_base': '/home/frese/ros2_ws/build/rplidar_ros', 'catkin_cmake_args': None, 'catkin_skip_building_tests': False, 'cmake_args': None, 'cmake_clean_cache': False, 'cmake_clean_first': False, 'cmake_force_configure': False, 'cmake_target': None, 'cmake_target_skip_unavailable': False, 'install_base': '/home/frese/ros2_ws/install/rplidar_ros', 'merge_install': False, 'path': '/home/frese/ros2_ws/src/rplidar_ros2', 'symlink_install': True, 'test_result_base': None}
[1.603s] Level 5:colcon.colcon_core.verb:set package 'sllidar_ros2' build argument 'cmake_args' from command line to 'None'
[1.603s] Level 5:colcon.colcon_core.verb:set package 'sllidar_ros2' build argument 'cmake_target' from command line to 'None'
[1.603s] Level 5:colcon.colcon_core.verb:set package 'sllidar_ros2' build argument 'cmake_target_skip_unavailable' from command line to 'False'
[1.603s] Level 5:colcon.colcon_core.verb:set package 'sllidar_ros2' build argument 'cmake_clean_cache' from command line to 'False'
[1.603s] Level 5:colcon.colcon_core.verb:set package 'sllidar_ros2' build argument 'cmake_clean_first' from command line to 'False'
[1.603s] Level 5:colcon.colcon_core.verb:set package 'sllidar_ros2' build argument 'cmake_force_configure' from command line to 'False'
[1.603s] Level 5:colcon.colcon_core.verb:set package 'sllidar_ros2' build argument 'ament_cmake_args' from command line to 'None'
[1.603s] Level 5:colcon.colcon_core.verb:set package 'sllidar_ros2' build argument 'catkin_cmake_args' from command line to 'None'
[1.604s] Level 5:colcon.colcon_core.verb:set package 'sllidar_ros2' build argument 'catkin_skip_building_tests' from command line to 'False'
[1.604s] DEBUG:colcon.colcon_core.verb:Building package 'sllidar_ros2' with the following arguments: {'ament_cmake_args': None, 'build_base': '/home/frese/ros2_ws/build/sllidar_ros2', 'catkin_cmake_args': None, 'catkin_skip_building_tests': False, 'cmake_args': None, 'cmake_clean_cache': False, 'cmake_clean_first': False, 'cmake_force_configure': False, 'cmake_target': None, 'cmake_target_skip_unavailable': False, 'install_base': '/home/frese/ros2_ws/install/sllidar_ros2', 'merge_install': False, 'path': '/home/frese/ros2_ws/src/sllidar_ros2', 'symlink_install': True, 'test_result_base': None}
[1.620s] Level 5:colcon.colcon_core.verb:set package 'ros2_laser_scan_matcher' build argument 'cmake_args' from command line to 'None'
[1.620s] Level 5:colcon.colcon_core.verb:set package 'ros2_laser_scan_matcher' build argument 'cmake_target' from command line to 'None'
[1.620s] Level 5:colcon.colcon_core.verb:set package 'ros2_laser_scan_matcher' build argument 'cmake_target_skip_unavailable' from command line to 'False'
[1.620s] Level 5:colcon.colcon_core.verb:set package 'ros2_laser_scan_matcher' build argument 'cmake_clean_cache' from command line to 'False'
[1.620s] Level 5:colcon.colcon_core.verb:set package 'ros2_laser_scan_matcher' build argument 'cmake_clean_first' from command line to 'False'
[1.620s] Level 5:colcon.colcon_core.verb:set package 'ros2_laser_scan_matcher' build argument 'cmake_force_configure' from command line to 'False'
[1.620s] Level 5:colcon.colcon_core.verb:set package 'ros2_laser_scan_matcher' build argument 'ament_cmake_args' from command line to 'None'
[1.620s] Level 5:colcon.colcon_core.verb:set package 'ros2_laser_scan_matcher' build argument 'catkin_cmake_args' from command line to 'None'
[1.620s] Level 5:colcon.colcon_core.verb:set package 'ros2_laser_scan_matcher' build argument 'catkin_skip_building_tests' from command line to 'False'
[1.621s] DEBUG:colcon.colcon_core.verb:Building package 'ros2_laser_scan_matcher' with the following arguments: {'ament_cmake_args': None, 'build_base': '/home/frese/ros2_ws/build/ros2_laser_scan_matcher', 'catkin_cmake_args': None, 'catkin_skip_building_tests': False, 'cmake_args': None, 'cmake_clean_cache': False, 'cmake_clean_first': False, 'cmake_force_configure': False, 'cmake_target': None, 'cmake_target_skip_unavailable': False, 'install_base': '/home/frese/ros2_ws/install/ros2_laser_scan_matcher', 'merge_install': False, 'path': '/home/frese/ros2_ws/src/ros2_laser_scan_matcher', 'symlink_install': True, 'test_result_base': None}
[1.637s] INFO:colcon.colcon_core.executor:Executing jobs using 'parallel' executor
[1.655s] DEBUG:colcon.colcon_parallel_executor.executor.parallel:run_until_complete
[1.655s] INFO:colcon.colcon_ros.task.ament_cmake.build:Building ROS package in '/home/frese/ros2_ws/src/csm' with build type 'ament_cmake'
[1.656s] INFO:colcon.colcon_cmake.task.cmake.build:Building CMake package in '/home/frese/ros2_ws/src/csm'
[1.675s] INFO:colcon.colcon_core.plugin_system:Skipping extension 'colcon_core.shell.bat': Not used on non-Windows systems
[1.675s] INFO:colcon.colcon_core.shell:Skip shell extension 'powershell' for command environment: Not usable outside of PowerShell
[1.675s] DEBUG:colcon.colcon_core.shell:Skip shell extension 'dsv' for command environment
[1.734s] INFO:colcon.colcon_ros.task.ament_cmake.build:Building ROS package in '/home/frese/ros2_ws/src/rplidar_ros2' with build type 'ament_cmake'
[1.734s] INFO:colcon.colcon_cmake.task.cmake.build:Building CMake package in '/home/frese/ros2_ws/src/rplidar_ros2'
[1.753s] INFO:colcon.colcon_core.shell:Skip shell extension 'powershell' for command environment: Not usable outside of PowerShell
[1.753s] DEBUG:colcon.colcon_core.shell:Skip shell extension 'dsv' for command environment
[1.811s] INFO:colcon.colcon_ros.task.ament_cmake.build:Building ROS package in '/home/frese/ros2_ws/src/sllidar_ros2' with build type 'ament_cmake'
[1.811s] INFO:colcon.colcon_cmake.task.cmake.build:Building CMake package in '/home/frese/ros2_ws/src/sllidar_ros2'
[1.828s] INFO:colcon.colcon_core.shell:Skip shell extension 'powershell' for command environment: Not usable outside of PowerShell
[1.828s] DEBUG:colcon.colcon_core.shell:Skip shell extension 'dsv' for command environment
[1.894s] DEBUG:colcon.colcon_core.event_handler.log_command:Invoking command in '/home/frese/ros2_ws/build/csm': CMAKE_PREFIX_PATH=${CMAKE_PREFIX_PATH}:/home/frese/ros2_ws/install/launch_testing_examples:/home/frese/ros2_ws/install/examples_rclpy_pointcloud_publisher:/home/frese/ros2_ws/install/examples_rclpy_minimal_subscriber:/home/frese/ros2_ws/install/examples_rclpy_minimal_service:/home/frese/ros2_ws/install/examples_rclpy_minimal_publisher:/home/frese/ros2_ws/install/examples_rclpy_minimal_client:/home/frese/ros2_ws/install/examples_rclpy_minimal_action_server:/home/frese/ros2_ws/install/examples_rclpy_minimal_action_client:/home/frese/ros2_ws/install/examples_rclpy_guard_conditions:/home/frese/ros2_ws/install/examples_rclpy_executors:/home/frese/ros2_ws/install/examples_rclcpp_multithreaded_executor:/home/frese/ros2_ws/install/examples_rclcpp_minimal_timer:/home/frese/ros2_ws/install/examples_rclcpp_minimal_service:/home/frese/ros2_ws/install/examples_rclcpp_minimal_client:/home/frese/ros2_ws/install/examples_rclcpp_minimal_action_server:/home/frese/ros2_ws/install/examples_rclcpp_async_client:/opt/ros/humble /usr/bin/cmake /home/frese/ros2_ws/src/csm -DAMENT_CMAKE_SYMLINK_INSTALL=1 -DCMAKE_INSTALL_PREFIX=/home/frese/ros2_ws/install/csm
[1.898s] DEBUG:colcon.colcon_core.event_handler.log_command:Invoking command in '/home/frese/ros2_ws/build/rplidar_ros': CMAKE_PREFIX_PATH=${CMAKE_PREFIX_PATH}:/home/frese/ros2_ws/install/launch_testing_examples:/home/frese/ros2_ws/install/examples_rclpy_pointcloud_publisher:/home/frese/ros2_ws/install/examples_rclpy_minimal_subscriber:/home/frese/ros2_ws/install/examples_rclpy_minimal_service:/home/frese/ros2_ws/install/examples_rclpy_minimal_publisher:/home/frese/ros2_ws/install/examples_rclpy_minimal_client:/home/frese/ros2_ws/install/examples_rclpy_minimal_action_server:/home/frese/ros2_ws/install/examples_rclpy_minimal_action_client:/home/frese/ros2_ws/install/examples_rclpy_guard_conditions:/home/frese/ros2_ws/install/examples_rclpy_executors:/home/frese/ros2_ws/install/examples_rclcpp_multithreaded_executor:/home/frese/ros2_ws/install/examples_rclcpp_minimal_timer:/home/frese/ros2_ws/install/examples_rclcpp_minimal_service:/home/frese/ros2_ws/install/examples_rclcpp_minimal_client:/home/frese/ros2_ws/install/examples_rclcpp_minimal_action_server:/home/frese/ros2_ws/install/examples_rclcpp_async_client:/opt/ros/humble /usr/bin/cmake --build /home/frese/ros2_ws/build/rplidar_ros -- -j26 -l26
[1.904s] DEBUG:colcon.colcon_core.event_handler.log_command:Invoking command in '/home/frese/ros2_ws/build/sllidar_ros2': CMAKE_PREFIX_PATH=${CMAKE_PREFIX_PATH}:/home/frese/ros2_ws/install/launch_testing_examples:/home/frese/ros2_ws/install/examples_rclpy_pointcloud_publisher:/home/frese/ros2_ws/install/examples_rclpy_minimal_subscriber:/home/frese/ros2_ws/install/examples_rclpy_minimal_service:/home/frese/ros2_ws/install/examples_rclpy_minimal_publisher:/home/frese/ros2_ws/install/examples_rclpy_minimal_client:/home/frese/ros2_ws/install/examples_rclpy_minimal_action_server:/home/frese/ros2_ws/install/examples_rclpy_minimal_action_client:/home/frese/ros2_ws/install/examples_rclpy_guard_conditions:/home/frese/ros2_ws/install/examples_rclpy_executors:/home/frese/ros2_ws/install/examples_rclcpp_multithreaded_executor:/home/frese/ros2_ws/install/examples_rclcpp_minimal_timer:/home/frese/ros2_ws/install/examples_rclcpp_minimal_service:/home/frese/ros2_ws/install/examples_rclcpp_minimal_client:/home/frese/ros2_ws/install/examples_rclcpp_minimal_action_server:/home/frese/ros2_ws/install/examples_rclcpp_async_client:/opt/ros/humble /usr/bin/cmake --build /home/frese/ros2_ws/build/sllidar_ros2 -- -j26 -l26
[2.009s] DEBUG:colcon.colcon_core.event_handler.log_command:Invoked command in '/home/frese/ros2_ws/build/sllidar_ros2' returned '0': CMAKE_PREFIX_PATH=${CMAKE_PREFIX_PATH}:/home/frese/ros2_ws/install/launch_testing_examples:/home/frese/ros2_ws/install/examples_rclpy_pointcloud_publisher:/home/frese/ros2_ws/install/examples_rclpy_minimal_subscriber:/home/frese/ros2_ws/install/examples_rclpy_minimal_service:/home/frese/ros2_ws/install/examples_rclpy_minimal_publisher:/home/frese/ros2_ws/install/examples_rclpy_minimal_client:/home/frese/ros2_ws/install/examples_rclpy_minimal_action_server:/home/frese/ros2_ws/install/examples_rclpy_minimal_action_client:/home/frese/ros2_ws/install/examples_rclpy_guard_conditions:/home/frese/ros2_ws/install/examples_rclpy_executors:/home/frese/ros2_ws/install/examples_rclcpp_multithreaded_executor:/home/frese/ros2_ws/install/examples_rclcpp_minimal_timer:/home/frese/ros2_ws/install/examples_rclcpp_minimal_service:/home/frese/ros2_ws/install/examples_rclcpp_minimal_client:/home/frese/ros2_ws/install/examples_rclcpp_minimal_action_server:/home/frese/ros2_ws/install/examples_rclcpp_async_client:/opt/ros/humble /usr/bin/cmake --build /home/frese/ros2_ws/build/sllidar_ros2 -- -j26 -l26
[2.039s] DEBUG:colcon.colcon_core.event_handler.log_command:Invoked command in '/home/frese/ros2_ws/build/rplidar_ros' returned '0': CMAKE_PREFIX_PATH=${CMAKE_PREFIX_PATH}:/home/frese/ros2_ws/install/launch_testing_examples:/home/frese/ros2_ws/install/examples_rclpy_pointcloud_publisher:/home/frese/ros2_ws/install/examples_rclpy_minimal_subscriber:/home/frese/ros2_ws/install/examples_rclpy_minimal_service:/home/frese/ros2_ws/install/examples_rclpy_minimal_publisher:/home/frese/ros2_ws/install/examples_rclpy_minimal_client:/home/frese/ros2_ws/install/examples_rclpy_minimal_action_server:/home/frese/ros2_ws/install/examples_rclpy_minimal_action_client:/home/frese/ros2_ws/install/examples_rclpy_guard_conditions:/home/frese/ros2_ws/install/examples_rclpy_executors:/home/frese/ros2_ws/install/examples_rclcpp_multithreaded_executor:/home/frese/ros2_ws/install/examples_rclcpp_minimal_timer:/home/frese/ros2_ws/install/examples_rclcpp_minimal_service:/home/frese/ros2_ws/install/examples_rclcpp_minimal_client:/home/frese/ros2_ws/install/examples_rclcpp_minimal_action_server:/home/frese/ros2_ws/install/examples_rclcpp_async_client:/opt/ros/humble /usr/bin/cmake --build /home/frese/ros2_ws/build/rplidar_ros -- -j26 -l26
[2.136s] DEBUG:colcon.colcon_core.event_handler.log_command:Invoking command in '/home/frese/ros2_ws/build/rplidar_ros': CMAKE_PREFIX_PATH=${CMAKE_PREFIX_PATH}:/home/frese/ros2_ws/install/launch_testing_examples:/home/frese/ros2_ws/install/examples_rclpy_pointcloud_publisher:/home/frese/ros2_ws/install/examples_rclpy_minimal_subscriber:/home/frese/ros2_ws/install/examples_rclpy_minimal_service:/home/frese/ros2_ws/install/examples_rclpy_minimal_publisher:/home/frese/ros2_ws/install/examples_rclpy_minimal_client:/home/frese/ros2_ws/install/examples_rclpy_minimal_action_server:/home/frese/ros2_ws/install/examples_rclpy_minimal_action_client:/home/frese/ros2_ws/install/examples_rclpy_guard_conditions:/home/frese/ros2_ws/install/examples_rclpy_executors:/home/frese/ros2_ws/install/examples_rclcpp_multithreaded_executor:/home/frese/ros2_ws/install/examples_rclcpp_minimal_timer:/home/frese/ros2_ws/install/examples_rclcpp_minimal_service:/home/frese/ros2_ws/install/examples_rclcpp_minimal_client:/home/frese/ros2_ws/install/examples_rclcpp_minimal_action_server:/home/frese/ros2_ws/install/examples_rclcpp_async_client:/opt/ros/humble /usr/bin/cmake --install /home/frese/ros2_ws/build/rplidar_ros
[2.139s] DEBUG:colcon.colcon_core.event_handler.log_command:Invoking command in '/home/frese/ros2_ws/build/sllidar_ros2': CMAKE_PREFIX_PATH=${CMAKE_PREFIX_PATH}:/home/frese/ros2_ws/install/launch_testing_examples:/home/frese/ros2_ws/install/examples_rclpy_pointcloud_publisher:/home/frese/ros2_ws/install/examples_rclpy_minimal_subscriber:/home/frese/ros2_ws/install/examples_rclpy_minimal_service:/home/frese/ros2_ws/install/examples_rclpy_minimal_publisher:/home/frese/ros2_ws/install/examples_rclpy_minimal_client:/home/frese/ros2_ws/install/examples_rclpy_minimal_action_server:/home/frese/ros2_ws/install/examples_rclpy_minimal_action_client:/home/frese/ros2_ws/install/examples_rclpy_guard_conditions:/home/frese/ros2_ws/install/examples_rclpy_executors:/home/frese/ros2_ws/install/examples_rclcpp_multithreaded_executor:/home/frese/ros2_ws/install/examples_rclcpp_minimal_timer:/home/frese/ros2_ws/install/examples_rclcpp_minimal_service:/home/frese/ros2_ws/install/examples_rclcpp_minimal_client:/home/frese/ros2_ws/install/examples_rclcpp_minimal_action_server:/home/frese/ros2_ws/install/examples_rclcpp_async_client:/opt/ros/humble /usr/bin/cmake --install /home/frese/ros2_ws/build/sllidar_ros2
[2.175s] Level 1:colcon.colcon_core.environment:create_environment_scripts_only(rplidar_ros)
[2.179s] DEBUG:colcon.colcon_core.event_handler.log_command:Invoked command in '/home/frese/ros2_ws/build/rplidar_ros' returned '0': CMAKE_PREFIX_PATH=${CMAKE_PREFIX_PATH}:/home/frese/ros2_ws/install/launch_testing_examples:/home/frese/ros2_ws/install/examples_rclpy_pointcloud_publisher:/home/frese/ros2_ws/install/examples_rclpy_minimal_subscriber:/home/frese/ros2_ws/install/examples_rclpy_minimal_service:/home/frese/ros2_ws/install/examples_rclpy_minimal_publisher:/home/frese/ros2_ws/install/examples_rclpy_minimal_client:/home/frese/ros2_ws/install/examples_rclpy_minimal_action_server:/home/frese/ros2_ws/install/examples_rclpy_minimal_action_client:/home/frese/ros2_ws/install/examples_rclpy_guard_conditions:/home/frese/ros2_ws/install/examples_rclpy_executors:/home/frese/ros2_ws/install/examples_rclcpp_multithreaded_executor:/home/frese/ros2_ws/install/examples_rclcpp_minimal_timer:/home/frese/ros2_ws/install/examples_rclcpp_minimal_service:/home/frese/ros2_ws/install/examples_rclcpp_minimal_client:/home/frese/ros2_ws/install/examples_rclcpp_minimal_action_server:/home/frese/ros2_ws/install/examples_rclcpp_async_client:/opt/ros/humble /usr/bin/cmake --install /home/frese/ros2_ws/build/rplidar_ros
[2.200s] Level 1:colcon.colcon_core.environment:checking '/home/frese/ros2_ws/install/rplidar_ros' for CMake module files
[2.201s] Level 1:colcon.colcon_core.environment:checking '/home/frese/ros2_ws/install/rplidar_ros' for CMake config files
[2.202s] Level 1:colcon.colcon_core.shell:create_environment_hook('rplidar_ros', 'cmake_prefix_path')
[2.219s] INFO:colcon.colcon_core.shell:Creating environment hook '/home/frese/ros2_ws/install/rplidar_ros/share/rplidar_ros/hook/cmake_prefix_path.ps1'
[2.220s] INFO:colcon.colcon_core.shell:Creating environment descriptor '/home/frese/ros2_ws/install/rplidar_ros/share/rplidar_ros/hook/cmake_prefix_path.dsv'
[2.220s] INFO:colcon.colcon_core.shell:Creating environment hook '/home/frese/ros2_ws/install/rplidar_ros/share/rplidar_ros/hook/cmake_prefix_path.sh'
[2.221s] Level 1:colcon.colcon_core.environment:checking '/home/frese/ros2_ws/install/rplidar_ros/lib'
[2.222s] Level 1:colcon.colcon_core.shell:create_environment_hook('rplidar_ros', 'ld_library_path_lib')
[2.238s] INFO:colcon.colcon_core.shell:Creating environment hook '/home/frese/ros2_ws/install/rplidar_ros/share/rplidar_ros/hook/ld_library_path_lib.ps1'
[2.238s] INFO:colcon.colcon_core.shell:Creating environment descriptor '/home/frese/ros2_ws/install/rplidar_ros/share/rplidar_ros/hook/ld_library_path_lib.dsv'
[2.239s] INFO:colcon.colcon_core.shell:Creating environment hook '/home/frese/ros2_ws/install/rplidar_ros/share/rplidar_ros/hook/ld_library_path_lib.sh'
[2.239s] Level 1:colcon.colcon_core.environment:checking '/home/frese/ros2_ws/install/rplidar_ros/bin'
[2.239s] Level 1:colcon.colcon_core.environment:checking '/home/frese/ros2_ws/install/rplidar_ros/lib/pkgconfig/rplidar_ros.pc'
[2.240s] Level 1:colcon.colcon_core.environment:checking '/home/frese/ros2_ws/install/rplidar_ros/lib/python3.10/site-packages'
[2.240s] Level 1:colcon.colcon_core.environment:checking '/home/frese/ros2_ws/install/rplidar_ros/bin'
[2.258s] INFO:colcon.colcon_core.shell:Creating package script '/home/frese/ros2_ws/install/rplidar_ros/share/rplidar_ros/package.ps1'
[2.259s] INFO:colcon.colcon_core.shell:Creating package descriptor '/home/frese/ros2_ws/install/rplidar_ros/share/rplidar_ros/package.dsv'
[2.260s] INFO:colcon.colcon_core.shell:Creating package script '/home/frese/ros2_ws/install/rplidar_ros/share/rplidar_ros/package.sh'
[2.261s] INFO:colcon.colcon_core.shell:Creating package script '/home/frese/ros2_ws/install/rplidar_ros/share/rplidar_ros/package.bash'
[2.262s] INFO:colcon.colcon_core.shell:Creating package script '/home/frese/ros2_ws/install/rplidar_ros/share/rplidar_ros/package.zsh'
[2.263s] Level 1:colcon.colcon_core.environment:create_file_with_runtime_dependencies(/home/frese/ros2_ws/install/rplidar_ros/share/colcon-core/packages/rplidar_ros)
[2.265s] Level 1:colcon.colcon_core.environment:create_environment_scripts_only(sllidar_ros2)
[2.266s] DEBUG:colcon.colcon_core.event_handler.log_command:Invoked command in '/home/frese/ros2_ws/build/sllidar_ros2' returned '0': CMAKE_PREFIX_PATH=${CMAKE_PREFIX_PATH}:/home/frese/ros2_ws/install/launch_testing_examples:/home/frese/ros2_ws/install/examples_rclpy_pointcloud_publisher:/home/frese/ros2_ws/install/examples_rclpy_minimal_subscriber:/home/frese/ros2_ws/install/examples_rclpy_minimal_service:/home/frese/ros2_ws/install/examples_rclpy_minimal_publisher:/home/frese/ros2_ws/install/examples_rclpy_minimal_client:/home/frese/ros2_ws/install/examples_rclpy_minimal_action_server:/home/frese/ros2_ws/install/examples_rclpy_minimal_action_client:/home/frese/ros2_ws/install/examples_rclpy_guard_conditions:/home/frese/ros2_ws/install/examples_rclpy_executors:/home/frese/ros2_ws/install/examples_rclcpp_multithreaded_executor:/home/frese/ros2_ws/install/examples_rclcpp_minimal_timer:/home/frese/ros2_ws/install/examples_rclcpp_minimal_service:/home/frese/ros2_ws/install/examples_rclcpp_minimal_client:/home/frese/ros2_ws/install/examples_rclcpp_minimal_action_server:/home/frese/ros2_ws/install/examples_rclcpp_async_client:/opt/ros/humble /usr/bin/cmake --install /home/frese/ros2_ws/build/sllidar_ros2
[2.290s] Level 1:colcon.colcon_core.environment:checking '/home/frese/ros2_ws/install/sllidar_ros2' for CMake module files
[2.291s] Level 1:colcon.colcon_core.environment:checking '/home/frese/ros2_ws/install/sllidar_ros2' for CMake config files
[2.291s] Level 1:colcon.colcon_core.shell:create_environment_hook('sllidar_ros2', 'cmake_prefix_path')
[2.308s] INFO:colcon.colcon_core.shell:Creating environment hook '/home/frese/ros2_ws/install/sllidar_ros2/share/sllidar_ros2/hook/cmake_prefix_path.ps1'
[2.309s] INFO:colcon.colcon_core.shell:Creating environment descriptor '/home/frese/ros2_ws/install/sllidar_ros2/share/sllidar_ros2/hook/cmake_prefix_path.dsv'
[2.309s] INFO:colcon.colcon_core.shell:Creating environment hook '/home/frese/ros2_ws/install/sllidar_ros2/share/sllidar_ros2/hook/cmake_prefix_path.sh'
[2.310s] Level 1:colcon.colcon_core.environment:checking '/home/frese/ros2_ws/install/sllidar_ros2/lib'
[2.310s] Level 1:colcon.colcon_core.environment:checking '/home/frese/ros2_ws/install/sllidar_ros2/bin'
[2.310s] Level 1:colcon.colcon_core.environment:checking '/home/frese/ros2_ws/install/sllidar_ros2/lib/pkgconfig/sllidar_ros2.pc'
[2.311s] Level 1:colcon.colcon_core.environment:checking '/home/frese/ros2_ws/install/sllidar_ros2/lib/python3.10/site-packages'
[2.311s] Level 1:colcon.colcon_core.environment:checking '/home/frese/ros2_ws/install/sllidar_ros2/bin'
[2.330s] INFO:colcon.colcon_core.shell:Creating package script '/home/frese/ros2_ws/install/sllidar_ros2/share/sllidar_ros2/package.ps1'
[2.330s] INFO:colcon.colcon_core.shell:Creating package descriptor '/home/frese/ros2_ws/install/sllidar_ros2/share/sllidar_ros2/package.dsv'
[2.331s] INFO:colcon.colcon_core.shell:Creating package script '/home/frese/ros2_ws/install/sllidar_ros2/share/sllidar_ros2/package.sh'
[2.332s] INFO:colcon.colcon_core.shell:Creating package script '/home/frese/ros2_ws/install/sllidar_ros2/share/sllidar_ros2/package.bash'
[2.333s] INFO:colcon.colcon_core.shell:Creating package script '/home/frese/ros2_ws/install/sllidar_ros2/share/sllidar_ros2/package.zsh'
[2.333s] Level 1:colcon.colcon_core.environment:create_file_with_runtime_dependencies(/home/frese/ros2_ws/install/sllidar_ros2/share/colcon-core/packages/sllidar_ros2)
[2.360s] Level 1:colcon.colcon_core.environment:create_environment_scripts_only(rplidar_ros)
[2.379s] Level 1:colcon.colcon_core.environment:checking '/home/frese/ros2_ws/install/rplidar_ros' for CMake module files
[2.379s] Level 1:colcon.colcon_core.environment:checking '/home/frese/ros2_ws/install/rplidar_ros' for CMake config files
[2.380s] Level 1:colcon.colcon_core.shell:create_environment_hook('rplidar_ros', 'cmake_prefix_path')
[2.405s] INFO:colcon.colcon_core.shell:Creating environment hook '/home/frese/ros2_ws/install/rplidar_ros/share/rplidar_ros/hook/cmake_prefix_path.ps1'
[2.406s] INFO:colcon.colcon_core.shell:Creating environment descriptor '/home/frese/ros2_ws/install/rplidar_ros/share/rplidar_ros/hook/cmake_prefix_path.dsv'
[2.406s] INFO:colcon.colcon_core.shell:Creating environment hook '/home/frese/ros2_ws/install/rplidar_ros/share/rplidar_ros/hook/cmake_prefix_path.sh'
[2.408s] Level 1:colcon.colcon_core.environment:checking '/home/frese/ros2_ws/install/rplidar_ros/lib'
[2.408s] Level 1:colcon.colcon_core.shell:create_environment_hook('rplidar_ros', 'ld_library_path_lib')
[2.428s] INFO:colcon.colcon_core.shell:Creating environment hook '/home/frese/ros2_ws/install/rplidar_ros/share/rplidar_ros/hook/ld_library_path_lib.ps1'
[2.428s] INFO:colcon.colcon_core.shell:Creating environment descriptor '/home/frese/ros2_ws/install/rplidar_ros/share/rplidar_ros/hook/ld_library_path_lib.dsv'
[2.430s] INFO:colcon.colcon_core.shell:Creating environment hook '/home/frese/ros2_ws/install/rplidar_ros/share/rplidar_ros/hook/ld_library_path_lib.sh'
[2.430s] Level 1:colcon.colcon_core.environment:checking '/home/frese/ros2_ws/install/rplidar_ros/bin'
[2.430s] Level 1:colcon.colcon_core.environment:checking '/home/frese/ros2_ws/install/rplidar_ros/lib/pkgconfig/rplidar_ros.pc'
[2.431s] Level 1:colcon.colcon_core.environment:checking '/home/frese/ros2_ws/install/rplidar_ros/lib/python3.10/site-packages'
[2.431s] Level 1:colcon.colcon_core.environment:checking '/home/frese/ros2_ws/install/rplidar_ros/bin'
[2.449s] INFO:colcon.colcon_core.shell:Creating package script '/home/frese/ros2_ws/install/rplidar_ros/share/rplidar_ros/package.ps1'
[2.449s] INFO:colcon.colcon_core.shell:Creating package descriptor '/home/frese/ros2_ws/install/rplidar_ros/share/rplidar_ros/package.dsv'
[2.450s] INFO:colcon.colcon_core.shell:Creating package script '/home/frese/ros2_ws/install/rplidar_ros/share/rplidar_ros/package.sh'
[2.450s] INFO:colcon.colcon_core.shell:Creating package script '/home/frese/ros2_ws/install/rplidar_ros/share/rplidar_ros/package.bash'
[2.451s] INFO:colcon.colcon_core.shell:Creating package script '/home/frese/ros2_ws/install/rplidar_ros/share/rplidar_ros/package.zsh'
[2.451s] Level 1:colcon.colcon_core.environment:create_file_with_runtime_dependencies(/home/frese/ros2_ws/install/rplidar_ros/share/colcon-core/packages/rplidar_ros)
[2.472s] Level 1:colcon.colcon_core.environment:create_environment_scripts_only(sllidar_ros2)
[2.493s] Level 1:colcon.colcon_core.environment:checking '/home/frese/ros2_ws/install/sllidar_ros2' for CMake module files
[2.495s] Level 1:colcon.colcon_core.environment:checking '/home/frese/ros2_ws/install/sllidar_ros2' for CMake config files
[2.496s] Level 1:colcon.colcon_core.shell:create_environment_hook('sllidar_ros2', 'cmake_prefix_path')
[2.515s] INFO:colcon.colcon_core.shell:Creating environment hook '/home/frese/ros2_ws/install/sllidar_ros2/share/sllidar_ros2/hook/cmake_prefix_path.ps1'
[2.516s] INFO:colcon.colcon_core.shell:Creating environment descriptor '/home/frese/ros2_ws/install/sllidar_ros2/share/sllidar_ros2/hook/cmake_prefix_path.dsv'
[2.516s] INFO:colcon.colcon_core.shell:Creating environment hook '/home/frese/ros2_ws/install/sllidar_ros2/share/sllidar_ros2/hook/cmake_prefix_path.sh'
[2.517s] Level 1:colcon.colcon_core.environment:checking '/home/frese/ros2_ws/install/sllidar_ros2/lib'
[2.517s] Level 1:colcon.colcon_core.environment:checking '/home/frese/ros2_ws/install/sllidar_ros2/bin'
[2.517s] Level 1:colcon.colcon_core.environment:checking '/home/frese/ros2_ws/install/sllidar_ros2/lib/pkgconfig/sllidar_ros2.pc'
[2.517s] Level 1:colcon.colcon_core.environment:checking '/home/frese/ros2_ws/install/sllidar_ros2/lib/python3.10/site-packages'
[2.518s] Level 1:colcon.colcon_core.environment:checking '/home/frese/ros2_ws/install/sllidar_ros2/bin'
[2.535s] INFO:colcon.colcon_core.shell:Creating package script '/home/frese/ros2_ws/install/sllidar_ros2/share/sllidar_ros2/package.ps1'
[2.536s] INFO:colcon.colcon_core.shell:Creating package descriptor '/home/frese/ros2_ws/install/sllidar_ros2/share/sllidar_ros2/package.dsv'
[2.536s] INFO:colcon.colcon_core.shell:Creating package script '/home/frese/ros2_ws/install/sllidar_ros2/share/sllidar_ros2/package.sh'
[2.537s] INFO:colcon.colcon_core.shell:Creating package script '/home/frese/ros2_ws/install/sllidar_ros2/share/sllidar_ros2/package.bash'
[2.537s] INFO:colcon.colcon_core.shell:Creating package script '/home/frese/ros2_ws/install/sllidar_ros2/share/sllidar_ros2/package.zsh'
[2.538s] Level 1:colcon.colcon_core.environment:create_file_with_runtime_dependencies(/home/frese/ros2_ws/install/sllidar_ros2/share/colcon-core/packages/sllidar_ros2)
[4.030s] DEBUG:colcon.colcon_core.event_handler.log_command:Invoked command in '/home/frese/ros2_ws/build/csm' returned '0': CMAKE_PREFIX_PATH=${CMAKE_PREFIX_PATH}:/home/frese/ros2_ws/install/launch_testing_examples:/home/frese/ros2_ws/install/examples_rclpy_pointcloud_publisher:/home/frese/ros2_ws/install/examples_rclpy_minimal_subscriber:/home/frese/ros2_ws/install/examples_rclpy_minimal_service:/home/frese/ros2_ws/install/examples_rclpy_minimal_publisher:/home/frese/ros2_ws/install/examples_rclpy_minimal_client:/home/frese/ros2_ws/install/examples_rclpy_minimal_action_server:/home/frese/ros2_ws/install/examples_rclpy_minimal_action_client:/home/frese/ros2_ws/install/examples_rclpy_guard_conditions:/home/frese/ros2_ws/install/examples_rclpy_executors:/home/frese/ros2_ws/install/examples_rclcpp_multithreaded_executor:/home/frese/ros2_ws/install/examples_rclcpp_minimal_timer:/home/frese/ros2_ws/install/examples_rclcpp_minimal_service:/home/frese/ros2_ws/install/examples_rclcpp_minimal_client:/home/frese/ros2_ws/install/examples_rclcpp_minimal_action_server:/home/frese/ros2_ws/install/examples_rclcpp_async_client:/opt/ros/humble /usr/bin/cmake /home/frese/ros2_ws/src/csm -DAMENT_CMAKE_SYMLINK_INSTALL=1 -DCMAKE_INSTALL_PREFIX=/home/frese/ros2_ws/install/csm
[4.032s] DEBUG:colcon.colcon_core.event_handler.log_command:Invoking command in '/home/frese/ros2_ws/build/csm': CMAKE_PREFIX_PATH=${CMAKE_PREFIX_PATH}:/home/frese/ros2_ws/install/launch_testing_examples:/home/frese/ros2_ws/install/examples_rclpy_pointcloud_publisher:/home/frese/ros2_ws/install/examples_rclpy_minimal_subscriber:/home/frese/ros2_ws/install/examples_rclpy_minimal_service:/home/frese/ros2_ws/install/examples_rclpy_minimal_publisher:/home/frese/ros2_ws/install/examples_rclpy_minimal_client:/home/frese/ros2_ws/install/examples_rclpy_minimal_action_server:/home/frese/ros2_ws/install/examples_rclpy_minimal_action_client:/home/frese/ros2_ws/install/examples_rclpy_guard_conditions:/home/frese/ros2_ws/install/examples_rclpy_executors:/home/frese/ros2_ws/install/examples_rclcpp_multithreaded_executor:/home/frese/ros2_ws/install/examples_rclcpp_minimal_timer:/home/frese/ros2_ws/install/examples_rclcpp_minimal_service:/home/frese/ros2_ws/install/examples_rclcpp_minimal_client:/home/frese/ros2_ws/install/examples_rclcpp_minimal_action_server:/home/frese/ros2_ws/install/examples_rclcpp_async_client:/opt/ros/humble /usr/bin/cmake --build /home/frese/ros2_ws/build/csm -- -j26 -l26
[20.438s] DEBUG:colcon.colcon_core.event_handler.log_command:Invoked command in '/home/frese/ros2_ws/build/csm' returned '0': CMAKE_PREFIX_PATH=${CMAKE_PREFIX_PATH}:/home/frese/ros2_ws/install/launch_testing_examples:/home/frese/ros2_ws/install/examples_rclpy_pointcloud_publisher:/home/frese/ros2_ws/install/examples_rclpy_minimal_subscriber:/home/frese/ros2_ws/install/examples_rclpy_minimal_service:/home/frese/ros2_ws/install/examples_rclpy_minimal_publisher:/home/frese/ros2_ws/install/examples_rclpy_minimal_client:/home/frese/ros2_ws/install/examples_rclpy_minimal_action_server:/home/frese/ros2_ws/install/examples_rclpy_minimal_action_client:/home/frese/ros2_ws/install/examples_rclpy_guard_conditions:/home/frese/ros2_ws/install/examples_rclpy_executors:/home/frese/ros2_ws/install/examples_rclcpp_multithreaded_executor:/home/frese/ros2_ws/install/examples_rclcpp_minimal_timer:/home/frese/ros2_ws/install/examples_rclcpp_minimal_service:/home/frese/ros2_ws/install/examples_rclcpp_minimal_client:/home/frese/ros2_ws/install/examples_rclcpp_minimal_action_server:/home/frese/ros2_ws/install/examples_rclcpp_async_client:/opt/ros/humble /usr/bin/cmake --build /home/frese/ros2_ws/build/csm -- -j26 -l26
[20.596s] DEBUG:colcon.colcon_core.event_handler.log_command:Invoking command in '/home/frese/ros2_ws/build/csm': CMAKE_PREFIX_PATH=${CMAKE_PREFIX_PATH}:/home/frese/ros2_ws/install/launch_testing_examples:/home/frese/ros2_ws/install/examples_rclpy_pointcloud_publisher:/home/frese/ros2_ws/install/examples_rclpy_minimal_subscriber:/home/frese/ros2_ws/install/examples_rclpy_minimal_service:/home/frese/ros2_ws/install/examples_rclpy_minimal_publisher:/home/frese/ros2_ws/install/examples_rclpy_minimal_client:/home/frese/ros2_ws/install/examples_rclpy_minimal_action_server:/home/frese/ros2_ws/install/examples_rclpy_minimal_action_client:/home/frese/ros2_ws/install/examples_rclpy_guard_conditions:/home/frese/ros2_ws/install/examples_rclpy_executors:/home/frese/ros2_ws/install/examples_rclcpp_multithreaded_executor:/home/frese/ros2_ws/install/examples_rclcpp_minimal_timer:/home/frese/ros2_ws/install/examples_rclcpp_minimal_service:/home/frese/ros2_ws/install/examples_rclcpp_minimal_client:/home/frese/ros2_ws/install/examples_rclcpp_minimal_action_server:/home/frese/ros2_ws/install/examples_rclcpp_async_client:/opt/ros/humble /usr/bin/cmake --install /home/frese/ros2_ws/build/csm
[20.947s] Level 1:colcon.colcon_core.environment:create_environment_scripts_only(csm)
[20.947s] DEBUG:colcon.colcon_core.event_handler.log_command:Invoked command in '/home/frese/ros2_ws/build/csm' returned '0': CMAKE_PREFIX_PATH=${CMAKE_PREFIX_PATH}:/home/frese/ros2_ws/install/launch_testing_examples:/home/frese/ros2_ws/install/examples_rclpy_pointcloud_publisher:/home/frese/ros2_ws/install/examples_rclpy_minimal_subscriber:/home/frese/ros2_ws/install/examples_rclpy_minimal_service:/home/frese/ros2_ws/install/examples_rclpy_minimal_publisher:/home/frese/ros2_ws/install/examples_rclpy_minimal_client:/home/frese/ros2_ws/install/examples_rclpy_minimal_action_server:/home/frese/ros2_ws/install/examples_rclpy_minimal_action_client:/home/frese/ros2_ws/install/examples_rclpy_guard_conditions:/home/frese/ros2_ws/install/examples_rclpy_executors:/home/frese/ros2_ws/install/examples_rclcpp_multithreaded_executor:/home/frese/ros2_ws/install/examples_rclcpp_minimal_timer:/home/frese/ros2_ws/install/examples_rclcpp_minimal_service:/home/frese/ros2_ws/install/examples_rclcpp_minimal_client:/home/frese/ros2_ws/install/examples_rclcpp_minimal_action_server:/home/frese/ros2_ws/install/examples_rclcpp_async_client:/opt/ros/humble /usr/bin/cmake --install /home/frese/ros2_ws/build/csm
[20.970s] Level 1:colcon.colcon_core.environment:checking '/home/frese/ros2_ws/install/csm' for CMake module files
[20.971s] Level 1:colcon.colcon_core.environment:checking '/home/frese/ros2_ws/install/csm' for CMake config files
[20.971s] Level 1:colcon.colcon_core.shell:create_environment_hook('csm', 'cmake_prefix_path')
[20.991s] INFO:colcon.colcon_core.shell:Creating environment hook '/home/frese/ros2_ws/install/csm/share/csm/hook/cmake_prefix_path.ps1'
[20.991s] INFO:colcon.colcon_core.shell:Creating environment descriptor '/home/frese/ros2_ws/install/csm/share/csm/hook/cmake_prefix_path.dsv'
[20.992s] INFO:colcon.colcon_core.shell:Creating environment hook '/home/frese/ros2_ws/install/csm/share/csm/hook/cmake_prefix_path.sh'
[20.992s] Level 1:colcon.colcon_core.environment:checking '/home/frese/ros2_ws/install/csm/lib'
[20.992s] Level 1:colcon.colcon_core.shell:create_environment_hook('csm', 'ld_library_path_lib')
[21.008s] INFO:colcon.colcon_core.shell:Creating environment hook '/home/frese/ros2_ws/install/csm/share/csm/hook/ld_library_path_lib.ps1'
[21.009s] INFO:colcon.colcon_core.shell:Creating environment descriptor '/home/frese/ros2_ws/install/csm/share/csm/hook/ld_library_path_lib.dsv'
[21.009s] INFO:colcon.colcon_core.shell:Creating environment hook '/home/frese/ros2_ws/install/csm/share/csm/hook/ld_library_path_lib.sh'
[21.010s] Level 1:colcon.colcon_core.environment:checking '/home/frese/ros2_ws/install/csm/bin'
[21.010s] Level 1:colcon.colcon_core.environment:checking '/home/frese/ros2_ws/install/csm/lib/pkgconfig/csm.pc'
[21.010s] Level 1:colcon.colcon_core.environment:checking '/home/frese/ros2_ws/install/csm/lib/python3.10/site-packages'
[21.010s] Level 1:colcon.colcon_core.environment:checking '/home/frese/ros2_ws/install/csm/bin'
[21.029s] INFO:colcon.colcon_core.shell:Creating package script '/home/frese/ros2_ws/install/csm/share/csm/package.ps1'
[21.030s] INFO:colcon.colcon_core.shell:Creating package descriptor '/home/frese/ros2_ws/install/csm/share/csm/package.dsv'
[21.031s] INFO:colcon.colcon_core.shell:Creating package script '/home/frese/ros2_ws/install/csm/share/csm/package.sh'
[21.031s] INFO:colcon.colcon_core.shell:Creating package script '/home/frese/ros2_ws/install/csm/share/csm/package.bash'
[21.031s] INFO:colcon.colcon_core.shell:Creating package script '/home/frese/ros2_ws/install/csm/share/csm/package.zsh'
[21.032s] Level 1:colcon.colcon_core.environment:create_file_with_runtime_dependencies(/home/frese/ros2_ws/install/csm/share/colcon-core/packages/csm)
[21.208s] Level 1:colcon.colcon_core.environment:create_environment_scripts_only(csm)
[21.225s] Level 1:colcon.colcon_core.environment:checking '/home/frese/ros2_ws/install/csm' for CMake module files
[21.225s] Level 1:colcon.colcon_core.environment:checking '/home/frese/ros2_ws/install/csm' for CMake config files
[21.226s] Level 1:colcon.colcon_core.shell:create_environment_hook('csm', 'cmake_prefix_path')
[21.241s] INFO:colcon.colcon_core.shell:Creating environment hook '/home/frese/ros2_ws/install/csm/share/csm/hook/cmake_prefix_path.ps1'
[21.242s] INFO:colcon.colcon_core.shell:Creating environment descriptor '/home/frese/ros2_ws/install/csm/share/csm/hook/cmake_prefix_path.dsv'
[21.243s] INFO:colcon.colcon_core.shell:Creating environment hook '/home/frese/ros2_ws/install/csm/share/csm/hook/cmake_prefix_path.sh'
[21.243s] Level 1:colcon.colcon_core.environment:checking '/home/frese/ros2_ws/install/csm/lib'
[21.243s] Level 1:colcon.colcon_core.shell:create_environment_hook('csm', 'ld_library_path_lib')
[21.262s] INFO:colcon.colcon_core.shell:Creating environment hook '/home/frese/ros2_ws/install/csm/share/csm/hook/ld_library_path_lib.ps1'
[21.262s] INFO:colcon.colcon_core.shell:Creating environment descriptor '/home/frese/ros2_ws/install/csm/share/csm/hook/ld_library_path_lib.dsv'
[21.263s] INFO:colcon.colcon_core.shell:Creating environment hook '/home/frese/ros2_ws/install/csm/share/csm/hook/ld_library_path_lib.sh'
[21.263s] Level 1:colcon.colcon_core.environment:checking '/home/frese/ros2_ws/install/csm/bin'
[21.263s] Level 1:colcon.colcon_core.environment:checking '/home/frese/ros2_ws/install/csm/lib/pkgconfig/csm.pc'
[21.264s] Level 1:colcon.colcon_core.environment:checking '/home/frese/ros2_ws/install/csm/lib/python3.10/site-packages'
[21.264s] Level 1:colcon.colcon_core.environment:checking '/home/frese/ros2_ws/install/csm/bin'
[21.280s] INFO:colcon.colcon_core.shell:Creating package script '/home/frese/ros2_ws/install/csm/share/csm/package.ps1'
[21.280s] INFO:colcon.colcon_core.shell:Creating package descriptor '/home/frese/ros2_ws/install/csm/share/csm/package.dsv'
[21.281s] INFO:colcon.colcon_core.shell:Creating package script '/home/frese/ros2_ws/install/csm/share/csm/package.sh'
[21.282s] INFO:colcon.colcon_core.shell:Creating package script '/home/frese/ros2_ws/install/csm/share/csm/package.bash'
[21.282s] INFO:colcon.colcon_core.shell:Creating package script '/home/frese/ros2_ws/install/csm/share/csm/package.zsh'
[21.283s] Level 1:colcon.colcon_core.environment:create_file_with_runtime_dependencies(/home/frese/ros2_ws/install/csm/share/colcon-core/packages/csm)
[21.283s] INFO:colcon.colcon_ros.task.ament_cmake.build:Building ROS package in '/home/frese/ros2_ws/src/ros2_laser_scan_matcher' with build type 'ament_cmake'
[21.284s] INFO:colcon.colcon_cmake.task.cmake.build:Building CMake package in '/home/frese/ros2_ws/src/ros2_laser_scan_matcher'
[21.301s] INFO:colcon.colcon_core.shell:Skip shell extension 'powershell' for command environment: Not usable outside of PowerShell
[21.301s] DEBUG:colcon.colcon_core.shell:Skip shell extension 'dsv' for command environment
[21.366s] DEBUG:colcon.colcon_core.event_handler.log_command:Invoking command in '/home/frese/ros2_ws/build/ros2_laser_scan_matcher': AMENT_PREFIX_PATH=/home/frese/ros2_ws/install/csm:${AMENT_PREFIX_PATH} CMAKE_PREFIX_PATH=/home/frese/ros2_ws/install/csm:/home/frese/ros2_ws/install/sllidar_ros2:/home/frese/ros2_ws/install/rplidar_ros:/home/frese/ros2_ws/install/ndt_omp_ros2:/home/frese/ros2_ws/install/lidarslam_msgs:/home/frese/ros2_ws/install/examples_rclcpp_wait_set:/home/frese/ros2_ws/install/examples_rclcpp_minimal_subscriber:/home/frese/ros2_ws/install/examples_rclcpp_minimal_publisher:/home/frese/ros2_ws/install/examples_rclcpp_minimal_composition:/home/frese/ros2_ws/install/examples_rclcpp_minimal_action_client:/home/frese/ros2_ws/install/examples_rclcpp_cbg_executor:/home/frese/ros2_ws/install/launch_testing_examples:/home/frese/ros2_ws/install/examples_rclpy_pointcloud_publisher:/home/frese/ros2_ws/install/examples_rclpy_minimal_subscriber:/home/frese/ros2_ws/install/examples_rclpy_minimal_service:/home/frese/ros2_ws/install/examples_rclpy_minimal_publisher:/home/frese/ros2_ws/install/examples_rclpy_minimal_client:/home/frese/ros2_ws/install/examples_rclpy_minimal_action_server:/home/frese/ros2_ws/install/examples_rclpy_minimal_action_client:/home/frese/ros2_ws/install/examples_rclpy_guard_conditions:/home/frese/ros2_ws/install/examples_rclpy_executors:/home/frese/ros2_ws/install/examples_rclcpp_multithreaded_executor:/home/frese/ros2_ws/install/examples_rclcpp_minimal_timer:/home/frese/ros2_ws/install/examples_rclcpp_minimal_service:/home/frese/ros2_ws/install/examples_rclcpp_minimal_client:/home/frese/ros2_ws/install/examples_rclcpp_minimal_action_server:/home/frese/ros2_ws/install/examples_rclcpp_async_client:/opt/ros/humble LD_LIBRARY_PATH=/home/frese/ros2_ws/install/csm/lib:${LD_LIBRARY_PATH} /usr/bin/cmake /home/frese/ros2_ws/src/ros2_laser_scan_matcher -DAMENT_CMAKE_SYMLINK_INSTALL=1 -DCMAKE_INSTALL_PREFIX=/home/frese/ros2_ws/install/ros2_laser_scan_matcher
[23.178s] DEBUG:colcon.colcon_core.event_handler.log_command:Invoked command in '/home/frese/ros2_ws/build/ros2_laser_scan_matcher' returned '0': AMENT_PREFIX_PATH=/home/frese/ros2_ws/install/csm:${AMENT_PREFIX_PATH} CMAKE_PREFIX_PATH=/home/frese/ros2_ws/install/csm:/home/frese/ros2_ws/install/sllidar_ros2:/home/frese/ros2_ws/install/rplidar_ros:/home/frese/ros2_ws/install/ndt_omp_ros2:/home/frese/ros2_ws/install/lidarslam_msgs:/home/frese/ros2_ws/install/examples_rclcpp_wait_set:/home/frese/ros2_ws/install/examples_rclcpp_minimal_subscriber:/home/frese/ros2_ws/install/examples_rclcpp_minimal_publisher:/home/frese/ros2_ws/install/examples_rclcpp_minimal_composition:/home/frese/ros2_ws/install/examples_rclcpp_minimal_action_client:/home/frese/ros2_ws/install/examples_rclcpp_cbg_executor:/home/frese/ros2_ws/install/launch_testing_examples:/home/frese/ros2_ws/install/examples_rclpy_pointcloud_publisher:/home/frese/ros2_ws/install/examples_rclpy_minimal_subscriber:/home/frese/ros2_ws/install/examples_rclpy_minimal_service:/home/frese/ros2_ws/install/examples_rclpy_minimal_publisher:/home/frese/ros2_ws/install/examples_rclpy_minimal_client:/home/frese/ros2_ws/install/examples_rclpy_minimal_action_server:/home/frese/ros2_ws/install/examples_rclpy_minimal_action_client:/home/frese/ros2_ws/install/examples_rclpy_guard_conditions:/home/frese/ros2_ws/install/examples_rclpy_executors:/home/frese/ros2_ws/install/examples_rclcpp_multithreaded_executor:/home/frese/ros2_ws/install/examples_rclcpp_minimal_timer:/home/frese/ros2_ws/install/examples_rclcpp_minimal_service:/home/frese/ros2_ws/install/examples_rclcpp_minimal_client:/home/frese/ros2_ws/install/examples_rclcpp_minimal_action_server:/home/frese/ros2_ws/install/examples_rclcpp_async_client:/opt/ros/humble LD_LIBRARY_PATH=/home/frese/ros2_ws/install/csm/lib:${LD_LIBRARY_PATH} /usr/bin/cmake /home/frese/ros2_ws/src/ros2_laser_scan_matcher -DAMENT_CMAKE_SYMLINK_INSTALL=1 -DCMAKE_INSTALL_PREFIX=/home/frese/ros2_ws/install/ros2_laser_scan_matcher
[23.179s] DEBUG:colcon.colcon_core.event_handler.log_command:Invoking command in '/home/frese/ros2_ws/build/ros2_laser_scan_matcher': AMENT_PREFIX_PATH=/home/frese/ros2_ws/install/csm:${AMENT_PREFIX_PATH} CMAKE_PREFIX_PATH=/home/frese/ros2_ws/install/csm:/home/frese/ros2_ws/install/sllidar_ros2:/home/frese/ros2_ws/install/rplidar_ros:/home/frese/ros2_ws/install/ndt_omp_ros2:/home/frese/ros2_ws/install/lidarslam_msgs:/home/frese/ros2_ws/install/examples_rclcpp_wait_set:/home/frese/ros2_ws/install/examples_rclcpp_minimal_subscriber:/home/frese/ros2_ws/install/examples_rclcpp_minimal_publisher:/home/frese/ros2_ws/install/examples_rclcpp_minimal_composition:/home/frese/ros2_ws/install/examples_rclcpp_minimal_action_client:/home/frese/ros2_ws/install/examples_rclcpp_cbg_executor:/home/frese/ros2_ws/install/launch_testing_examples:/home/frese/ros2_ws/install/examples_rclpy_pointcloud_publisher:/home/frese/ros2_ws/install/examples_rclpy_minimal_subscriber:/home/frese/ros2_ws/install/examples_rclpy_minimal_service:/home/frese/ros2_ws/install/examples_rclpy_minimal_publisher:/home/frese/ros2_ws/install/examples_rclpy_minimal_client:/home/frese/ros2_ws/install/examples_rclpy_minimal_action_server:/home/frese/ros2_ws/install/examples_rclpy_minimal_action_client:/home/frese/ros2_ws/install/examples_rclpy_guard_conditions:/home/frese/ros2_ws/install/examples_rclpy_executors:/home/frese/ros2_ws/install/examples_rclcpp_multithreaded_executor:/home/frese/ros2_ws/install/examples_rclcpp_minimal_timer:/home/frese/ros2_ws/install/examples_rclcpp_minimal_service:/home/frese/ros2_ws/install/examples_rclcpp_minimal_client:/home/frese/ros2_ws/install/examples_rclcpp_minimal_action_server:/home/frese/ros2_ws/install/examples_rclcpp_async_client:/opt/ros/humble LD_LIBRARY_PATH=/home/frese/ros2_ws/install/csm/lib:${LD_LIBRARY_PATH} /usr/bin/cmake --build /home/frese/ros2_ws/build/ros2_laser_scan_matcher -- -j26 -l26
[37.891s] DEBUG:colcon.colcon_core.event_handler.log_command:Invoked command in '/home/frese/ros2_ws/build/ros2_laser_scan_matcher' returned '0': AMENT_PREFIX_PATH=/home/frese/ros2_ws/install/csm:${AMENT_PREFIX_PATH} CMAKE_PREFIX_PATH=/home/frese/ros2_ws/install/csm:/home/frese/ros2_ws/install/sllidar_ros2:/home/frese/ros2_ws/install/rplidar_ros:/home/frese/ros2_ws/install/ndt_omp_ros2:/home/frese/ros2_ws/install/lidarslam_msgs:/home/frese/ros2_ws/install/examples_rclcpp_wait_set:/home/frese/ros2_ws/install/examples_rclcpp_minimal_subscriber:/home/frese/ros2_ws/install/examples_rclcpp_minimal_publisher:/home/frese/ros2_ws/install/examples_rclcpp_minimal_composition:/home/frese/ros2_ws/install/examples_rclcpp_minimal_action_client:/home/frese/ros2_ws/install/examples_rclcpp_cbg_executor:/home/frese/ros2_ws/install/launch_testing_examples:/home/frese/ros2_ws/install/examples_rclpy_pointcloud_publisher:/home/frese/ros2_ws/install/examples_rclpy_minimal_subscriber:/home/frese/ros2_ws/install/examples_rclpy_minimal_service:/home/frese/ros2_ws/install/examples_rclpy_minimal_publisher:/home/frese/ros2_ws/install/examples_rclpy_minimal_client:/home/frese/ros2_ws/install/examples_rclpy_minimal_action_server:/home/frese/ros2_ws/install/examples_rclpy_minimal_action_client:/home/frese/ros2_ws/install/examples_rclpy_guard_conditions:/home/frese/ros2_ws/install/examples_rclpy_executors:/home/frese/ros2_ws/install/examples_rclcpp_multithreaded_executor:/home/frese/ros2_ws/install/examples_rclcpp_minimal_timer:/home/frese/ros2_ws/install/examples_rclcpp_minimal_service:/home/frese/ros2_ws/install/examples_rclcpp_minimal_client:/home/frese/ros2_ws/install/examples_rclcpp_minimal_action_server:/home/frese/ros2_ws/install/examples_rclcpp_async_client:/opt/ros/humble LD_LIBRARY_PATH=/home/frese/ros2_ws/install/csm/lib:${LD_LIBRARY_PATH} /usr/bin/cmake --build /home/frese/ros2_ws/build/ros2_laser_scan_matcher -- -j26 -l26
[37.937s] DEBUG:colcon.colcon_core.event_handler.log_command:Invoking command in '/home/frese/ros2_ws/build/ros2_laser_scan_matcher': AMENT_PREFIX_PATH=/home/frese/ros2_ws/install/csm:${AMENT_PREFIX_PATH} CMAKE_PREFIX_PATH=/home/frese/ros2_ws/install/csm:/home/frese/ros2_ws/install/sllidar_ros2:/home/frese/ros2_ws/install/rplidar_ros:/home/frese/ros2_ws/install/ndt_omp_ros2:/home/frese/ros2_ws/install/lidarslam_msgs:/home/frese/ros2_ws/install/examples_rclcpp_wait_set:/home/frese/ros2_ws/install/examples_rclcpp_minimal_subscriber:/home/frese/ros2_ws/install/examples_rclcpp_minimal_publisher:/home/frese/ros2_ws/install/examples_rclcpp_minimal_composition:/home/frese/ros2_ws/install/examples_rclcpp_minimal_action_client:/home/frese/ros2_ws/install/examples_rclcpp_cbg_executor:/home/frese/ros2_ws/install/launch_testing_examples:/home/frese/ros2_ws/install/examples_rclpy_pointcloud_publisher:/home/frese/ros2_ws/install/examples_rclpy_minimal_subscriber:/home/frese/ros2_ws/install/examples_rclpy_minimal_service:/home/frese/ros2_ws/install/examples_rclpy_minimal_publisher:/home/frese/ros2_ws/install/examples_rclpy_minimal_client:/home/frese/ros2_ws/install/examples_rclpy_minimal_action_server:/home/frese/ros2_ws/install/examples_rclpy_minimal_action_client:/home/frese/ros2_ws/install/examples_rclpy_guard_conditions:/home/frese/ros2_ws/install/examples_rclpy_executors:/home/frese/ros2_ws/install/examples_rclcpp_multithreaded_executor:/home/frese/ros2_ws/install/examples_rclcpp_minimal_timer:/home/frese/ros2_ws/install/examples_rclcpp_minimal_service:/home/frese/ros2_ws/install/examples_rclcpp_minimal_client:/home/frese/ros2_ws/install/examples_rclcpp_minimal_action_server:/home/frese/ros2_ws/install/examples_rclcpp_async_client:/opt/ros/humble LD_LIBRARY_PATH=/home/frese/ros2_ws/install/csm/lib:${LD_LIBRARY_PATH} /usr/bin/cmake --install /home/frese/ros2_ws/build/ros2_laser_scan_matcher
[38.143s] Level 1:colcon.colcon_core.environment:create_environment_scripts_only(ros2_laser_scan_matcher)
[38.143s] DEBUG:colcon.colcon_core.event_handler.log_command:Invoked command in '/home/frese/ros2_ws/build/ros2_laser_scan_matcher' returned '0': AMENT_PREFIX_PATH=/home/frese/ros2_ws/install/csm:${AMENT_PREFIX_PATH} CMAKE_PREFIX_PATH=/home/frese/ros2_ws/install/csm:/home/frese/ros2_ws/install/sllidar_ros2:/home/frese/ros2_ws/install/rplidar_ros:/home/frese/ros2_ws/install/ndt_omp_ros2:/home/frese/ros2_ws/install/lidarslam_msgs:/home/frese/ros2_ws/install/examples_rclcpp_wait_set:/home/frese/ros2_ws/install/examples_rclcpp_minimal_subscriber:/home/frese/ros2_ws/install/examples_rclcpp_minimal_publisher:/home/frese/ros2_ws/install/examples_rclcpp_minimal_composition:/home/frese/ros2_ws/install/examples_rclcpp_minimal_action_client:/home/frese/ros2_ws/install/examples_rclcpp_cbg_executor:/home/frese/ros2_ws/install/launch_testing_examples:/home/frese/ros2_ws/install/examples_rclpy_pointcloud_publisher:/home/frese/ros2_ws/install/examples_rclpy_minimal_subscriber:/home/frese/ros2_ws/install/examples_rclpy_minimal_service:/home/frese/ros2_ws/install/examples_rclpy_minimal_publisher:/home/frese/ros2_ws/install/examples_rclpy_minimal_client:/home/frese/ros2_ws/install/examples_rclpy_minimal_action_server:/home/frese/ros2_ws/install/examples_rclpy_minimal_action_client:/home/frese/ros2_ws/install/examples_rclpy_guard_conditions:/home/frese/ros2_ws/install/examples_rclpy_executors:/home/frese/ros2_ws/install/examples_rclcpp_multithreaded_executor:/home/frese/ros2_ws/install/examples_rclcpp_minimal_timer:/home/frese/ros2_ws/install/examples_rclcpp_minimal_service:/home/frese/ros2_ws/install/examples_rclcpp_minimal_client:/home/frese/ros2_ws/install/examples_rclcpp_minimal_action_server:/home/frese/ros2_ws/install/examples_rclcpp_async_client:/opt/ros/humble LD_LIBRARY_PATH=/home/frese/ros2_ws/install/csm/lib:${LD_LIBRARY_PATH} /usr/bin/cmake --install /home/frese/ros2_ws/build/ros2_laser_scan_matcher
[38.162s] Level 1:colcon.colcon_core.environment:checking '/home/frese/ros2_ws/install/ros2_laser_scan_matcher' for CMake module files
[38.163s] Level 1:colcon.colcon_core.environment:checking '/home/frese/ros2_ws/install/ros2_laser_scan_matcher' for CMake config files
[38.163s] Level 1:colcon.colcon_core.shell:create_environment_hook('ros2_laser_scan_matcher', 'cmake_prefix_path')
[38.179s] INFO:colcon.colcon_core.shell:Creating environment hook '/home/frese/ros2_ws/install/ros2_laser_scan_matcher/share/ros2_laser_scan_matcher/hook/cmake_prefix_path.ps1'
[38.180s] INFO:colcon.colcon_core.shell:Creating environment descriptor '/home/frese/ros2_ws/install/ros2_laser_scan_matcher/share/ros2_laser_scan_matcher/hook/cmake_prefix_path.dsv'
[38.180s] INFO:colcon.colcon_core.shell:Creating environment hook '/home/frese/ros2_ws/install/ros2_laser_scan_matcher/share/ros2_laser_scan_matcher/hook/cmake_prefix_path.sh'
[38.180s] Level 1:colcon.colcon_core.environment:checking '/home/frese/ros2_ws/install/ros2_laser_scan_matcher/lib'
[38.181s] Level 1:colcon.colcon_core.environment:checking '/home/frese/ros2_ws/install/ros2_laser_scan_matcher/bin'
[38.181s] Level 1:colcon.colcon_core.environment:checking '/home/frese/ros2_ws/install/ros2_laser_scan_matcher/lib/pkgconfig/ros2_laser_scan_matcher.pc'
[38.181s] Level 1:colcon.colcon_core.environment:checking '/home/frese/ros2_ws/install/ros2_laser_scan_matcher/lib/python3.10/site-packages'
[38.181s] Level 1:colcon.colcon_core.environment:checking '/home/frese/ros2_ws/install/ros2_laser_scan_matcher/bin'
[38.197s] INFO:colcon.colcon_core.shell:Creating package script '/home/frese/ros2_ws/install/ros2_laser_scan_matcher/share/ros2_laser_scan_matcher/package.ps1'
[38.198s] INFO:colcon.colcon_core.shell:Creating package descriptor '/home/frese/ros2_ws/install/ros2_laser_scan_matcher/share/ros2_laser_scan_matcher/package.dsv'
[38.199s] INFO:colcon.colcon_core.shell:Creating package script '/home/frese/ros2_ws/install/ros2_laser_scan_matcher/share/ros2_laser_scan_matcher/package.sh'
[38.199s] INFO:colcon.colcon_core.shell:Creating package script '/home/frese/ros2_ws/install/ros2_laser_scan_matcher/share/ros2_laser_scan_matcher/package.bash'
[38.199s] INFO:colcon.colcon_core.shell:Creating package script '/home/frese/ros2_ws/install/ros2_laser_scan_matcher/share/ros2_laser_scan_matcher/package.zsh'
[38.200s] Level 1:colcon.colcon_core.environment:create_file_with_runtime_dependencies(/home/frese/ros2_ws/install/ros2_laser_scan_matcher/share/colcon-core/packages/ros2_laser_scan_matcher)
[38.259s] Level 1:colcon.colcon_core.environment:create_environment_scripts_only(ros2_laser_scan_matcher)
[38.275s] Level 1:colcon.colcon_core.environment:checking '/home/frese/ros2_ws/install/ros2_laser_scan_matcher' for CMake module files
[38.276s] Level 1:colcon.colcon_core.environment:checking '/home/frese/ros2_ws/install/ros2_laser_scan_matcher' for CMake config files
[38.276s] Level 1:colcon.colcon_core.shell:create_environment_hook('ros2_laser_scan_matcher', 'cmake_prefix_path')
[38.293s] INFO:colcon.colcon_core.shell:Creating environment hook '/home/frese/ros2_ws/install/ros2_laser_scan_matcher/share/ros2_laser_scan_matcher/hook/cmake_prefix_path.ps1'
[38.293s] INFO:colcon.colcon_core.shell:Creating environment descriptor '/home/frese/ros2_ws/install/ros2_laser_scan_matcher/share/ros2_laser_scan_matcher/hook/cmake_prefix_path.dsv'
[38.294s] INFO:colcon.colcon_core.shell:Creating environment hook '/home/frese/ros2_ws/install/ros2_laser_scan_matcher/share/ros2_laser_scan_matcher/hook/cmake_prefix_path.sh'
[38.294s] Level 1:colcon.colcon_core.environment:checking '/home/frese/ros2_ws/install/ros2_laser_scan_matcher/lib'
[38.294s] Level 1:colcon.colcon_core.environment:checking '/home/frese/ros2_ws/install/ros2_laser_scan_matcher/bin'
[38.294s] Level 1:colcon.colcon_core.environment:checking '/home/frese/ros2_ws/install/ros2_laser_scan_matcher/lib/pkgconfig/ros2_laser_scan_matcher.pc'
[38.295s] Level 1:colcon.colcon_core.environment:checking '/home/frese/ros2_ws/install/ros2_laser_scan_matcher/lib/python3.10/site-packages'
[38.295s] Level 1:colcon.colcon_core.environment:checking '/home/frese/ros2_ws/install/ros2_laser_scan_matcher/bin'
[38.311s] INFO:colcon.colcon_core.shell:Creating package script '/home/frese/ros2_ws/install/ros2_laser_scan_matcher/share/ros2_laser_scan_matcher/package.ps1'
[38.312s] INFO:colcon.colcon_core.shell:Creating package descriptor '/home/frese/ros2_ws/install/ros2_laser_scan_matcher/share/ros2_laser_scan_matcher/package.dsv'
[38.313s] INFO:colcon.colcon_core.shell:Creating package script '/home/frese/ros2_ws/install/ros2_laser_scan_matcher/share/ros2_laser_scan_matcher/package.sh'
[38.313s] INFO:colcon.colcon_core.shell:Creating package script '/home/frese/ros2_ws/install/ros2_laser_scan_matcher/share/ros2_laser_scan_matcher/package.bash'
[38.313s] INFO:colcon.colcon_core.shell:Creating package script '/home/frese/ros2_ws/install/ros2_laser_scan_matcher/share/ros2_laser_scan_matcher/package.zsh'
[38.314s] Level 1:colcon.colcon_core.environment:create_file_with_runtime_dependencies(/home/frese/ros2_ws/install/ros2_laser_scan_matcher/share/colcon-core/packages/ros2_laser_scan_matcher)
[38.314s] DEBUG:colcon.colcon_parallel_executor.executor.parallel:closing loop
[38.315s] DEBUG:colcon.colcon_parallel_executor.executor.parallel:loop closed
[38.315s] DEBUG:colcon.colcon_parallel_executor.executor.parallel:run_until_complete finished with '0'
[38.315s] DEBUG:colcon.colcon_core.event_reactor:joining thread
[38.343s] INFO:colcon.colcon_core.plugin_system:Skipping extension 'colcon_notification.desktop_notification.terminal_notifier': Not used on non-Darwin systems
[38.343s] INFO:colcon.colcon_core.plugin_system:Skipping extension 'colcon_notification.desktop_notification.win32': Not used on non-Windows systems
[38.343s] INFO:colcon.colcon_notification.desktop_notification:Sending desktop notification using 'notify2'
[38.361s] DEBUG:colcon.colcon_core.event_reactor:joined thread
[38.393s] INFO:colcon.colcon_core.shell:Creating prefix script '/home/frese/ros2_ws/install/local_setup.ps1'
[38.395s] INFO:colcon.colcon_core.shell:Creating prefix util module '/home/frese/ros2_ws/install/_local_setup_util_ps1.py'
[38.398s] INFO:colcon.colcon_core.shell:Creating prefix chain script '/home/frese/ros2_ws/install/setup.ps1'
[38.420s] INFO:colcon.colcon_core.shell:Creating prefix script '/home/frese/ros2_ws/install/local_setup.sh'
[38.421s] INFO:colcon.colcon_core.shell:Creating prefix util module '/home/frese/ros2_ws/install/_local_setup_util_sh.py'
[38.422s] INFO:colcon.colcon_core.shell:Creating prefix chain script '/home/frese/ros2_ws/install/setup.sh'
[38.443s] INFO:colcon.colcon_core.shell:Creating prefix script '/home/frese/ros2_ws/install/local_setup.bash'
[38.444s] INFO:colcon.colcon_core.shell:Creating prefix chain script '/home/frese/ros2_ws/install/setup.bash'
[38.462s] INFO:colcon.colcon_core.shell:Creating prefix script '/home/frese/ros2_ws/install/local_setup.zsh'
[38.463s] INFO:colcon.colcon_core.shell:Creating prefix chain script '/home/frese/ros2_ws/install/setup.zsh'
