[1.298s] DEBUG:colcon:Command line arguments: ['/usr/bin/colcon', 'build', '--symlink-install']
[1.298s] DEBUG:colcon:Parsed command line arguments: Namespace(log_base=None, log_level=None, verb_name='build', build_base='build', install_base='install', merge_install=False, symlink_install=True, test_result_base=None, continue_on_error=False, executor='parallel', parallel_workers=26, event_handlers=None, ignore_user_meta=False, metas=['./colcon.meta'], base_paths=['.'], packages_ignore=None, packages_ignore_regex=None, paths=None, packages_up_to=None, packages_up_to_regex=None, packages_above=None, packages_above_and_dependencies=None, packages_above_depth=None, packages_select_by_dep=None, packages_skip_by_dep=None, packages_skip_up_to=None, packages_select_build_failed=False, packages_skip_build_finished=False, packages_select_test_failures=False, packages_skip_test_passed=False, packages_select=None, packages_skip=None, packages_select_regex=None, packages_skip_regex=None, packages_start=None, packages_end=None, allow_overriding=[], cmake_args=None, cmake_target=None, cmake_target_skip_unavailable=False, cmake_clean_cache=False, cmake_clean_first=False, cmake_force_configure=False, ament_cmake_args=None, catkin_cmake_args=None, catkin_skip_building_tests=False, verb_parser=<colcon_defaults.argument_parser.defaults.DefaultArgumentsDecorator object at 0x7f61a6117ac0>, verb_extension=<colcon_core.verb.build.BuildVerb object at 0x7f61a6114eb0>, main=<bound method BuildVerb.main of <colcon_core.verb.build.BuildVerb object at 0x7f61a6114eb0>>)
[1.361s] Level 1:colcon.colcon_core.package_discovery:discover_packages(colcon_meta) check parameters
[1.361s] Level 1:colcon.colcon_core.package_discovery:discover_packages(recursive) check parameters
[1.361s] Level 1:colcon.colcon_core.package_discovery:discover_packages(ignore) check parameters
[1.361s] Level 1:colcon.colcon_core.package_discovery:discover_packages(path) check parameters
[1.361s] Level 1:colcon.colcon_core.package_discovery:discover_packages(colcon_meta) discover
[1.361s] Level 1:colcon.colcon_core.package_discovery:discover_packages(recursive) discover
[1.362s] INFO:colcon.colcon_core.package_discovery:Crawling recursively for packages in '/home/frese/ros2_ws'
[1.362s] Level 1:colcon.colcon_core.package_identification:_identify(.) by extensions ['ignore', 'ignore_ament_install']
[1.362s] Level 1:colcon.colcon_core.package_identification:_identify(.) by extension 'ignore'
[1.362s] Level 1:colcon.colcon_core.package_identification:_identify(.) by extension 'ignore_ament_install'
[1.362s] Level 1:colcon.colcon_core.package_identification:_identify(.) by extensions ['colcon_pkg']
[1.362s] Level 1:colcon.colcon_core.package_identification:_identify(.) by extension 'colcon_pkg'
[1.362s] Level 1:colcon.colcon_core.package_identification:_identify(.) by extensions ['colcon_meta']
[1.362s] Level 1:colcon.colcon_core.package_identification:_identify(.) by extension 'colcon_meta'
[1.362s] Level 1:colcon.colcon_core.package_identification:_identify(.) by extensions ['ros']
[1.362s] Level 1:colcon.colcon_core.package_identification:_identify(.) by extension 'ros'
[1.379s] Level 1:colcon.colcon_core.package_identification:_identify(.) by extensions ['cmake', 'python']
[1.379s] Level 1:colcon.colcon_core.package_identification:_identify(.) by extension 'cmake'
[1.379s] Level 1:colcon.colcon_core.package_identification:_identify(.) by extension 'python'
[1.379s] Level 1:colcon.colcon_core.package_identification:_identify(.) by extensions ['python_setup_py']
[1.379s] Level 1:colcon.colcon_core.package_identification:_identify(.) by extension 'python_setup_py'
[1.380s] Level 1:colcon.colcon_core.package_identification:_identify(build) by extensions ['ignore', 'ignore_ament_install']
[1.380s] Level 1:colcon.colcon_core.package_identification:_identify(build) by extension 'ignore'
[1.380s] Level 1:colcon.colcon_core.package_identification:_identify(build) ignored
[1.380s] Level 1:colcon.colcon_core.package_identification:_identify(install) by extensions ['ignore', 'ignore_ament_install']
[1.380s] Level 1:colcon.colcon_core.package_identification:_identify(install) by extension 'ignore'
[1.380s] Level 1:colcon.colcon_core.package_identification:_identify(install) ignored
[1.380s] Level 1:colcon.colcon_core.package_identification:_identify(log) by extensions ['ignore', 'ignore_ament_install']
[1.381s] Level 1:colcon.colcon_core.package_identification:_identify(log) by extension 'ignore'
[1.381s] Level 1:colcon.colcon_core.package_identification:_identify(log) ignored
[1.381s] Level 1:colcon.colcon_core.package_identification:_identify(src) by extensions ['ignore', 'ignore_ament_install']
[1.381s] Level 1:colcon.colcon_core.package_identification:_identify(src) by extension 'ignore'
[1.381s] Level 1:colcon.colcon_core.package_identification:_identify(src) by extension 'ignore_ament_install'
[1.381s] Level 1:colcon.colcon_core.package_identification:_identify(src) by extensions ['colcon_pkg']
[1.381s] Level 1:colcon.colcon_core.package_identification:_identify(src) by extension 'colcon_pkg'
[1.381s] Level 1:colcon.colcon_core.package_identification:_identify(src) by extensions ['colcon_meta']
[1.381s] Level 1:colcon.colcon_core.package_identification:_identify(src) by extension 'colcon_meta'
[1.381s] Level 1:colcon.colcon_core.package_identification:_identify(src) by extensions ['ros']
[1.381s] Level 1:colcon.colcon_core.package_identification:_identify(src) by extension 'ros'
[1.381s] Level 1:colcon.colcon_core.package_identification:_identify(src) by extensions ['cmake', 'python']
[1.381s] Level 1:colcon.colcon_core.package_identification:_identify(src) by extension 'cmake'
[1.382s] Level 1:colcon.colcon_core.package_identification:_identify(src) by extension 'python'
[1.382s] Level 1:colcon.colcon_core.package_identification:_identify(src) by extensions ['python_setup_py']
[1.382s] Level 1:colcon.colcon_core.package_identification:_identify(src) by extension 'python_setup_py'
[1.382s] Level 1:colcon.colcon_core.package_identification:_identify(src/build) by extensions ['ignore', 'ignore_ament_install']
[1.382s] Level 1:colcon.colcon_core.package_identification:_identify(src/build) by extension 'ignore'
[1.382s] Level 1:colcon.colcon_core.package_identification:_identify(src/build) ignored
[1.382s] Level 1:colcon.colcon_core.package_identification:_identify(src/lidarslam_ros2) by extensions ['ignore', 'ignore_ament_install']
[1.382s] Level 1:colcon.colcon_core.package_identification:_identify(src/lidarslam_ros2) by extension 'ignore'
[1.382s] Level 1:colcon.colcon_core.package_identification:_identify(src/lidarslam_ros2) by extension 'ignore_ament_install'
[1.382s] Level 1:colcon.colcon_core.package_identification:_identify(src/lidarslam_ros2) by extensions ['colcon_pkg']
[1.382s] Level 1:colcon.colcon_core.package_identification:_identify(src/lidarslam_ros2) by extension 'colcon_pkg'
[1.382s] Level 1:colcon.colcon_core.package_identification:_identify(src/lidarslam_ros2) by extensions ['colcon_meta']
[1.383s] Level 1:colcon.colcon_core.package_identification:_identify(src/lidarslam_ros2) by extension 'colcon_meta'
[1.383s] Level 1:colcon.colcon_core.package_identification:_identify(src/lidarslam_ros2) by extensions ['ros']
[1.383s] Level 1:colcon.colcon_core.package_identification:_identify(src/lidarslam_ros2) by extension 'ros'
[1.383s] Level 1:colcon.colcon_core.package_identification:_identify(src/lidarslam_ros2) by extensions ['cmake', 'python']
[1.383s] Level 1:colcon.colcon_core.package_identification:_identify(src/lidarslam_ros2) by extension 'cmake'
[1.383s] Level 1:colcon.colcon_core.package_identification:_identify(src/lidarslam_ros2) by extension 'python'
[1.383s] Level 1:colcon.colcon_core.package_identification:_identify(src/lidarslam_ros2) by extensions ['python_setup_py']
[1.383s] Level 1:colcon.colcon_core.package_identification:_identify(src/lidarslam_ros2) by extension 'python_setup_py'
[1.383s] Level 1:colcon.colcon_core.package_identification:_identify(src/lidarslam_ros2/Thirdparty) by extensions ['ignore', 'ignore_ament_install']
[1.383s] Level 1:colcon.colcon_core.package_identification:_identify(src/lidarslam_ros2/Thirdparty) by extension 'ignore'
[1.383s] Level 1:colcon.colcon_core.package_identification:_identify(src/lidarslam_ros2/Thirdparty) by extension 'ignore_ament_install'
[1.383s] Level 1:colcon.colcon_core.package_identification:_identify(src/lidarslam_ros2/Thirdparty) by extensions ['colcon_pkg']
[1.383s] Level 1:colcon.colcon_core.package_identification:_identify(src/lidarslam_ros2/Thirdparty) by extension 'colcon_pkg'
[1.383s] Level 1:colcon.colcon_core.package_identification:_identify(src/lidarslam_ros2/Thirdparty) by extensions ['colcon_meta']
[1.384s] Level 1:colcon.colcon_core.package_identification:_identify(src/lidarslam_ros2/Thirdparty) by extension 'colcon_meta'
[1.384s] Level 1:colcon.colcon_core.package_identification:_identify(src/lidarslam_ros2/Thirdparty) by extensions ['ros']
[1.384s] Level 1:colcon.colcon_core.package_identification:_identify(src/lidarslam_ros2/Thirdparty) by extension 'ros'
[1.384s] Level 1:colcon.colcon_core.package_identification:_identify(src/lidarslam_ros2/Thirdparty) by extensions ['cmake', 'python']
[1.384s] Level 1:colcon.colcon_core.package_identification:_identify(src/lidarslam_ros2/Thirdparty) by extension 'cmake'
[1.384s] Level 1:colcon.colcon_core.package_identification:_identify(src/lidarslam_ros2/Thirdparty) by extension 'python'
[1.384s] Level 1:colcon.colcon_core.package_identification:_identify(src/lidarslam_ros2/Thirdparty) by extensions ['python_setup_py']
[1.384s] Level 1:colcon.colcon_core.package_identification:_identify(src/lidarslam_ros2/Thirdparty) by extension 'python_setup_py'
[1.384s] Level 1:colcon.colcon_core.package_identification:_identify(src/lidarslam_ros2/Thirdparty/ndt_omp_ros2) by extensions ['ignore', 'ignore_ament_install']
[1.384s] Level 1:colcon.colcon_core.package_identification:_identify(src/lidarslam_ros2/Thirdparty/ndt_omp_ros2) by extension 'ignore'
[1.384s] Level 1:colcon.colcon_core.package_identification:_identify(src/lidarslam_ros2/Thirdparty/ndt_omp_ros2) by extension 'ignore_ament_install'
[1.384s] Level 1:colcon.colcon_core.package_identification:_identify(src/lidarslam_ros2/Thirdparty/ndt_omp_ros2) by extensions ['colcon_pkg']
[1.384s] Level 1:colcon.colcon_core.package_identification:_identify(src/lidarslam_ros2/Thirdparty/ndt_omp_ros2) by extension 'colcon_pkg'
[1.384s] Level 1:colcon.colcon_core.package_identification:_identify(src/lidarslam_ros2/Thirdparty/ndt_omp_ros2) by extensions ['colcon_meta']
[1.385s] Level 1:colcon.colcon_core.package_identification:_identify(src/lidarslam_ros2/Thirdparty/ndt_omp_ros2) by extension 'colcon_meta'
[1.385s] Level 1:colcon.colcon_core.package_identification:_identify(src/lidarslam_ros2/Thirdparty/ndt_omp_ros2) by extensions ['ros']
[1.385s] Level 1:colcon.colcon_core.package_identification:_identify(src/lidarslam_ros2/Thirdparty/ndt_omp_ros2) by extension 'ros'
[1.388s] DEBUG:colcon.colcon_core.package_identification:Package 'src/lidarslam_ros2/Thirdparty/ndt_omp_ros2' with type 'ros.ament_cmake' and name 'ndt_omp_ros2'
[1.388s] Level 1:colcon.colcon_core.package_identification:_identify(src/lidarslam_ros2/graph_based_slam) by extensions ['ignore', 'ignore_ament_install']
[1.388s] Level 1:colcon.colcon_core.package_identification:_identify(src/lidarslam_ros2/graph_based_slam) by extension 'ignore'
[1.388s] Level 1:colcon.colcon_core.package_identification:_identify(src/lidarslam_ros2/graph_based_slam) by extension 'ignore_ament_install'
[1.388s] Level 1:colcon.colcon_core.package_identification:_identify(src/lidarslam_ros2/graph_based_slam) by extensions ['colcon_pkg']
[1.388s] Level 1:colcon.colcon_core.package_identification:_identify(src/lidarslam_ros2/graph_based_slam) by extension 'colcon_pkg'
[1.388s] Level 1:colcon.colcon_core.package_identification:_identify(src/lidarslam_ros2/graph_based_slam) by extensions ['colcon_meta']
[1.388s] Level 1:colcon.colcon_core.package_identification:_identify(src/lidarslam_ros2/graph_based_slam) by extension 'colcon_meta'
[1.389s] Level 1:colcon.colcon_core.package_identification:_identify(src/lidarslam_ros2/graph_based_slam) by extensions ['ros']
[1.389s] Level 1:colcon.colcon_core.package_identification:_identify(src/lidarslam_ros2/graph_based_slam) by extension 'ros'
[1.390s] DEBUG:colcon.colcon_core.package_identification:Package 'src/lidarslam_ros2/graph_based_slam' with type 'ros.ament_cmake' and name 'graph_based_slam'
[1.390s] Level 1:colcon.colcon_core.package_identification:_identify(src/lidarslam_ros2/lidarslam) by extensions ['ignore', 'ignore_ament_install']
[1.391s] Level 1:colcon.colcon_core.package_identification:_identify(src/lidarslam_ros2/lidarslam) by extension 'ignore'
[1.391s] Level 1:colcon.colcon_core.package_identification:_identify(src/lidarslam_ros2/lidarslam) by extension 'ignore_ament_install'
[1.391s] Level 1:colcon.colcon_core.package_identification:_identify(src/lidarslam_ros2/lidarslam) by extensions ['colcon_pkg']
[1.391s] Level 1:colcon.colcon_core.package_identification:_identify(src/lidarslam_ros2/lidarslam) by extension 'colcon_pkg'
[1.391s] Level 1:colcon.colcon_core.package_identification:_identify(src/lidarslam_ros2/lidarslam) by extensions ['colcon_meta']
[1.391s] Level 1:colcon.colcon_core.package_identification:_identify(src/lidarslam_ros2/lidarslam) by extension 'colcon_meta'
[1.391s] Level 1:colcon.colcon_core.package_identification:_identify(src/lidarslam_ros2/lidarslam) by extensions ['ros']
[1.391s] Level 1:colcon.colcon_core.package_identification:_identify(src/lidarslam_ros2/lidarslam) by extension 'ros'
[1.392s] DEBUG:colcon.colcon_core.package_identification:Package 'src/lidarslam_ros2/lidarslam' with type 'ros.ament_cmake' and name 'lidarslam'
[1.392s] Level 1:colcon.colcon_core.package_identification:_identify(src/lidarslam_ros2/lidarslam_msgs) by extensions ['ignore', 'ignore_ament_install']
[1.393s] Level 1:colcon.colcon_core.package_identification:_identify(src/lidarslam_ros2/lidarslam_msgs) by extension 'ignore'
[1.393s] Level 1:colcon.colcon_core.package_identification:_identify(src/lidarslam_ros2/lidarslam_msgs) by extension 'ignore_ament_install'
[1.393s] Level 1:colcon.colcon_core.package_identification:_identify(src/lidarslam_ros2/lidarslam_msgs) by extensions ['colcon_pkg']
[1.393s] Level 1:colcon.colcon_core.package_identification:_identify(src/lidarslam_ros2/lidarslam_msgs) by extension 'colcon_pkg'
[1.393s] Level 1:colcon.colcon_core.package_identification:_identify(src/lidarslam_ros2/lidarslam_msgs) by extensions ['colcon_meta']
[1.393s] Level 1:colcon.colcon_core.package_identification:_identify(src/lidarslam_ros2/lidarslam_msgs) by extension 'colcon_meta'
[1.393s] Level 1:colcon.colcon_core.package_identification:_identify(src/lidarslam_ros2/lidarslam_msgs) by extensions ['ros']
[1.393s] Level 1:colcon.colcon_core.package_identification:_identify(src/lidarslam_ros2/lidarslam_msgs) by extension 'ros'
[1.394s] DEBUG:colcon.colcon_core.package_identification:Package 'src/lidarslam_ros2/lidarslam_msgs' with type 'ros.ament_cmake' and name 'lidarslam_msgs'
[1.394s] Level 1:colcon.colcon_core.package_identification:_identify(src/lidarslam_ros2/scanmatcher) by extensions ['ignore', 'ignore_ament_install']
[1.394s] Level 1:colcon.colcon_core.package_identification:_identify(src/lidarslam_ros2/scanmatcher) by extension 'ignore'
[1.394s] Level 1:colcon.colcon_core.package_identification:_identify(src/lidarslam_ros2/scanmatcher) by extension 'ignore_ament_install'
[1.394s] Level 1:colcon.colcon_core.package_identification:_identify(src/lidarslam_ros2/scanmatcher) by extensions ['colcon_pkg']
[1.394s] Level 1:colcon.colcon_core.package_identification:_identify(src/lidarslam_ros2/scanmatcher) by extension 'colcon_pkg'
[1.394s] Level 1:colcon.colcon_core.package_identification:_identify(src/lidarslam_ros2/scanmatcher) by extensions ['colcon_meta']
[1.394s] Level 1:colcon.colcon_core.package_identification:_identify(src/lidarslam_ros2/scanmatcher) by extension 'colcon_meta'
[1.394s] Level 1:colcon.colcon_core.package_identification:_identify(src/lidarslam_ros2/scanmatcher) by extensions ['ros']
[1.395s] Level 1:colcon.colcon_core.package_identification:_identify(src/lidarslam_ros2/scanmatcher) by extension 'ros'
[1.397s] DEBUG:colcon.colcon_core.package_identification:Package 'src/lidarslam_ros2/scanmatcher' with type 'ros.ament_cmake' and name 'scanmatcher'
[1.397s] Level 1:colcon.colcon_core.package_identification:_identify(src/rplidar_ros2) by extensions ['ignore', 'ignore_ament_install']
[1.397s] Level 1:colcon.colcon_core.package_identification:_identify(src/rplidar_ros2) by extension 'ignore'
[1.397s] Level 1:colcon.colcon_core.package_identification:_identify(src/rplidar_ros2) by extension 'ignore_ament_install'
[1.397s] Level 1:colcon.colcon_core.package_identification:_identify(src/rplidar_ros2) by extensions ['colcon_pkg']
[1.397s] Level 1:colcon.colcon_core.package_identification:_identify(src/rplidar_ros2) by extension 'colcon_pkg'
[1.397s] Level 1:colcon.colcon_core.package_identification:_identify(src/rplidar_ros2) by extensions ['colcon_meta']
[1.397s] Level 1:colcon.colcon_core.package_identification:_identify(src/rplidar_ros2) by extension 'colcon_meta'
[1.397s] Level 1:colcon.colcon_core.package_identification:_identify(src/rplidar_ros2) by extensions ['ros']
[1.397s] Level 1:colcon.colcon_core.package_identification:_identify(src/rplidar_ros2) by extension 'ros'
[1.398s] DEBUG:colcon.colcon_core.package_identification:Package 'src/rplidar_ros2' with type 'ros.ament_cmake' and name 'rplidar_ros'
[1.398s] Level 1:colcon.colcon_core.package_identification:_identify(src/sllidar_ros2) by extensions ['ignore', 'ignore_ament_install']
[1.398s] Level 1:colcon.colcon_core.package_identification:_identify(src/sllidar_ros2) by extension 'ignore'
[1.398s] Level 1:colcon.colcon_core.package_identification:_identify(src/sllidar_ros2) by extension 'ignore_ament_install'
[1.398s] Level 1:colcon.colcon_core.package_identification:_identify(src/sllidar_ros2) by extensions ['colcon_pkg']
[1.398s] Level 1:colcon.colcon_core.package_identification:_identify(src/sllidar_ros2) by extension 'colcon_pkg'
[1.398s] Level 1:colcon.colcon_core.package_identification:_identify(src/sllidar_ros2) by extensions ['colcon_meta']
[1.399s] Level 1:colcon.colcon_core.package_identification:_identify(src/sllidar_ros2) by extension 'colcon_meta'
[1.399s] Level 1:colcon.colcon_core.package_identification:_identify(src/sllidar_ros2) by extensions ['ros']
[1.399s] Level 1:colcon.colcon_core.package_identification:_identify(src/sllidar_ros2) by extension 'ros'
[1.399s] DEBUG:colcon.colcon_core.package_identification:Package 'src/sllidar_ros2' with type 'ros.ament_cmake' and name 'sllidar_ros2'
[1.399s] Level 1:colcon.colcon_core.package_discovery:discover_packages(recursive) using defaults
[1.400s] Level 1:colcon.colcon_core.package_discovery:discover_packages(ignore) discover
[1.400s] Level 1:colcon.colcon_core.package_discovery:discover_packages(ignore) using defaults
[1.400s] Level 1:colcon.colcon_core.package_discovery:discover_packages(path) discover
[1.400s] Level 1:colcon.colcon_core.package_discovery:discover_packages(path) using defaults
[1.527s] Level 1:colcon.colcon_core.package_discovery:discover_packages(prefix_path) check parameters
[1.527s] Level 1:colcon.colcon_core.package_discovery:discover_packages(prefix_path) discover
[1.569s] DEBUG:colcon.colcon_installed_package_information.package_discovery:Found 29 installed packages in /home/frese/ros2_ws/install
[1.589s] DEBUG:colcon.colcon_installed_package_information.package_discovery:Found 270 installed packages in /opt/ros/humble
[1.591s] Level 1:colcon.colcon_core.package_discovery:discover_packages(prefix_path) using defaults
[1.715s] Level 5:colcon.colcon_core.verb:set package 'lidarslam_msgs' build argument 'cmake_args' from command line to 'None'
[1.715s] Level 5:colcon.colcon_core.verb:set package 'lidarslam_msgs' build argument 'cmake_target' from command line to 'None'
[1.715s] Level 5:colcon.colcon_core.verb:set package 'lidarslam_msgs' build argument 'cmake_target_skip_unavailable' from command line to 'False'
[1.715s] Level 5:colcon.colcon_core.verb:set package 'lidarslam_msgs' build argument 'cmake_clean_cache' from command line to 'False'
[1.715s] Level 5:colcon.colcon_core.verb:set package 'lidarslam_msgs' build argument 'cmake_clean_first' from command line to 'False'
[1.715s] Level 5:colcon.colcon_core.verb:set package 'lidarslam_msgs' build argument 'cmake_force_configure' from command line to 'False'
[1.715s] Level 5:colcon.colcon_core.verb:set package 'lidarslam_msgs' build argument 'ament_cmake_args' from command line to 'None'
[1.715s] Level 5:colcon.colcon_core.verb:set package 'lidarslam_msgs' build argument 'catkin_cmake_args' from command line to 'None'
[1.715s] Level 5:colcon.colcon_core.verb:set package 'lidarslam_msgs' build argument 'catkin_skip_building_tests' from command line to 'False'
[1.715s] DEBUG:colcon.colcon_core.verb:Building package 'lidarslam_msgs' with the following arguments: {'ament_cmake_args': None, 'build_base': '/home/frese/ros2_ws/build/lidarslam_msgs', 'catkin_cmake_args': None, 'catkin_skip_building_tests': False, 'cmake_args': None, 'cmake_clean_cache': False, 'cmake_clean_first': False, 'cmake_force_configure': False, 'cmake_target': None, 'cmake_target_skip_unavailable': False, 'install_base': '/home/frese/ros2_ws/install/lidarslam_msgs', 'merge_install': False, 'path': '/home/frese/ros2_ws/src/lidarslam_ros2/lidarslam_msgs', 'symlink_install': True, 'test_result_base': None}
[1.734s] Level 5:colcon.colcon_core.verb:set package 'ndt_omp_ros2' build argument 'cmake_args' from command line to 'None'
[1.734s] Level 5:colcon.colcon_core.verb:set package 'ndt_omp_ros2' build argument 'cmake_target' from command line to 'None'
[1.734s] Level 5:colcon.colcon_core.verb:set package 'ndt_omp_ros2' build argument 'cmake_target_skip_unavailable' from command line to 'False'
[1.734s] Level 5:colcon.colcon_core.verb:set package 'ndt_omp_ros2' build argument 'cmake_clean_cache' from command line to 'False'
[1.734s] Level 5:colcon.colcon_core.verb:set package 'ndt_omp_ros2' build argument 'cmake_clean_first' from command line to 'False'
[1.734s] Level 5:colcon.colcon_core.verb:set package 'ndt_omp_ros2' build argument 'cmake_force_configure' from command line to 'False'
[1.734s] Level 5:colcon.colcon_core.verb:set package 'ndt_omp_ros2' build argument 'ament_cmake_args' from command line to 'None'
[1.734s] Level 5:colcon.colcon_core.verb:set package 'ndt_omp_ros2' build argument 'catkin_cmake_args' from command line to 'None'
[1.734s] Level 5:colcon.colcon_core.verb:set package 'ndt_omp_ros2' build argument 'catkin_skip_building_tests' from command line to 'False'
[1.734s] DEBUG:colcon.colcon_core.verb:Building package 'ndt_omp_ros2' with the following arguments: {'ament_cmake_args': None, 'build_base': '/home/frese/ros2_ws/build/ndt_omp_ros2', 'catkin_cmake_args': None, 'catkin_skip_building_tests': False, 'cmake_args': None, 'cmake_clean_cache': False, 'cmake_clean_first': False, 'cmake_force_configure': False, 'cmake_target': None, 'cmake_target_skip_unavailable': False, 'install_base': '/home/frese/ros2_ws/install/ndt_omp_ros2', 'merge_install': False, 'path': '/home/frese/ros2_ws/src/lidarslam_ros2/Thirdparty/ndt_omp_ros2', 'symlink_install': True, 'test_result_base': None}
[1.755s] Level 5:colcon.colcon_core.verb:set package 'rplidar_ros' build argument 'cmake_args' from command line to 'None'
[1.755s] Level 5:colcon.colcon_core.verb:set package 'rplidar_ros' build argument 'cmake_target' from command line to 'None'
[1.755s] Level 5:colcon.colcon_core.verb:set package 'rplidar_ros' build argument 'cmake_target_skip_unavailable' from command line to 'False'
[1.755s] Level 5:colcon.colcon_core.verb:set package 'rplidar_ros' build argument 'cmake_clean_cache' from command line to 'False'
[1.755s] Level 5:colcon.colcon_core.verb:set package 'rplidar_ros' build argument 'cmake_clean_first' from command line to 'False'
[1.755s] Level 5:colcon.colcon_core.verb:set package 'rplidar_ros' build argument 'cmake_force_configure' from command line to 'False'
[1.755s] Level 5:colcon.colcon_core.verb:set package 'rplidar_ros' build argument 'ament_cmake_args' from command line to 'None'
[1.755s] Level 5:colcon.colcon_core.verb:set package 'rplidar_ros' build argument 'catkin_cmake_args' from command line to 'None'
[1.755s] Level 5:colcon.colcon_core.verb:set package 'rplidar_ros' build argument 'catkin_skip_building_tests' from command line to 'False'
[1.755s] DEBUG:colcon.colcon_core.verb:Building package 'rplidar_ros' with the following arguments: {'ament_cmake_args': None, 'build_base': '/home/frese/ros2_ws/build/rplidar_ros', 'catkin_cmake_args': None, 'catkin_skip_building_tests': False, 'cmake_args': None, 'cmake_clean_cache': False, 'cmake_clean_first': False, 'cmake_force_configure': False, 'cmake_target': None, 'cmake_target_skip_unavailable': False, 'install_base': '/home/frese/ros2_ws/install/rplidar_ros', 'merge_install': False, 'path': '/home/frese/ros2_ws/src/rplidar_ros2', 'symlink_install': True, 'test_result_base': None}
[1.771s] Level 5:colcon.colcon_core.verb:set package 'sllidar_ros2' build argument 'cmake_args' from command line to 'None'
[1.772s] Level 5:colcon.colcon_core.verb:set package 'sllidar_ros2' build argument 'cmake_target' from command line to 'None'
[1.772s] Level 5:colcon.colcon_core.verb:set package 'sllidar_ros2' build argument 'cmake_target_skip_unavailable' from command line to 'False'
[1.772s] Level 5:colcon.colcon_core.verb:set package 'sllidar_ros2' build argument 'cmake_clean_cache' from command line to 'False'
[1.772s] Level 5:colcon.colcon_core.verb:set package 'sllidar_ros2' build argument 'cmake_clean_first' from command line to 'False'
[1.772s] Level 5:colcon.colcon_core.verb:set package 'sllidar_ros2' build argument 'cmake_force_configure' from command line to 'False'
[1.772s] Level 5:colcon.colcon_core.verb:set package 'sllidar_ros2' build argument 'ament_cmake_args' from command line to 'None'
[1.772s] Level 5:colcon.colcon_core.verb:set package 'sllidar_ros2' build argument 'catkin_cmake_args' from command line to 'None'
[1.772s] Level 5:colcon.colcon_core.verb:set package 'sllidar_ros2' build argument 'catkin_skip_building_tests' from command line to 'False'
[1.772s] DEBUG:colcon.colcon_core.verb:Building package 'sllidar_ros2' with the following arguments: {'ament_cmake_args': None, 'build_base': '/home/frese/ros2_ws/build/sllidar_ros2', 'catkin_cmake_args': None, 'catkin_skip_building_tests': False, 'cmake_args': None, 'cmake_clean_cache': False, 'cmake_clean_first': False, 'cmake_force_configure': False, 'cmake_target': None, 'cmake_target_skip_unavailable': False, 'install_base': '/home/frese/ros2_ws/install/sllidar_ros2', 'merge_install': False, 'path': '/home/frese/ros2_ws/src/sllidar_ros2', 'symlink_install': True, 'test_result_base': None}
[1.790s] Level 5:colcon.colcon_core.verb:set package 'graph_based_slam' build argument 'cmake_args' from command line to 'None'
[1.791s] Level 5:colcon.colcon_core.verb:set package 'graph_based_slam' build argument 'cmake_target' from command line to 'None'
[1.791s] Level 5:colcon.colcon_core.verb:set package 'graph_based_slam' build argument 'cmake_target_skip_unavailable' from command line to 'False'
[1.791s] Level 5:colcon.colcon_core.verb:set package 'graph_based_slam' build argument 'cmake_clean_cache' from command line to 'False'
[1.791s] Level 5:colcon.colcon_core.verb:set package 'graph_based_slam' build argument 'cmake_clean_first' from command line to 'False'
[1.791s] Level 5:colcon.colcon_core.verb:set package 'graph_based_slam' build argument 'cmake_force_configure' from command line to 'False'
[1.791s] Level 5:colcon.colcon_core.verb:set package 'graph_based_slam' build argument 'ament_cmake_args' from command line to 'None'
[1.791s] Level 5:colcon.colcon_core.verb:set package 'graph_based_slam' build argument 'catkin_cmake_args' from command line to 'None'
[1.791s] Level 5:colcon.colcon_core.verb:set package 'graph_based_slam' build argument 'catkin_skip_building_tests' from command line to 'False'
[1.791s] DEBUG:colcon.colcon_core.verb:Building package 'graph_based_slam' with the following arguments: {'ament_cmake_args': None, 'build_base': '/home/frese/ros2_ws/build/graph_based_slam', 'catkin_cmake_args': None, 'catkin_skip_building_tests': False, 'cmake_args': None, 'cmake_clean_cache': False, 'cmake_clean_first': False, 'cmake_force_configure': False, 'cmake_target': None, 'cmake_target_skip_unavailable': False, 'install_base': '/home/frese/ros2_ws/install/graph_based_slam', 'merge_install': False, 'path': '/home/frese/ros2_ws/src/lidarslam_ros2/graph_based_slam', 'symlink_install': True, 'test_result_base': None}
[1.808s] Level 5:colcon.colcon_core.verb:set package 'scanmatcher' build argument 'cmake_args' from command line to 'None'
[1.808s] Level 5:colcon.colcon_core.verb:set package 'scanmatcher' build argument 'cmake_target' from command line to 'None'
[1.808s] Level 5:colcon.colcon_core.verb:set package 'scanmatcher' build argument 'cmake_target_skip_unavailable' from command line to 'False'
[1.808s] Level 5:colcon.colcon_core.verb:set package 'scanmatcher' build argument 'cmake_clean_cache' from command line to 'False'
[1.808s] Level 5:colcon.colcon_core.verb:set package 'scanmatcher' build argument 'cmake_clean_first' from command line to 'False'
[1.808s] Level 5:colcon.colcon_core.verb:set package 'scanmatcher' build argument 'cmake_force_configure' from command line to 'False'
[1.808s] Level 5:colcon.colcon_core.verb:set package 'scanmatcher' build argument 'ament_cmake_args' from command line to 'None'
[1.808s] Level 5:colcon.colcon_core.verb:set package 'scanmatcher' build argument 'catkin_cmake_args' from command line to 'None'
[1.808s] Level 5:colcon.colcon_core.verb:set package 'scanmatcher' build argument 'catkin_skip_building_tests' from command line to 'False'
[1.808s] DEBUG:colcon.colcon_core.verb:Building package 'scanmatcher' with the following arguments: {'ament_cmake_args': None, 'build_base': '/home/frese/ros2_ws/build/scanmatcher', 'catkin_cmake_args': None, 'catkin_skip_building_tests': False, 'cmake_args': None, 'cmake_clean_cache': False, 'cmake_clean_first': False, 'cmake_force_configure': False, 'cmake_target': None, 'cmake_target_skip_unavailable': False, 'install_base': '/home/frese/ros2_ws/install/scanmatcher', 'merge_install': False, 'path': '/home/frese/ros2_ws/src/lidarslam_ros2/scanmatcher', 'symlink_install': True, 'test_result_base': None}
[1.825s] Level 5:colcon.colcon_core.verb:set package 'lidarslam' build argument 'cmake_args' from command line to 'None'
[1.825s] Level 5:colcon.colcon_core.verb:set package 'lidarslam' build argument 'cmake_target' from command line to 'None'
[1.825s] Level 5:colcon.colcon_core.verb:set package 'lidarslam' build argument 'cmake_target_skip_unavailable' from command line to 'False'
[1.825s] Level 5:colcon.colcon_core.verb:set package 'lidarslam' build argument 'cmake_clean_cache' from command line to 'False'
[1.825s] Level 5:colcon.colcon_core.verb:set package 'lidarslam' build argument 'cmake_clean_first' from command line to 'False'
[1.825s] Level 5:colcon.colcon_core.verb:set package 'lidarslam' build argument 'cmake_force_configure' from command line to 'False'
[1.825s] Level 5:colcon.colcon_core.verb:set package 'lidarslam' build argument 'ament_cmake_args' from command line to 'None'
[1.825s] Level 5:colcon.colcon_core.verb:set package 'lidarslam' build argument 'catkin_cmake_args' from command line to 'None'
[1.825s] Level 5:colcon.colcon_core.verb:set package 'lidarslam' build argument 'catkin_skip_building_tests' from command line to 'False'
[1.825s] DEBUG:colcon.colcon_core.verb:Building package 'lidarslam' with the following arguments: {'ament_cmake_args': None, 'build_base': '/home/frese/ros2_ws/build/lidarslam', 'catkin_cmake_args': None, 'catkin_skip_building_tests': False, 'cmake_args': None, 'cmake_clean_cache': False, 'cmake_clean_first': False, 'cmake_force_configure': False, 'cmake_target': None, 'cmake_target_skip_unavailable': False, 'install_base': '/home/frese/ros2_ws/install/lidarslam', 'merge_install': False, 'path': '/home/frese/ros2_ws/src/lidarslam_ros2/lidarslam', 'symlink_install': True, 'test_result_base': None}
[1.842s] INFO:colcon.colcon_core.executor:Executing jobs using 'parallel' executor
[1.860s] DEBUG:colcon.colcon_parallel_executor.executor.parallel:run_until_complete
[1.860s] INFO:colcon.colcon_ros.task.ament_cmake.build:Building ROS package in '/home/frese/ros2_ws/src/lidarslam_ros2/lidarslam_msgs' with build type 'ament_cmake'
[1.860s] INFO:colcon.colcon_cmake.task.cmake.build:Building CMake package in '/home/frese/ros2_ws/src/lidarslam_ros2/lidarslam_msgs'
[1.884s] INFO:colcon.colcon_core.plugin_system:Skipping extension 'colcon_core.shell.bat': Not used on non-Windows systems
[1.885s] INFO:colcon.colcon_core.shell:Skip shell extension 'powershell' for command environment: Not usable outside of PowerShell
[1.885s] DEBUG:colcon.colcon_core.shell:Skip shell extension 'dsv' for command environment
[1.944s] INFO:colcon.colcon_ros.task.ament_cmake.build:Building ROS package in '/home/frese/ros2_ws/src/lidarslam_ros2/Thirdparty/ndt_omp_ros2' with build type 'ament_cmake'
[1.945s] INFO:colcon.colcon_cmake.task.cmake.build:Building CMake package in '/home/frese/ros2_ws/src/lidarslam_ros2/Thirdparty/ndt_omp_ros2'
[1.964s] INFO:colcon.colcon_core.shell:Skip shell extension 'powershell' for command environment: Not usable outside of PowerShell
[1.964s] DEBUG:colcon.colcon_core.shell:Skip shell extension 'dsv' for command environment
[2.025s] INFO:colcon.colcon_ros.task.ament_cmake.build:Building ROS package in '/home/frese/ros2_ws/src/rplidar_ros2' with build type 'ament_cmake'
[2.025s] INFO:colcon.colcon_cmake.task.cmake.build:Building CMake package in '/home/frese/ros2_ws/src/rplidar_ros2'
[2.044s] INFO:colcon.colcon_core.shell:Skip shell extension 'powershell' for command environment: Not usable outside of PowerShell
[2.044s] DEBUG:colcon.colcon_core.shell:Skip shell extension 'dsv' for command environment
[2.106s] INFO:colcon.colcon_ros.task.ament_cmake.build:Building ROS package in '/home/frese/ros2_ws/src/sllidar_ros2' with build type 'ament_cmake'
[2.107s] INFO:colcon.colcon_cmake.task.cmake.build:Building CMake package in '/home/frese/ros2_ws/src/sllidar_ros2'
[2.127s] INFO:colcon.colcon_core.shell:Skip shell extension 'powershell' for command environment: Not usable outside of PowerShell
[2.127s] DEBUG:colcon.colcon_core.shell:Skip shell extension 'dsv' for command environment
[2.198s] DEBUG:colcon.colcon_core.event_handler.log_command:Invoking command in '/home/frese/ros2_ws/build/lidarslam_msgs': CMAKE_PREFIX_PATH=${CMAKE_PREFIX_PATH}:/home/frese/ros2_ws/install/launch_testing_examples:/home/frese/ros2_ws/install/examples_rclpy_pointcloud_publisher:/home/frese/ros2_ws/install/examples_rclpy_minimal_subscriber:/home/frese/ros2_ws/install/examples_rclpy_minimal_service:/home/frese/ros2_ws/install/examples_rclpy_minimal_publisher:/home/frese/ros2_ws/install/examples_rclpy_minimal_client:/home/frese/ros2_ws/install/examples_rclpy_minimal_action_server:/home/frese/ros2_ws/install/examples_rclpy_minimal_action_client:/home/frese/ros2_ws/install/examples_rclpy_guard_conditions:/home/frese/ros2_ws/install/examples_rclpy_executors:/opt/ros/humble /usr/bin/cmake --build /home/frese/ros2_ws/build/lidarslam_msgs -- -j26 -l26
[2.211s] DEBUG:colcon.colcon_core.event_handler.log_command:Invoking command in '/home/frese/ros2_ws/build/ndt_omp_ros2': CMAKE_PREFIX_PATH=${CMAKE_PREFIX_PATH}:/home/frese/ros2_ws/install/launch_testing_examples:/home/frese/ros2_ws/install/examples_rclpy_pointcloud_publisher:/home/frese/ros2_ws/install/examples_rclpy_minimal_subscriber:/home/frese/ros2_ws/install/examples_rclpy_minimal_service:/home/frese/ros2_ws/install/examples_rclpy_minimal_publisher:/home/frese/ros2_ws/install/examples_rclpy_minimal_client:/home/frese/ros2_ws/install/examples_rclpy_minimal_action_server:/home/frese/ros2_ws/install/examples_rclpy_minimal_action_client:/home/frese/ros2_ws/install/examples_rclpy_guard_conditions:/home/frese/ros2_ws/install/examples_rclpy_executors:/opt/ros/humble /usr/bin/cmake --build /home/frese/ros2_ws/build/ndt_omp_ros2 -- -j26 -l26
[2.216s] DEBUG:colcon.colcon_core.event_handler.log_command:Invoking command in '/home/frese/ros2_ws/build/rplidar_ros': CMAKE_PREFIX_PATH=${CMAKE_PREFIX_PATH}:/home/frese/ros2_ws/install/launch_testing_examples:/home/frese/ros2_ws/install/examples_rclpy_pointcloud_publisher:/home/frese/ros2_ws/install/examples_rclpy_minimal_subscriber:/home/frese/ros2_ws/install/examples_rclpy_minimal_service:/home/frese/ros2_ws/install/examples_rclpy_minimal_publisher:/home/frese/ros2_ws/install/examples_rclpy_minimal_client:/home/frese/ros2_ws/install/examples_rclpy_minimal_action_server:/home/frese/ros2_ws/install/examples_rclpy_minimal_action_client:/home/frese/ros2_ws/install/examples_rclpy_guard_conditions:/home/frese/ros2_ws/install/examples_rclpy_executors:/opt/ros/humble /usr/bin/cmake --build /home/frese/ros2_ws/build/rplidar_ros -- -j26 -l26
[2.224s] DEBUG:colcon.colcon_core.event_handler.log_command:Invoking command in '/home/frese/ros2_ws/build/sllidar_ros2': CMAKE_PREFIX_PATH=${CMAKE_PREFIX_PATH}:/home/frese/ros2_ws/install/launch_testing_examples:/home/frese/ros2_ws/install/examples_rclpy_pointcloud_publisher:/home/frese/ros2_ws/install/examples_rclpy_minimal_subscriber:/home/frese/ros2_ws/install/examples_rclpy_minimal_service:/home/frese/ros2_ws/install/examples_rclpy_minimal_publisher:/home/frese/ros2_ws/install/examples_rclpy_minimal_client:/home/frese/ros2_ws/install/examples_rclpy_minimal_action_server:/home/frese/ros2_ws/install/examples_rclpy_minimal_action_client:/home/frese/ros2_ws/install/examples_rclpy_guard_conditions:/home/frese/ros2_ws/install/examples_rclpy_executors:/opt/ros/humble /usr/bin/cmake --build /home/frese/ros2_ws/build/sllidar_ros2 -- -j26 -l26
[2.364s] DEBUG:colcon.colcon_core.event_handler.log_command:Invoked command in '/home/frese/ros2_ws/build/sllidar_ros2' returned '0': CMAKE_PREFIX_PATH=${CMAKE_PREFIX_PATH}:/home/frese/ros2_ws/install/launch_testing_examples:/home/frese/ros2_ws/install/examples_rclpy_pointcloud_publisher:/home/frese/ros2_ws/install/examples_rclpy_minimal_subscriber:/home/frese/ros2_ws/install/examples_rclpy_minimal_service:/home/frese/ros2_ws/install/examples_rclpy_minimal_publisher:/home/frese/ros2_ws/install/examples_rclpy_minimal_client:/home/frese/ros2_ws/install/examples_rclpy_minimal_action_server:/home/frese/ros2_ws/install/examples_rclpy_minimal_action_client:/home/frese/ros2_ws/install/examples_rclpy_guard_conditions:/home/frese/ros2_ws/install/examples_rclpy_executors:/opt/ros/humble /usr/bin/cmake --build /home/frese/ros2_ws/build/sllidar_ros2 -- -j26 -l26
[2.415s] DEBUG:colcon.colcon_core.event_handler.log_command:Invoked command in '/home/frese/ros2_ws/build/rplidar_ros' returned '0': CMAKE_PREFIX_PATH=${CMAKE_PREFIX_PATH}:/home/frese/ros2_ws/install/launch_testing_examples:/home/frese/ros2_ws/install/examples_rclpy_pointcloud_publisher:/home/frese/ros2_ws/install/examples_rclpy_minimal_subscriber:/home/frese/ros2_ws/install/examples_rclpy_minimal_service:/home/frese/ros2_ws/install/examples_rclpy_minimal_publisher:/home/frese/ros2_ws/install/examples_rclpy_minimal_client:/home/frese/ros2_ws/install/examples_rclpy_minimal_action_server:/home/frese/ros2_ws/install/examples_rclpy_minimal_action_client:/home/frese/ros2_ws/install/examples_rclpy_guard_conditions:/home/frese/ros2_ws/install/examples_rclpy_executors:/opt/ros/humble /usr/bin/cmake --build /home/frese/ros2_ws/build/rplidar_ros -- -j26 -l26
[2.521s] DEBUG:colcon.colcon_core.event_handler.log_command:Invoking command in '/home/frese/ros2_ws/build/sllidar_ros2': CMAKE_PREFIX_PATH=${CMAKE_PREFIX_PATH}:/home/frese/ros2_ws/install/launch_testing_examples:/home/frese/ros2_ws/install/examples_rclpy_pointcloud_publisher:/home/frese/ros2_ws/install/examples_rclpy_minimal_subscriber:/home/frese/ros2_ws/install/examples_rclpy_minimal_service:/home/frese/ros2_ws/install/examples_rclpy_minimal_publisher:/home/frese/ros2_ws/install/examples_rclpy_minimal_client:/home/frese/ros2_ws/install/examples_rclpy_minimal_action_server:/home/frese/ros2_ws/install/examples_rclpy_minimal_action_client:/home/frese/ros2_ws/install/examples_rclpy_guard_conditions:/home/frese/ros2_ws/install/examples_rclpy_executors:/opt/ros/humble /usr/bin/cmake --install /home/frese/ros2_ws/build/sllidar_ros2
[2.525s] DEBUG:colcon.colcon_core.event_handler.log_command:Invoking command in '/home/frese/ros2_ws/build/rplidar_ros': CMAKE_PREFIX_PATH=${CMAKE_PREFIX_PATH}:/home/frese/ros2_ws/install/launch_testing_examples:/home/frese/ros2_ws/install/examples_rclpy_pointcloud_publisher:/home/frese/ros2_ws/install/examples_rclpy_minimal_subscriber:/home/frese/ros2_ws/install/examples_rclpy_minimal_service:/home/frese/ros2_ws/install/examples_rclpy_minimal_publisher:/home/frese/ros2_ws/install/examples_rclpy_minimal_client:/home/frese/ros2_ws/install/examples_rclpy_minimal_action_server:/home/frese/ros2_ws/install/examples_rclpy_minimal_action_client:/home/frese/ros2_ws/install/examples_rclpy_guard_conditions:/home/frese/ros2_ws/install/examples_rclpy_executors:/opt/ros/humble /usr/bin/cmake --install /home/frese/ros2_ws/build/rplidar_ros
[2.571s] Level 1:colcon.colcon_core.environment:create_environment_scripts_only(rplidar_ros)
[2.572s] DEBUG:colcon.colcon_core.event_handler.log_command:Invoked command in '/home/frese/ros2_ws/build/rplidar_ros' returned '0': CMAKE_PREFIX_PATH=${CMAKE_PREFIX_PATH}:/home/frese/ros2_ws/install/launch_testing_examples:/home/frese/ros2_ws/install/examples_rclpy_pointcloud_publisher:/home/frese/ros2_ws/install/examples_rclpy_minimal_subscriber:/home/frese/ros2_ws/install/examples_rclpy_minimal_service:/home/frese/ros2_ws/install/examples_rclpy_minimal_publisher:/home/frese/ros2_ws/install/examples_rclpy_minimal_client:/home/frese/ros2_ws/install/examples_rclpy_minimal_action_server:/home/frese/ros2_ws/install/examples_rclpy_minimal_action_client:/home/frese/ros2_ws/install/examples_rclpy_guard_conditions:/home/frese/ros2_ws/install/examples_rclpy_executors:/opt/ros/humble /usr/bin/cmake --install /home/frese/ros2_ws/build/rplidar_ros
[2.604s] Level 1:colcon.colcon_core.environment:checking '/home/frese/ros2_ws/install/rplidar_ros' for CMake module files
[2.604s] Level 1:colcon.colcon_core.environment:checking '/home/frese/ros2_ws/install/rplidar_ros' for CMake config files
[2.605s] Level 1:colcon.colcon_core.shell:create_environment_hook('rplidar_ros', 'cmake_prefix_path')
[2.624s] INFO:colcon.colcon_core.shell:Creating environment hook '/home/frese/ros2_ws/install/rplidar_ros/share/rplidar_ros/hook/cmake_prefix_path.ps1'
[2.624s] INFO:colcon.colcon_core.shell:Creating environment descriptor '/home/frese/ros2_ws/install/rplidar_ros/share/rplidar_ros/hook/cmake_prefix_path.dsv'
[2.625s] INFO:colcon.colcon_core.shell:Creating environment hook '/home/frese/ros2_ws/install/rplidar_ros/share/rplidar_ros/hook/cmake_prefix_path.sh'
[2.626s] Level 1:colcon.colcon_core.environment:checking '/home/frese/ros2_ws/install/rplidar_ros/lib'
[2.627s] Level 1:colcon.colcon_core.shell:create_environment_hook('rplidar_ros', 'ld_library_path_lib')
[2.645s] INFO:colcon.colcon_core.shell:Creating environment hook '/home/frese/ros2_ws/install/rplidar_ros/share/rplidar_ros/hook/ld_library_path_lib.ps1'
[2.646s] INFO:colcon.colcon_core.shell:Creating environment descriptor '/home/frese/ros2_ws/install/rplidar_ros/share/rplidar_ros/hook/ld_library_path_lib.dsv'
[2.646s] INFO:colcon.colcon_core.shell:Creating environment hook '/home/frese/ros2_ws/install/rplidar_ros/share/rplidar_ros/hook/ld_library_path_lib.sh'
[2.647s] Level 1:colcon.colcon_core.environment:checking '/home/frese/ros2_ws/install/rplidar_ros/bin'
[2.647s] Level 1:colcon.colcon_core.environment:checking '/home/frese/ros2_ws/install/rplidar_ros/lib/pkgconfig/rplidar_ros.pc'
[2.647s] Level 1:colcon.colcon_core.environment:checking '/home/frese/ros2_ws/install/rplidar_ros/lib/python3.10/site-packages'
[2.647s] Level 1:colcon.colcon_core.environment:checking '/home/frese/ros2_ws/install/rplidar_ros/bin'
[2.665s] INFO:colcon.colcon_core.shell:Creating package script '/home/frese/ros2_ws/install/rplidar_ros/share/rplidar_ros/package.ps1'
[2.666s] INFO:colcon.colcon_core.shell:Creating package descriptor '/home/frese/ros2_ws/install/rplidar_ros/share/rplidar_ros/package.dsv'
[2.667s] INFO:colcon.colcon_core.shell:Creating package script '/home/frese/ros2_ws/install/rplidar_ros/share/rplidar_ros/package.sh'
[2.668s] INFO:colcon.colcon_core.shell:Creating package script '/home/frese/ros2_ws/install/rplidar_ros/share/rplidar_ros/package.bash'
[2.669s] INFO:colcon.colcon_core.shell:Creating package script '/home/frese/ros2_ws/install/rplidar_ros/share/rplidar_ros/package.zsh'
[2.670s] Level 1:colcon.colcon_core.environment:create_file_with_runtime_dependencies(/home/frese/ros2_ws/install/rplidar_ros/share/colcon-core/packages/rplidar_ros)
[2.673s] Level 1:colcon.colcon_core.environment:create_environment_scripts_only(sllidar_ros2)
[2.675s] DEBUG:colcon.colcon_core.event_handler.log_command:Invoked command in '/home/frese/ros2_ws/build/sllidar_ros2' returned '0': CMAKE_PREFIX_PATH=${CMAKE_PREFIX_PATH}:/home/frese/ros2_ws/install/launch_testing_examples:/home/frese/ros2_ws/install/examples_rclpy_pointcloud_publisher:/home/frese/ros2_ws/install/examples_rclpy_minimal_subscriber:/home/frese/ros2_ws/install/examples_rclpy_minimal_service:/home/frese/ros2_ws/install/examples_rclpy_minimal_publisher:/home/frese/ros2_ws/install/examples_rclpy_minimal_client:/home/frese/ros2_ws/install/examples_rclpy_minimal_action_server:/home/frese/ros2_ws/install/examples_rclpy_minimal_action_client:/home/frese/ros2_ws/install/examples_rclpy_guard_conditions:/home/frese/ros2_ws/install/examples_rclpy_executors:/opt/ros/humble /usr/bin/cmake --install /home/frese/ros2_ws/build/sllidar_ros2
[2.711s] Level 1:colcon.colcon_core.environment:checking '/home/frese/ros2_ws/install/sllidar_ros2' for CMake module files
[2.712s] Level 1:colcon.colcon_core.environment:checking '/home/frese/ros2_ws/install/sllidar_ros2' for CMake config files
[2.713s] Level 1:colcon.colcon_core.shell:create_environment_hook('sllidar_ros2', 'cmake_prefix_path')
[2.738s] INFO:colcon.colcon_core.shell:Creating environment hook '/home/frese/ros2_ws/install/sllidar_ros2/share/sllidar_ros2/hook/cmake_prefix_path.ps1'
[2.738s] INFO:colcon.colcon_core.shell:Creating environment descriptor '/home/frese/ros2_ws/install/sllidar_ros2/share/sllidar_ros2/hook/cmake_prefix_path.dsv'
[2.739s] INFO:colcon.colcon_core.shell:Creating environment hook '/home/frese/ros2_ws/install/sllidar_ros2/share/sllidar_ros2/hook/cmake_prefix_path.sh'
[2.740s] Level 1:colcon.colcon_core.environment:checking '/home/frese/ros2_ws/install/sllidar_ros2/lib'
[2.740s] Level 1:colcon.colcon_core.environment:checking '/home/frese/ros2_ws/install/sllidar_ros2/bin'
[2.740s] Level 1:colcon.colcon_core.environment:checking '/home/frese/ros2_ws/install/sllidar_ros2/lib/pkgconfig/sllidar_ros2.pc'
[2.741s] Level 1:colcon.colcon_core.environment:checking '/home/frese/ros2_ws/install/sllidar_ros2/lib/python3.10/site-packages'
[2.741s] Level 1:colcon.colcon_core.environment:checking '/home/frese/ros2_ws/install/sllidar_ros2/bin'
[2.775s] INFO:colcon.colcon_core.shell:Creating package script '/home/frese/ros2_ws/install/sllidar_ros2/share/sllidar_ros2/package.ps1'
[2.776s] INFO:colcon.colcon_core.shell:Creating package descriptor '/home/frese/ros2_ws/install/sllidar_ros2/share/sllidar_ros2/package.dsv'
[2.779s] INFO:colcon.colcon_core.shell:Creating package script '/home/frese/ros2_ws/install/sllidar_ros2/share/sllidar_ros2/package.sh'
[2.779s] INFO:colcon.colcon_core.shell:Creating package script '/home/frese/ros2_ws/install/sllidar_ros2/share/sllidar_ros2/package.bash'
[2.780s] INFO:colcon.colcon_core.shell:Creating package script '/home/frese/ros2_ws/install/sllidar_ros2/share/sllidar_ros2/package.zsh'
[2.780s] Level 1:colcon.colcon_core.environment:create_file_with_runtime_dependencies(/home/frese/ros2_ws/install/sllidar_ros2/share/colcon-core/packages/sllidar_ros2)
[2.823s] Level 1:colcon.colcon_core.environment:create_environment_scripts_only(rplidar_ros)
[2.865s] Level 1:colcon.colcon_core.environment:checking '/home/frese/ros2_ws/install/rplidar_ros' for CMake module files
[2.868s] Level 1:colcon.colcon_core.environment:checking '/home/frese/ros2_ws/install/rplidar_ros' for CMake config files
[2.869s] Level 1:colcon.colcon_core.shell:create_environment_hook('rplidar_ros', 'cmake_prefix_path')
[2.900s] INFO:colcon.colcon_core.shell:Creating environment hook '/home/frese/ros2_ws/install/rplidar_ros/share/rplidar_ros/hook/cmake_prefix_path.ps1'
[2.902s] INFO:colcon.colcon_core.shell:Creating environment descriptor '/home/frese/ros2_ws/install/rplidar_ros/share/rplidar_ros/hook/cmake_prefix_path.dsv'
[2.904s] INFO:colcon.colcon_core.shell:Creating environment hook '/home/frese/ros2_ws/install/rplidar_ros/share/rplidar_ros/hook/cmake_prefix_path.sh'
[2.905s] Level 1:colcon.colcon_core.environment:checking '/home/frese/ros2_ws/install/rplidar_ros/lib'
[2.905s] Level 1:colcon.colcon_core.shell:create_environment_hook('rplidar_ros', 'ld_library_path_lib')
[2.949s] INFO:colcon.colcon_core.shell:Creating environment hook '/home/frese/ros2_ws/install/rplidar_ros/share/rplidar_ros/hook/ld_library_path_lib.ps1'
[2.950s] INFO:colcon.colcon_core.shell:Creating environment descriptor '/home/frese/ros2_ws/install/rplidar_ros/share/rplidar_ros/hook/ld_library_path_lib.dsv'
[2.951s] INFO:colcon.colcon_core.shell:Creating environment hook '/home/frese/ros2_ws/install/rplidar_ros/share/rplidar_ros/hook/ld_library_path_lib.sh'
[2.952s] Level 1:colcon.colcon_core.environment:checking '/home/frese/ros2_ws/install/rplidar_ros/bin'
[2.952s] Level 1:colcon.colcon_core.environment:checking '/home/frese/ros2_ws/install/rplidar_ros/lib/pkgconfig/rplidar_ros.pc'
[2.952s] Level 1:colcon.colcon_core.environment:checking '/home/frese/ros2_ws/install/rplidar_ros/lib/python3.10/site-packages'
[2.953s] Level 1:colcon.colcon_core.environment:checking '/home/frese/ros2_ws/install/rplidar_ros/bin'
[2.983s] INFO:colcon.colcon_core.shell:Creating package script '/home/frese/ros2_ws/install/rplidar_ros/share/rplidar_ros/package.ps1'
[2.984s] INFO:colcon.colcon_core.shell:Creating package descriptor '/home/frese/ros2_ws/install/rplidar_ros/share/rplidar_ros/package.dsv'
[2.986s] INFO:colcon.colcon_core.shell:Creating package script '/home/frese/ros2_ws/install/rplidar_ros/share/rplidar_ros/package.sh'
[2.986s] INFO:colcon.colcon_core.shell:Creating package script '/home/frese/ros2_ws/install/rplidar_ros/share/rplidar_ros/package.bash'
[2.987s] INFO:colcon.colcon_core.shell:Creating package script '/home/frese/ros2_ws/install/rplidar_ros/share/rplidar_ros/package.zsh'
[2.987s] Level 1:colcon.colcon_core.environment:create_file_with_runtime_dependencies(/home/frese/ros2_ws/install/rplidar_ros/share/colcon-core/packages/rplidar_ros)
[3.011s] Level 1:colcon.colcon_core.environment:create_environment_scripts_only(sllidar_ros2)
[3.033s] Level 1:colcon.colcon_core.environment:checking '/home/frese/ros2_ws/install/sllidar_ros2' for CMake module files
[3.034s] Level 1:colcon.colcon_core.environment:checking '/home/frese/ros2_ws/install/sllidar_ros2' for CMake config files
[3.035s] Level 1:colcon.colcon_core.shell:create_environment_hook('sllidar_ros2', 'cmake_prefix_path')
[3.068s] INFO:colcon.colcon_core.shell:Creating environment hook '/home/frese/ros2_ws/install/sllidar_ros2/share/sllidar_ros2/hook/cmake_prefix_path.ps1'
[3.069s] INFO:colcon.colcon_core.shell:Creating environment descriptor '/home/frese/ros2_ws/install/sllidar_ros2/share/sllidar_ros2/hook/cmake_prefix_path.dsv'
[3.069s] INFO:colcon.colcon_core.shell:Creating environment hook '/home/frese/ros2_ws/install/sllidar_ros2/share/sllidar_ros2/hook/cmake_prefix_path.sh'
[3.071s] Level 1:colcon.colcon_core.environment:checking '/home/frese/ros2_ws/install/sllidar_ros2/lib'
[3.071s] Level 1:colcon.colcon_core.environment:checking '/home/frese/ros2_ws/install/sllidar_ros2/bin'
[3.071s] Level 1:colcon.colcon_core.environment:checking '/home/frese/ros2_ws/install/sllidar_ros2/lib/pkgconfig/sllidar_ros2.pc'
[3.072s] Level 1:colcon.colcon_core.environment:checking '/home/frese/ros2_ws/install/sllidar_ros2/lib/python3.10/site-packages'
[3.073s] Level 1:colcon.colcon_core.environment:checking '/home/frese/ros2_ws/install/sllidar_ros2/bin'
[3.103s] INFO:colcon.colcon_core.shell:Creating package script '/home/frese/ros2_ws/install/sllidar_ros2/share/sllidar_ros2/package.ps1'
[3.104s] INFO:colcon.colcon_core.shell:Creating package descriptor '/home/frese/ros2_ws/install/sllidar_ros2/share/sllidar_ros2/package.dsv'
[3.105s] INFO:colcon.colcon_core.shell:Creating package script '/home/frese/ros2_ws/install/sllidar_ros2/share/sllidar_ros2/package.sh'
[3.106s] INFO:colcon.colcon_core.shell:Creating package script '/home/frese/ros2_ws/install/sllidar_ros2/share/sllidar_ros2/package.bash'
[3.107s] INFO:colcon.colcon_core.shell:Creating package script '/home/frese/ros2_ws/install/sllidar_ros2/share/sllidar_ros2/package.zsh'
[3.107s] Level 1:colcon.colcon_core.environment:create_file_with_runtime_dependencies(/home/frese/ros2_ws/install/sllidar_ros2/share/colcon-core/packages/sllidar_ros2)
[7.118s] DEBUG:colcon.colcon_core.event_handler.log_command:Invoked command in '/home/frese/ros2_ws/build/lidarslam_msgs' returned '0': CMAKE_PREFIX_PATH=${CMAKE_PREFIX_PATH}:/home/frese/ros2_ws/install/launch_testing_examples:/home/frese/ros2_ws/install/examples_rclpy_pointcloud_publisher:/home/frese/ros2_ws/install/examples_rclpy_minimal_subscriber:/home/frese/ros2_ws/install/examples_rclpy_minimal_service:/home/frese/ros2_ws/install/examples_rclpy_minimal_publisher:/home/frese/ros2_ws/install/examples_rclpy_minimal_client:/home/frese/ros2_ws/install/examples_rclpy_minimal_action_server:/home/frese/ros2_ws/install/examples_rclpy_minimal_action_client:/home/frese/ros2_ws/install/examples_rclpy_guard_conditions:/home/frese/ros2_ws/install/examples_rclpy_executors:/opt/ros/humble /usr/bin/cmake --build /home/frese/ros2_ws/build/lidarslam_msgs -- -j26 -l26
[7.348s] DEBUG:colcon.colcon_core.event_handler.log_command:Invoking command in '/home/frese/ros2_ws/build/lidarslam_msgs': CMAKE_PREFIX_PATH=${CMAKE_PREFIX_PATH}:/home/frese/ros2_ws/install/launch_testing_examples:/home/frese/ros2_ws/install/examples_rclpy_pointcloud_publisher:/home/frese/ros2_ws/install/examples_rclpy_minimal_subscriber:/home/frese/ros2_ws/install/examples_rclpy_minimal_service:/home/frese/ros2_ws/install/examples_rclpy_minimal_publisher:/home/frese/ros2_ws/install/examples_rclpy_minimal_client:/home/frese/ros2_ws/install/examples_rclpy_minimal_action_server:/home/frese/ros2_ws/install/examples_rclpy_minimal_action_client:/home/frese/ros2_ws/install/examples_rclpy_guard_conditions:/home/frese/ros2_ws/install/examples_rclpy_executors:/opt/ros/humble /usr/bin/cmake --install /home/frese/ros2_ws/build/lidarslam_msgs
[10.049s] Level 1:colcon.colcon_core.environment:create_environment_scripts_only(lidarslam_msgs)
[10.050s] DEBUG:colcon.colcon_core.event_handler.log_command:Invoked command in '/home/frese/ros2_ws/build/lidarslam_msgs' returned '0': CMAKE_PREFIX_PATH=${CMAKE_PREFIX_PATH}:/home/frese/ros2_ws/install/launch_testing_examples:/home/frese/ros2_ws/install/examples_rclpy_pointcloud_publisher:/home/frese/ros2_ws/install/examples_rclpy_minimal_subscriber:/home/frese/ros2_ws/install/examples_rclpy_minimal_service:/home/frese/ros2_ws/install/examples_rclpy_minimal_publisher:/home/frese/ros2_ws/install/examples_rclpy_minimal_client:/home/frese/ros2_ws/install/examples_rclpy_minimal_action_server:/home/frese/ros2_ws/install/examples_rclpy_minimal_action_client:/home/frese/ros2_ws/install/examples_rclpy_guard_conditions:/home/frese/ros2_ws/install/examples_rclpy_executors:/opt/ros/humble /usr/bin/cmake --install /home/frese/ros2_ws/build/lidarslam_msgs
[10.076s] Level 1:colcon.colcon_core.environment:checking '/home/frese/ros2_ws/install/lidarslam_msgs' for CMake module files
[10.077s] Level 1:colcon.colcon_core.environment:checking '/home/frese/ros2_ws/install/lidarslam_msgs' for CMake config files
[10.078s] Level 1:colcon.colcon_core.shell:create_environment_hook('lidarslam_msgs', 'cmake_prefix_path')
[10.100s] INFO:colcon.colcon_core.shell:Creating environment hook '/home/frese/ros2_ws/install/lidarslam_msgs/share/lidarslam_msgs/hook/cmake_prefix_path.ps1'
[10.100s] INFO:colcon.colcon_core.shell:Creating environment descriptor '/home/frese/ros2_ws/install/lidarslam_msgs/share/lidarslam_msgs/hook/cmake_prefix_path.dsv'
[10.101s] INFO:colcon.colcon_core.shell:Creating environment hook '/home/frese/ros2_ws/install/lidarslam_msgs/share/lidarslam_msgs/hook/cmake_prefix_path.sh'
[10.101s] Level 1:colcon.colcon_core.environment:checking '/home/frese/ros2_ws/install/lidarslam_msgs/lib'
[10.101s] Level 1:colcon.colcon_core.shell:create_environment_hook('lidarslam_msgs', 'ld_library_path_lib')
[10.128s] INFO:colcon.colcon_core.shell:Creating environment hook '/home/frese/ros2_ws/install/lidarslam_msgs/share/lidarslam_msgs/hook/ld_library_path_lib.ps1'
[10.129s] INFO:colcon.colcon_core.shell:Creating environment descriptor '/home/frese/ros2_ws/install/lidarslam_msgs/share/lidarslam_msgs/hook/ld_library_path_lib.dsv'
[10.129s] INFO:colcon.colcon_core.shell:Creating environment hook '/home/frese/ros2_ws/install/lidarslam_msgs/share/lidarslam_msgs/hook/ld_library_path_lib.sh'
[10.130s] Level 1:colcon.colcon_core.environment:checking '/home/frese/ros2_ws/install/lidarslam_msgs/bin'
[10.130s] Level 1:colcon.colcon_core.environment:checking '/home/frese/ros2_ws/install/lidarslam_msgs/lib/pkgconfig/lidarslam_msgs.pc'
[10.130s] Level 1:colcon.colcon_core.environment:checking '/home/frese/ros2_ws/install/lidarslam_msgs/lib/python3.10/site-packages'
[10.131s] Level 1:colcon.colcon_core.environment:checking '/home/frese/ros2_ws/install/lidarslam_msgs/bin'
[10.148s] INFO:colcon.colcon_core.shell:Creating package script '/home/frese/ros2_ws/install/lidarslam_msgs/share/lidarslam_msgs/package.ps1'
[10.149s] INFO:colcon.colcon_core.shell:Creating package descriptor '/home/frese/ros2_ws/install/lidarslam_msgs/share/lidarslam_msgs/package.dsv'
[10.149s] INFO:colcon.colcon_core.shell:Creating package script '/home/frese/ros2_ws/install/lidarslam_msgs/share/lidarslam_msgs/package.sh'
[10.150s] INFO:colcon.colcon_core.shell:Creating package script '/home/frese/ros2_ws/install/lidarslam_msgs/share/lidarslam_msgs/package.bash'
[10.150s] INFO:colcon.colcon_core.shell:Creating package script '/home/frese/ros2_ws/install/lidarslam_msgs/share/lidarslam_msgs/package.zsh'
[10.150s] Level 1:colcon.colcon_core.environment:create_file_with_runtime_dependencies(/home/frese/ros2_ws/install/lidarslam_msgs/share/colcon-core/packages/lidarslam_msgs)
[10.618s] Level 1:colcon.colcon_core.environment:create_environment_scripts_only(lidarslam_msgs)
[10.659s] Level 1:colcon.colcon_core.environment:checking '/home/frese/ros2_ws/install/lidarslam_msgs' for CMake module files
[10.660s] Level 1:colcon.colcon_core.environment:checking '/home/frese/ros2_ws/install/lidarslam_msgs' for CMake config files
[10.661s] Level 1:colcon.colcon_core.shell:create_environment_hook('lidarslam_msgs', 'cmake_prefix_path')
[10.682s] INFO:colcon.colcon_core.shell:Creating environment hook '/home/frese/ros2_ws/install/lidarslam_msgs/share/lidarslam_msgs/hook/cmake_prefix_path.ps1'
[10.693s] INFO:colcon.colcon_core.shell:Creating environment descriptor '/home/frese/ros2_ws/install/lidarslam_msgs/share/lidarslam_msgs/hook/cmake_prefix_path.dsv'
[10.694s] INFO:colcon.colcon_core.shell:Creating environment hook '/home/frese/ros2_ws/install/lidarslam_msgs/share/lidarslam_msgs/hook/cmake_prefix_path.sh'
[10.695s] Level 1:colcon.colcon_core.environment:checking '/home/frese/ros2_ws/install/lidarslam_msgs/lib'
[10.696s] Level 1:colcon.colcon_core.shell:create_environment_hook('lidarslam_msgs', 'ld_library_path_lib')
[10.718s] INFO:colcon.colcon_core.shell:Creating environment hook '/home/frese/ros2_ws/install/lidarslam_msgs/share/lidarslam_msgs/hook/ld_library_path_lib.ps1'
[10.737s] INFO:colcon.colcon_core.shell:Creating environment descriptor '/home/frese/ros2_ws/install/lidarslam_msgs/share/lidarslam_msgs/hook/ld_library_path_lib.dsv'
[10.748s] INFO:colcon.colcon_core.shell:Creating environment hook '/home/frese/ros2_ws/install/lidarslam_msgs/share/lidarslam_msgs/hook/ld_library_path_lib.sh'
[10.760s] Level 1:colcon.colcon_core.environment:checking '/home/frese/ros2_ws/install/lidarslam_msgs/bin'
[10.760s] Level 1:colcon.colcon_core.environment:checking '/home/frese/ros2_ws/install/lidarslam_msgs/lib/pkgconfig/lidarslam_msgs.pc'
[10.771s] Level 1:colcon.colcon_core.environment:checking '/home/frese/ros2_ws/install/lidarslam_msgs/lib/python3.10/site-packages'
[10.772s] Level 1:colcon.colcon_core.environment:checking '/home/frese/ros2_ws/install/lidarslam_msgs/bin'
[10.875s] INFO:colcon.colcon_core.shell:Creating package script '/home/frese/ros2_ws/install/lidarslam_msgs/share/lidarslam_msgs/package.ps1'
[10.898s] INFO:colcon.colcon_core.shell:Creating package descriptor '/home/frese/ros2_ws/install/lidarslam_msgs/share/lidarslam_msgs/package.dsv'
[10.899s] INFO:colcon.colcon_core.shell:Creating package script '/home/frese/ros2_ws/install/lidarslam_msgs/share/lidarslam_msgs/package.sh'
[10.900s] INFO:colcon.colcon_core.shell:Creating package script '/home/frese/ros2_ws/install/lidarslam_msgs/share/lidarslam_msgs/package.bash'
[10.900s] INFO:colcon.colcon_core.shell:Creating package script '/home/frese/ros2_ws/install/lidarslam_msgs/share/lidarslam_msgs/package.zsh'
[10.901s] Level 1:colcon.colcon_core.environment:create_file_with_runtime_dependencies(/home/frese/ros2_ws/install/lidarslam_msgs/share/colcon-core/packages/lidarslam_msgs)
[65.871s] DEBUG:colcon.colcon_core.event_handler.log_command:Invoked command in '/home/frese/ros2_ws/build/ndt_omp_ros2' returned '0': CMAKE_PREFIX_PATH=${CMAKE_PREFIX_PATH}:/home/frese/ros2_ws/install/launch_testing_examples:/home/frese/ros2_ws/install/examples_rclpy_pointcloud_publisher:/home/frese/ros2_ws/install/examples_rclpy_minimal_subscriber:/home/frese/ros2_ws/install/examples_rclpy_minimal_service:/home/frese/ros2_ws/install/examples_rclpy_minimal_publisher:/home/frese/ros2_ws/install/examples_rclpy_minimal_client:/home/frese/ros2_ws/install/examples_rclpy_minimal_action_server:/home/frese/ros2_ws/install/examples_rclpy_minimal_action_client:/home/frese/ros2_ws/install/examples_rclpy_guard_conditions:/home/frese/ros2_ws/install/examples_rclpy_executors:/opt/ros/humble /usr/bin/cmake --build /home/frese/ros2_ws/build/ndt_omp_ros2 -- -j26 -l26
[65.933s] DEBUG:colcon.colcon_core.event_handler.log_command:Invoking command in '/home/frese/ros2_ws/build/ndt_omp_ros2': CMAKE_PREFIX_PATH=${CMAKE_PREFIX_PATH}:/home/frese/ros2_ws/install/launch_testing_examples:/home/frese/ros2_ws/install/examples_rclpy_pointcloud_publisher:/home/frese/ros2_ws/install/examples_rclpy_minimal_subscriber:/home/frese/ros2_ws/install/examples_rclpy_minimal_service:/home/frese/ros2_ws/install/examples_rclpy_minimal_publisher:/home/frese/ros2_ws/install/examples_rclpy_minimal_client:/home/frese/ros2_ws/install/examples_rclpy_minimal_action_server:/home/frese/ros2_ws/install/examples_rclpy_minimal_action_client:/home/frese/ros2_ws/install/examples_rclpy_guard_conditions:/home/frese/ros2_ws/install/examples_rclpy_executors:/opt/ros/humble /usr/bin/cmake --install /home/frese/ros2_ws/build/ndt_omp_ros2
[66.278s] Level 1:colcon.colcon_core.environment:create_environment_scripts_only(ndt_omp_ros2)
[66.279s] DEBUG:colcon.colcon_core.event_handler.log_command:Invoked command in '/home/frese/ros2_ws/build/ndt_omp_ros2' returned '0': CMAKE_PREFIX_PATH=${CMAKE_PREFIX_PATH}:/home/frese/ros2_ws/install/launch_testing_examples:/home/frese/ros2_ws/install/examples_rclpy_pointcloud_publisher:/home/frese/ros2_ws/install/examples_rclpy_minimal_subscriber:/home/frese/ros2_ws/install/examples_rclpy_minimal_service:/home/frese/ros2_ws/install/examples_rclpy_minimal_publisher:/home/frese/ros2_ws/install/examples_rclpy_minimal_client:/home/frese/ros2_ws/install/examples_rclpy_minimal_action_server:/home/frese/ros2_ws/install/examples_rclpy_minimal_action_client:/home/frese/ros2_ws/install/examples_rclpy_guard_conditions:/home/frese/ros2_ws/install/examples_rclpy_executors:/opt/ros/humble /usr/bin/cmake --install /home/frese/ros2_ws/build/ndt_omp_ros2
[66.298s] Level 1:colcon.colcon_core.environment:checking '/home/frese/ros2_ws/install/ndt_omp_ros2' for CMake module files
[66.298s] Level 1:colcon.colcon_core.environment:checking '/home/frese/ros2_ws/install/ndt_omp_ros2' for CMake config files
[66.299s] Level 1:colcon.colcon_core.shell:create_environment_hook('ndt_omp_ros2', 'cmake_prefix_path')
[66.316s] INFO:colcon.colcon_core.shell:Creating environment hook '/home/frese/ros2_ws/install/ndt_omp_ros2/share/ndt_omp_ros2/hook/cmake_prefix_path.ps1'
[66.317s] INFO:colcon.colcon_core.shell:Creating environment descriptor '/home/frese/ros2_ws/install/ndt_omp_ros2/share/ndt_omp_ros2/hook/cmake_prefix_path.dsv'
[66.317s] INFO:colcon.colcon_core.shell:Creating environment hook '/home/frese/ros2_ws/install/ndt_omp_ros2/share/ndt_omp_ros2/hook/cmake_prefix_path.sh'
[66.318s] Level 1:colcon.colcon_core.environment:checking '/home/frese/ros2_ws/install/ndt_omp_ros2/lib'
[66.318s] Level 1:colcon.colcon_core.environment:checking '/home/frese/ros2_ws/install/ndt_omp_ros2/bin'
[66.318s] Level 1:colcon.colcon_core.shell:create_environment_hook('ndt_omp_ros2', 'path')
[66.336s] INFO:colcon.colcon_core.shell:Creating environment hook '/home/frese/ros2_ws/install/ndt_omp_ros2/share/ndt_omp_ros2/hook/path.ps1'
[66.336s] INFO:colcon.colcon_core.shell:Creating environment descriptor '/home/frese/ros2_ws/install/ndt_omp_ros2/share/ndt_omp_ros2/hook/path.dsv'
[66.337s] INFO:colcon.colcon_core.shell:Creating environment hook '/home/frese/ros2_ws/install/ndt_omp_ros2/share/ndt_omp_ros2/hook/path.sh'
[66.337s] Level 1:colcon.colcon_core.environment:checking '/home/frese/ros2_ws/install/ndt_omp_ros2/lib/pkgconfig/ndt_omp_ros2.pc'
[66.337s] Level 1:colcon.colcon_core.environment:checking '/home/frese/ros2_ws/install/ndt_omp_ros2/lib/python3.10/site-packages'
[66.338s] Level 1:colcon.colcon_core.environment:checking '/home/frese/ros2_ws/install/ndt_omp_ros2/bin'
[66.338s] Level 1:colcon.colcon_core.shell:create_environment_hook('ndt_omp_ros2', 'pythonscriptspath')
[66.355s] INFO:colcon.colcon_core.shell:Creating environment hook '/home/frese/ros2_ws/install/ndt_omp_ros2/share/ndt_omp_ros2/hook/pythonscriptspath.ps1'
[66.356s] INFO:colcon.colcon_core.shell:Creating environment descriptor '/home/frese/ros2_ws/install/ndt_omp_ros2/share/ndt_omp_ros2/hook/pythonscriptspath.dsv'
[66.356s] INFO:colcon.colcon_core.shell:Creating environment hook '/home/frese/ros2_ws/install/ndt_omp_ros2/share/ndt_omp_ros2/hook/pythonscriptspath.sh'
[66.374s] INFO:colcon.colcon_core.shell:Creating package script '/home/frese/ros2_ws/install/ndt_omp_ros2/share/ndt_omp_ros2/package.ps1'
[66.374s] INFO:colcon.colcon_core.shell:Creating package descriptor '/home/frese/ros2_ws/install/ndt_omp_ros2/share/ndt_omp_ros2/package.dsv'
[66.375s] INFO:colcon.colcon_core.shell:Creating package script '/home/frese/ros2_ws/install/ndt_omp_ros2/share/ndt_omp_ros2/package.sh'
[66.376s] INFO:colcon.colcon_core.shell:Creating package script '/home/frese/ros2_ws/install/ndt_omp_ros2/share/ndt_omp_ros2/package.bash'
[66.376s] INFO:colcon.colcon_core.shell:Creating package script '/home/frese/ros2_ws/install/ndt_omp_ros2/share/ndt_omp_ros2/package.zsh'
[66.376s] Level 1:colcon.colcon_core.environment:create_file_with_runtime_dependencies(/home/frese/ros2_ws/install/ndt_omp_ros2/share/colcon-core/packages/ndt_omp_ros2)
[66.465s] Level 1:colcon.colcon_core.environment:create_environment_scripts_only(ndt_omp_ros2)
[66.482s] Level 1:colcon.colcon_core.environment:checking '/home/frese/ros2_ws/install/ndt_omp_ros2' for CMake module files
[66.483s] Level 1:colcon.colcon_core.environment:checking '/home/frese/ros2_ws/install/ndt_omp_ros2' for CMake config files
[66.483s] Level 1:colcon.colcon_core.shell:create_environment_hook('ndt_omp_ros2', 'cmake_prefix_path')
[66.503s] INFO:colcon.colcon_core.shell:Creating environment hook '/home/frese/ros2_ws/install/ndt_omp_ros2/share/ndt_omp_ros2/hook/cmake_prefix_path.ps1'
[66.503s] INFO:colcon.colcon_core.shell:Creating environment descriptor '/home/frese/ros2_ws/install/ndt_omp_ros2/share/ndt_omp_ros2/hook/cmake_prefix_path.dsv'
[66.504s] INFO:colcon.colcon_core.shell:Creating environment hook '/home/frese/ros2_ws/install/ndt_omp_ros2/share/ndt_omp_ros2/hook/cmake_prefix_path.sh'
[66.506s] Level 1:colcon.colcon_core.environment:checking '/home/frese/ros2_ws/install/ndt_omp_ros2/lib'
[66.506s] Level 1:colcon.colcon_core.environment:checking '/home/frese/ros2_ws/install/ndt_omp_ros2/bin'
[66.506s] Level 1:colcon.colcon_core.shell:create_environment_hook('ndt_omp_ros2', 'path')
[66.527s] INFO:colcon.colcon_core.shell:Creating environment hook '/home/frese/ros2_ws/install/ndt_omp_ros2/share/ndt_omp_ros2/hook/path.ps1'
[66.528s] INFO:colcon.colcon_core.shell:Creating environment descriptor '/home/frese/ros2_ws/install/ndt_omp_ros2/share/ndt_omp_ros2/hook/path.dsv'
[66.528s] INFO:colcon.colcon_core.shell:Creating environment hook '/home/frese/ros2_ws/install/ndt_omp_ros2/share/ndt_omp_ros2/hook/path.sh'
[66.528s] Level 1:colcon.colcon_core.environment:checking '/home/frese/ros2_ws/install/ndt_omp_ros2/lib/pkgconfig/ndt_omp_ros2.pc'
[66.529s] Level 1:colcon.colcon_core.environment:checking '/home/frese/ros2_ws/install/ndt_omp_ros2/lib/python3.10/site-packages'
[66.530s] Level 1:colcon.colcon_core.environment:checking '/home/frese/ros2_ws/install/ndt_omp_ros2/bin'
[66.530s] Level 1:colcon.colcon_core.shell:create_environment_hook('ndt_omp_ros2', 'pythonscriptspath')
[66.550s] INFO:colcon.colcon_core.shell:Creating environment hook '/home/frese/ros2_ws/install/ndt_omp_ros2/share/ndt_omp_ros2/hook/pythonscriptspath.ps1'
[66.550s] INFO:colcon.colcon_core.shell:Creating environment descriptor '/home/frese/ros2_ws/install/ndt_omp_ros2/share/ndt_omp_ros2/hook/pythonscriptspath.dsv'
[66.551s] INFO:colcon.colcon_core.shell:Creating environment hook '/home/frese/ros2_ws/install/ndt_omp_ros2/share/ndt_omp_ros2/hook/pythonscriptspath.sh'
[66.568s] INFO:colcon.colcon_core.shell:Creating package script '/home/frese/ros2_ws/install/ndt_omp_ros2/share/ndt_omp_ros2/package.ps1'
[66.569s] INFO:colcon.colcon_core.shell:Creating package descriptor '/home/frese/ros2_ws/install/ndt_omp_ros2/share/ndt_omp_ros2/package.dsv'
[66.570s] INFO:colcon.colcon_core.shell:Creating package script '/home/frese/ros2_ws/install/ndt_omp_ros2/share/ndt_omp_ros2/package.sh'
[66.570s] INFO:colcon.colcon_core.shell:Creating package script '/home/frese/ros2_ws/install/ndt_omp_ros2/share/ndt_omp_ros2/package.bash'
[66.571s] INFO:colcon.colcon_core.shell:Creating package script '/home/frese/ros2_ws/install/ndt_omp_ros2/share/ndt_omp_ros2/package.zsh'
[66.571s] Level 1:colcon.colcon_core.environment:create_file_with_runtime_dependencies(/home/frese/ros2_ws/install/ndt_omp_ros2/share/colcon-core/packages/ndt_omp_ros2)
[66.571s] INFO:colcon.colcon_ros.task.ament_cmake.build:Building ROS package in '/home/frese/ros2_ws/src/lidarslam_ros2/graph_based_slam' with build type 'ament_cmake'
[66.572s] INFO:colcon.colcon_cmake.task.cmake.build:Building CMake package in '/home/frese/ros2_ws/src/lidarslam_ros2/graph_based_slam'
[66.592s] INFO:colcon.colcon_core.shell:Skip shell extension 'powershell' for command environment: Not usable outside of PowerShell
[66.592s] DEBUG:colcon.colcon_core.shell:Skip shell extension 'dsv' for command environment
[66.653s] INFO:colcon.colcon_ros.task.ament_cmake.build:Building ROS package in '/home/frese/ros2_ws/src/lidarslam_ros2/scanmatcher' with build type 'ament_cmake'
[66.653s] INFO:colcon.colcon_cmake.task.cmake.build:Building CMake package in '/home/frese/ros2_ws/src/lidarslam_ros2/scanmatcher'
[66.673s] INFO:colcon.colcon_core.shell:Skip shell extension 'powershell' for command environment: Not usable outside of PowerShell
[66.673s] DEBUG:colcon.colcon_core.shell:Skip shell extension 'dsv' for command environment
[66.739s] DEBUG:colcon.colcon_core.event_handler.log_command:Invoking command in '/home/frese/ros2_ws/build/graph_based_slam': AMENT_PREFIX_PATH=/home/frese/ros2_ws/install/ndt_omp_ros2:/home/frese/ros2_ws/install/lidarslam_msgs:${AMENT_PREFIX_PATH} CMAKE_PREFIX_PATH=/home/frese/ros2_ws/install/ndt_omp_ros2:/home/frese/ros2_ws/install/lidarslam_msgs:/home/frese/ros2_ws/install/sllidar_ros2:/home/frese/ros2_ws/install/rplidar_ros:/home/frese/ros2_ws/install/examples_rclcpp_wait_set:/home/frese/ros2_ws/install/examples_rclcpp_multithreaded_executor:/home/frese/ros2_ws/install/examples_rclcpp_minimal_timer:/home/frese/ros2_ws/install/examples_rclcpp_minimal_subscriber:/home/frese/ros2_ws/install/examples_rclcpp_minimal_service:/home/frese/ros2_ws/install/examples_rclcpp_minimal_publisher:/home/frese/ros2_ws/install/examples_rclcpp_minimal_composition:/home/frese/ros2_ws/install/examples_rclcpp_minimal_client:/home/frese/ros2_ws/install/examples_rclcpp_minimal_action_server:/home/frese/ros2_ws/install/examples_rclcpp_minimal_action_client:/home/frese/ros2_ws/install/examples_rclcpp_cbg_executor:/home/frese/ros2_ws/install/examples_rclcpp_async_client:/home/frese/ros2_ws/install/launch_testing_examples:/home/frese/ros2_ws/install/examples_rclpy_pointcloud_publisher:/home/frese/ros2_ws/install/examples_rclpy_minimal_subscriber:/home/frese/ros2_ws/install/examples_rclpy_minimal_service:/home/frese/ros2_ws/install/examples_rclpy_minimal_publisher:/home/frese/ros2_ws/install/examples_rclpy_minimal_client:/home/frese/ros2_ws/install/examples_rclpy_minimal_action_server:/home/frese/ros2_ws/install/examples_rclpy_minimal_action_client:/home/frese/ros2_ws/install/examples_rclpy_guard_conditions:/home/frese/ros2_ws/install/examples_rclpy_executors:/opt/ros/humble LD_LIBRARY_PATH=/home/frese/ros2_ws/install/lidarslam_msgs/lib:${LD_LIBRARY_PATH} PATH=/home/frese/ros2_ws/install/ndt_omp_ros2/bin:${PATH} PYTHONPATH=/home/frese/ros2_ws/install/lidarslam_msgs/local/lib/python3.10/dist-packages:${PYTHONPATH} /usr/bin/cmake /home/frese/ros2_ws/src/lidarslam_ros2/graph_based_slam -DAMENT_CMAKE_SYMLINK_INSTALL=1 -DCMAKE_INSTALL_PREFIX=/home/frese/ros2_ws/install/graph_based_slam
[66.750s] DEBUG:colcon.colcon_core.event_handler.log_command:Invoking command in '/home/frese/ros2_ws/build/scanmatcher': AMENT_PREFIX_PATH=/home/frese/ros2_ws/install/ndt_omp_ros2:/home/frese/ros2_ws/install/lidarslam_msgs:${AMENT_PREFIX_PATH} CMAKE_PREFIX_PATH=/home/frese/ros2_ws/install/ndt_omp_ros2:/home/frese/ros2_ws/install/lidarslam_msgs:/home/frese/ros2_ws/install/sllidar_ros2:/home/frese/ros2_ws/install/rplidar_ros:/home/frese/ros2_ws/install/examples_rclcpp_wait_set:/home/frese/ros2_ws/install/examples_rclcpp_multithreaded_executor:/home/frese/ros2_ws/install/examples_rclcpp_minimal_timer:/home/frese/ros2_ws/install/examples_rclcpp_minimal_subscriber:/home/frese/ros2_ws/install/examples_rclcpp_minimal_service:/home/frese/ros2_ws/install/examples_rclcpp_minimal_publisher:/home/frese/ros2_ws/install/examples_rclcpp_minimal_composition:/home/frese/ros2_ws/install/examples_rclcpp_minimal_client:/home/frese/ros2_ws/install/examples_rclcpp_minimal_action_server:/home/frese/ros2_ws/install/examples_rclcpp_minimal_action_client:/home/frese/ros2_ws/install/examples_rclcpp_cbg_executor:/home/frese/ros2_ws/install/examples_rclcpp_async_client:/home/frese/ros2_ws/install/launch_testing_examples:/home/frese/ros2_ws/install/examples_rclpy_pointcloud_publisher:/home/frese/ros2_ws/install/examples_rclpy_minimal_subscriber:/home/frese/ros2_ws/install/examples_rclpy_minimal_service:/home/frese/ros2_ws/install/examples_rclpy_minimal_publisher:/home/frese/ros2_ws/install/examples_rclpy_minimal_client:/home/frese/ros2_ws/install/examples_rclpy_minimal_action_server:/home/frese/ros2_ws/install/examples_rclpy_minimal_action_client:/home/frese/ros2_ws/install/examples_rclpy_guard_conditions:/home/frese/ros2_ws/install/examples_rclpy_executors:/opt/ros/humble LD_LIBRARY_PATH=/home/frese/ros2_ws/install/lidarslam_msgs/lib:${LD_LIBRARY_PATH} PATH=/home/frese/ros2_ws/install/ndt_omp_ros2/bin:${PATH} PYTHONPATH=/home/frese/ros2_ws/install/lidarslam_msgs/local/lib/python3.10/dist-packages:${PYTHONPATH} /usr/bin/cmake /home/frese/ros2_ws/src/lidarslam_ros2/scanmatcher -DAMENT_CMAKE_SYMLINK_INSTALL=1 -DCMAKE_INSTALL_PREFIX=/home/frese/ros2_ws/install/scanmatcher
[73.221s] DEBUG:colcon.colcon_core.event_handler.log_command:Invoked command in '/home/frese/ros2_ws/build/graph_based_slam' returned '1': AMENT_PREFIX_PATH=/home/frese/ros2_ws/install/ndt_omp_ros2:/home/frese/ros2_ws/install/lidarslam_msgs:${AMENT_PREFIX_PATH} CMAKE_PREFIX_PATH=/home/frese/ros2_ws/install/ndt_omp_ros2:/home/frese/ros2_ws/install/lidarslam_msgs:/home/frese/ros2_ws/install/sllidar_ros2:/home/frese/ros2_ws/install/rplidar_ros:/home/frese/ros2_ws/install/examples_rclcpp_wait_set:/home/frese/ros2_ws/install/examples_rclcpp_multithreaded_executor:/home/frese/ros2_ws/install/examples_rclcpp_minimal_timer:/home/frese/ros2_ws/install/examples_rclcpp_minimal_subscriber:/home/frese/ros2_ws/install/examples_rclcpp_minimal_service:/home/frese/ros2_ws/install/examples_rclcpp_minimal_publisher:/home/frese/ros2_ws/install/examples_rclcpp_minimal_composition:/home/frese/ros2_ws/install/examples_rclcpp_minimal_client:/home/frese/ros2_ws/install/examples_rclcpp_minimal_action_server:/home/frese/ros2_ws/install/examples_rclcpp_minimal_action_client:/home/frese/ros2_ws/install/examples_rclcpp_cbg_executor:/home/frese/ros2_ws/install/examples_rclcpp_async_client:/home/frese/ros2_ws/install/launch_testing_examples:/home/frese/ros2_ws/install/examples_rclpy_pointcloud_publisher:/home/frese/ros2_ws/install/examples_rclpy_minimal_subscriber:/home/frese/ros2_ws/install/examples_rclpy_minimal_service:/home/frese/ros2_ws/install/examples_rclpy_minimal_publisher:/home/frese/ros2_ws/install/examples_rclpy_minimal_client:/home/frese/ros2_ws/install/examples_rclpy_minimal_action_server:/home/frese/ros2_ws/install/examples_rclpy_minimal_action_client:/home/frese/ros2_ws/install/examples_rclpy_guard_conditions:/home/frese/ros2_ws/install/examples_rclpy_executors:/opt/ros/humble LD_LIBRARY_PATH=/home/frese/ros2_ws/install/lidarslam_msgs/lib:${LD_LIBRARY_PATH} PATH=/home/frese/ros2_ws/install/ndt_omp_ros2/bin:${PATH} PYTHONPATH=/home/frese/ros2_ws/install/lidarslam_msgs/local/lib/python3.10/dist-packages:${PYTHONPATH} /usr/bin/cmake /home/frese/ros2_ws/src/lidarslam_ros2/graph_based_slam -DAMENT_CMAKE_SYMLINK_INSTALL=1 -DCMAKE_INSTALL_PREFIX=/home/frese/ros2_ws/install/graph_based_slam
[73.236s] Level 1:colcon.colcon_core.environment:create_environment_scripts_only(graph_based_slam)
[73.273s] Level 1:colcon.colcon_core.environment:checking '/home/frese/ros2_ws/install/graph_based_slam' for CMake module files
[73.273s] Level 1:colcon.colcon_core.environment:checking '/home/frese/ros2_ws/install/graph_based_slam' for CMake config files
[73.273s] Level 1:colcon.colcon_core.environment:checking '/home/frese/ros2_ws/install/graph_based_slam/bin'
[73.273s] Level 1:colcon.colcon_core.environment:checking '/home/frese/ros2_ws/install/graph_based_slam/lib/pkgconfig/graph_based_slam.pc'
[73.274s] Level 1:colcon.colcon_core.environment:checking '/home/frese/ros2_ws/install/graph_based_slam/lib/python3.10/site-packages'
[73.274s] Level 1:colcon.colcon_core.environment:checking '/home/frese/ros2_ws/install/graph_based_slam/bin'
[73.294s] INFO:colcon.colcon_core.shell:Creating package script '/home/frese/ros2_ws/install/graph_based_slam/share/graph_based_slam/package.ps1'
[73.295s] INFO:colcon.colcon_core.shell:Creating package descriptor '/home/frese/ros2_ws/install/graph_based_slam/share/graph_based_slam/package.dsv'
[73.295s] INFO:colcon.colcon_core.shell:Creating package script '/home/frese/ros2_ws/install/graph_based_slam/share/graph_based_slam/package.sh'
[73.296s] INFO:colcon.colcon_core.shell:Creating package script '/home/frese/ros2_ws/install/graph_based_slam/share/graph_based_slam/package.bash'
[73.296s] INFO:colcon.colcon_core.shell:Creating package script '/home/frese/ros2_ws/install/graph_based_slam/share/graph_based_slam/package.zsh'
[73.296s] Level 1:colcon.colcon_core.environment:create_file_with_runtime_dependencies(/home/frese/ros2_ws/install/graph_based_slam/share/colcon-core/packages/graph_based_slam)
[74.150s] DEBUG:colcon.colcon_parallel_executor.executor.parallel:closing loop
[74.150s] DEBUG:colcon.colcon_parallel_executor.executor.parallel:loop closed
[74.150s] DEBUG:colcon.colcon_parallel_executor.executor.parallel:run_until_complete finished with '1'
[74.150s] DEBUG:colcon.colcon_core.event_reactor:joining thread
[74.179s] INFO:colcon.colcon_core.plugin_system:Skipping extension 'colcon_notification.desktop_notification.terminal_notifier': Not used on non-Darwin systems
[74.179s] INFO:colcon.colcon_core.plugin_system:Skipping extension 'colcon_notification.desktop_notification.win32': Not used on non-Windows systems
[74.179s] INFO:colcon.colcon_notification.desktop_notification:Sending desktop notification using 'notify2'
[74.197s] DEBUG:colcon.colcon_core.event_reactor:joined thread
[74.223s] INFO:colcon.colcon_core.shell:Creating prefix script '/home/frese/ros2_ws/install/local_setup.ps1'
[74.224s] INFO:colcon.colcon_core.shell:Creating prefix util module '/home/frese/ros2_ws/install/_local_setup_util_ps1.py'
[74.226s] INFO:colcon.colcon_core.shell:Creating prefix chain script '/home/frese/ros2_ws/install/setup.ps1'
[74.251s] INFO:colcon.colcon_core.shell:Creating prefix script '/home/frese/ros2_ws/install/local_setup.sh'
[74.252s] INFO:colcon.colcon_core.shell:Creating prefix util module '/home/frese/ros2_ws/install/_local_setup_util_sh.py'
[74.252s] INFO:colcon.colcon_core.shell:Creating prefix chain script '/home/frese/ros2_ws/install/setup.sh'
[74.275s] INFO:colcon.colcon_core.shell:Creating prefix script '/home/frese/ros2_ws/install/local_setup.bash'
[74.276s] INFO:colcon.colcon_core.shell:Creating prefix chain script '/home/frese/ros2_ws/install/setup.bash'
[74.297s] INFO:colcon.colcon_core.shell:Creating prefix script '/home/frese/ros2_ws/install/local_setup.zsh'
[74.298s] INFO:colcon.colcon_core.shell:Creating prefix chain script '/home/frese/ros2_ws/install/setup.zsh'
