[1.290s] DEBUG:colcon:Command line arguments: ['/usr/bin/colcon', 'build', '--symlink-install']
[1.290s] DEBUG:colcon:Parsed command line arguments: Namespace(log_base=None, log_level=None, verb_name='build', build_base='build', install_base='install', merge_install=False, symlink_install=True, test_result_base=None, continue_on_error=False, executor='parallel', parallel_workers=26, event_handlers=None, ignore_user_meta=False, metas=['./colcon.meta'], base_paths=['.'], packages_ignore=None, packages_ignore_regex=None, paths=None, packages_up_to=None, packages_up_to_regex=None, packages_above=None, packages_above_and_dependencies=None, packages_above_depth=None, packages_select_by_dep=None, packages_skip_by_dep=None, packages_skip_up_to=None, packages_select_build_failed=False, packages_skip_build_finished=False, packages_select_test_failures=False, packages_skip_test_passed=False, packages_select=None, packages_skip=None, packages_select_regex=None, packages_skip_regex=None, packages_start=None, packages_end=None, allow_overriding=[], cmake_args=None, cmake_target=None, cmake_target_skip_unavailable=False, cmake_clean_cache=False, cmake_clean_first=False, cmake_force_configure=False, ament_cmake_args=None, catkin_cmake_args=None, catkin_skip_building_tests=False, verb_parser=<colcon_defaults.argument_parser.defaults.DefaultArgumentsDecorator object at 0x7f3653611f90>, verb_extension=<colcon_core.verb.build.BuildVerb object at 0x7f3653613430>, main=<bound method BuildVerb.main of <colcon_core.verb.build.BuildVerb object at 0x7f3653613430>>)
[1.365s] Level 1:colcon.colcon_core.package_discovery:discover_packages(colcon_meta) check parameters
[1.366s] Level 1:colcon.colcon_core.package_discovery:discover_packages(recursive) check parameters
[1.366s] Level 1:colcon.colcon_core.package_discovery:discover_packages(ignore) check parameters
[1.366s] Level 1:colcon.colcon_core.package_discovery:discover_packages(path) check parameters
[1.366s] Level 1:colcon.colcon_core.package_discovery:discover_packages(colcon_meta) discover
[1.366s] Level 1:colcon.colcon_core.package_discovery:discover_packages(recursive) discover
[1.366s] INFO:colcon.colcon_core.package_discovery:Crawling recursively for packages in '/home/frese/ros2_ws/src'
[1.366s] Level 1:colcon.colcon_core.package_identification:_identify(.) by extensions ['ignore', 'ignore_ament_install']
[1.366s] Level 1:colcon.colcon_core.package_identification:_identify(.) by extension 'ignore'
[1.366s] Level 1:colcon.colcon_core.package_identification:_identify(.) by extension 'ignore_ament_install'
[1.366s] Level 1:colcon.colcon_core.package_identification:_identify(.) by extensions ['colcon_pkg']
[1.366s] Level 1:colcon.colcon_core.package_identification:_identify(.) by extension 'colcon_pkg'
[1.366s] Level 1:colcon.colcon_core.package_identification:_identify(.) by extensions ['colcon_meta']
[1.366s] Level 1:colcon.colcon_core.package_identification:_identify(.) by extension 'colcon_meta'
[1.366s] Level 1:colcon.colcon_core.package_identification:_identify(.) by extensions ['ros']
[1.366s] Level 1:colcon.colcon_core.package_identification:_identify(.) by extension 'ros'
[1.381s] Level 1:colcon.colcon_core.package_identification:_identify(.) by extensions ['cmake', 'python']
[1.381s] Level 1:colcon.colcon_core.package_identification:_identify(.) by extension 'cmake'
[1.381s] Level 1:colcon.colcon_core.package_identification:_identify(.) by extension 'python'
[1.381s] Level 1:colcon.colcon_core.package_identification:_identify(.) by extensions ['python_setup_py']
[1.381s] Level 1:colcon.colcon_core.package_identification:_identify(.) by extension 'python_setup_py'
[1.382s] Level 1:colcon.colcon_core.package_identification:_identify(build) by extensions ['ignore', 'ignore_ament_install']
[1.382s] Level 1:colcon.colcon_core.package_identification:_identify(build) by extension 'ignore'
[1.382s] Level 1:colcon.colcon_core.package_identification:_identify(build) ignored
[1.382s] Level 1:colcon.colcon_core.package_identification:_identify(install) by extensions ['ignore', 'ignore_ament_install']
[1.382s] Level 1:colcon.colcon_core.package_identification:_identify(install) by extension 'ignore'
[1.382s] Level 1:colcon.colcon_core.package_identification:_identify(install) ignored
[1.382s] Level 1:colcon.colcon_core.package_identification:_identify(lidarslam_ros2) by extensions ['ignore', 'ignore_ament_install']
[1.383s] Level 1:colcon.colcon_core.package_identification:_identify(lidarslam_ros2) by extension 'ignore'
[1.383s] Level 1:colcon.colcon_core.package_identification:_identify(lidarslam_ros2) by extension 'ignore_ament_install'
[1.383s] Level 1:colcon.colcon_core.package_identification:_identify(lidarslam_ros2) by extensions ['colcon_pkg']
[1.383s] Level 1:colcon.colcon_core.package_identification:_identify(lidarslam_ros2) by extension 'colcon_pkg'
[1.383s] Level 1:colcon.colcon_core.package_identification:_identify(lidarslam_ros2) by extensions ['colcon_meta']
[1.383s] Level 1:colcon.colcon_core.package_identification:_identify(lidarslam_ros2) by extension 'colcon_meta'
[1.383s] Level 1:colcon.colcon_core.package_identification:_identify(lidarslam_ros2) by extensions ['ros']
[1.383s] Level 1:colcon.colcon_core.package_identification:_identify(lidarslam_ros2) by extension 'ros'
[1.383s] Level 1:colcon.colcon_core.package_identification:_identify(lidarslam_ros2) by extensions ['cmake', 'python']
[1.383s] Level 1:colcon.colcon_core.package_identification:_identify(lidarslam_ros2) by extension 'cmake'
[1.383s] Level 1:colcon.colcon_core.package_identification:_identify(lidarslam_ros2) by extension 'python'
[1.383s] Level 1:colcon.colcon_core.package_identification:_identify(lidarslam_ros2) by extensions ['python_setup_py']
[1.383s] Level 1:colcon.colcon_core.package_identification:_identify(lidarslam_ros2) by extension 'python_setup_py'
[1.383s] Level 1:colcon.colcon_core.package_identification:_identify(lidarslam_ros2/Thirdparty) by extensions ['ignore', 'ignore_ament_install']
[1.384s] Level 1:colcon.colcon_core.package_identification:_identify(lidarslam_ros2/Thirdparty) by extension 'ignore'
[1.384s] Level 1:colcon.colcon_core.package_identification:_identify(lidarslam_ros2/Thirdparty) by extension 'ignore_ament_install'
[1.384s] Level 1:colcon.colcon_core.package_identification:_identify(lidarslam_ros2/Thirdparty) by extensions ['colcon_pkg']
[1.384s] Level 1:colcon.colcon_core.package_identification:_identify(lidarslam_ros2/Thirdparty) by extension 'colcon_pkg'
[1.384s] Level 1:colcon.colcon_core.package_identification:_identify(lidarslam_ros2/Thirdparty) by extensions ['colcon_meta']
[1.384s] Level 1:colcon.colcon_core.package_identification:_identify(lidarslam_ros2/Thirdparty) by extension 'colcon_meta'
[1.384s] Level 1:colcon.colcon_core.package_identification:_identify(lidarslam_ros2/Thirdparty) by extensions ['ros']
[1.384s] Level 1:colcon.colcon_core.package_identification:_identify(lidarslam_ros2/Thirdparty) by extension 'ros'
[1.384s] Level 1:colcon.colcon_core.package_identification:_identify(lidarslam_ros2/Thirdparty) by extensions ['cmake', 'python']
[1.384s] Level 1:colcon.colcon_core.package_identification:_identify(lidarslam_ros2/Thirdparty) by extension 'cmake'
[1.384s] Level 1:colcon.colcon_core.package_identification:_identify(lidarslam_ros2/Thirdparty) by extension 'python'
[1.384s] Level 1:colcon.colcon_core.package_identification:_identify(lidarslam_ros2/Thirdparty) by extensions ['python_setup_py']
[1.384s] Level 1:colcon.colcon_core.package_identification:_identify(lidarslam_ros2/Thirdparty) by extension 'python_setup_py'
[1.384s] Level 1:colcon.colcon_core.package_identification:_identify(lidarslam_ros2/Thirdparty/ndt_omp_ros2) by extensions ['ignore', 'ignore_ament_install']
[1.385s] Level 1:colcon.colcon_core.package_identification:_identify(lidarslam_ros2/Thirdparty/ndt_omp_ros2) by extension 'ignore'
[1.385s] Level 1:colcon.colcon_core.package_identification:_identify(lidarslam_ros2/Thirdparty/ndt_omp_ros2) by extension 'ignore_ament_install'
[1.385s] Level 1:colcon.colcon_core.package_identification:_identify(lidarslam_ros2/Thirdparty/ndt_omp_ros2) by extensions ['colcon_pkg']
[1.385s] Level 1:colcon.colcon_core.package_identification:_identify(lidarslam_ros2/Thirdparty/ndt_omp_ros2) by extension 'colcon_pkg'
[1.385s] Level 1:colcon.colcon_core.package_identification:_identify(lidarslam_ros2/Thirdparty/ndt_omp_ros2) by extensions ['colcon_meta']
[1.385s] Level 1:colcon.colcon_core.package_identification:_identify(lidarslam_ros2/Thirdparty/ndt_omp_ros2) by extension 'colcon_meta'
[1.385s] Level 1:colcon.colcon_core.package_identification:_identify(lidarslam_ros2/Thirdparty/ndt_omp_ros2) by extensions ['ros']
[1.385s] Level 1:colcon.colcon_core.package_identification:_identify(lidarslam_ros2/Thirdparty/ndt_omp_ros2) by extension 'ros'
[1.389s] DEBUG:colcon.colcon_core.package_identification:Package 'lidarslam_ros2/Thirdparty/ndt_omp_ros2' with type 'ros.ament_cmake' and name 'ndt_omp_ros2'
[1.389s] Level 1:colcon.colcon_core.package_identification:_identify(lidarslam_ros2/graph_based_slam) by extensions ['ignore', 'ignore_ament_install']
[1.389s] Level 1:colcon.colcon_core.package_identification:_identify(lidarslam_ros2/graph_based_slam) by extension 'ignore'
[1.389s] Level 1:colcon.colcon_core.package_identification:_identify(lidarslam_ros2/graph_based_slam) by extension 'ignore_ament_install'
[1.389s] Level 1:colcon.colcon_core.package_identification:_identify(lidarslam_ros2/graph_based_slam) by extensions ['colcon_pkg']
[1.389s] Level 1:colcon.colcon_core.package_identification:_identify(lidarslam_ros2/graph_based_slam) by extension 'colcon_pkg'
[1.389s] Level 1:colcon.colcon_core.package_identification:_identify(lidarslam_ros2/graph_based_slam) by extensions ['colcon_meta']
[1.389s] Level 1:colcon.colcon_core.package_identification:_identify(lidarslam_ros2/graph_based_slam) by extension 'colcon_meta'
[1.390s] Level 1:colcon.colcon_core.package_identification:_identify(lidarslam_ros2/graph_based_slam) by extensions ['ros']
[1.390s] Level 1:colcon.colcon_core.package_identification:_identify(lidarslam_ros2/graph_based_slam) by extension 'ros'
[1.391s] DEBUG:colcon.colcon_core.package_identification:Package 'lidarslam_ros2/graph_based_slam' with type 'ros.ament_cmake' and name 'graph_based_slam'
[1.392s] Level 1:colcon.colcon_core.package_identification:_identify(lidarslam_ros2/lidarslam) by extensions ['ignore', 'ignore_ament_install']
[1.392s] Level 1:colcon.colcon_core.package_identification:_identify(lidarslam_ros2/lidarslam) by extension 'ignore'
[1.392s] Level 1:colcon.colcon_core.package_identification:_identify(lidarslam_ros2/lidarslam) by extension 'ignore_ament_install'
[1.392s] Level 1:colcon.colcon_core.package_identification:_identify(lidarslam_ros2/lidarslam) by extensions ['colcon_pkg']
[1.392s] Level 1:colcon.colcon_core.package_identification:_identify(lidarslam_ros2/lidarslam) by extension 'colcon_pkg'
[1.392s] Level 1:colcon.colcon_core.package_identification:_identify(lidarslam_ros2/lidarslam) by extensions ['colcon_meta']
[1.392s] Level 1:colcon.colcon_core.package_identification:_identify(lidarslam_ros2/lidarslam) by extension 'colcon_meta'
[1.392s] Level 1:colcon.colcon_core.package_identification:_identify(lidarslam_ros2/lidarslam) by extensions ['ros']
[1.392s] Level 1:colcon.colcon_core.package_identification:_identify(lidarslam_ros2/lidarslam) by extension 'ros'
[1.393s] DEBUG:colcon.colcon_core.package_identification:Package 'lidarslam_ros2/lidarslam' with type 'ros.ament_cmake' and name 'lidarslam'
[1.393s] Level 1:colcon.colcon_core.package_identification:_identify(lidarslam_ros2/lidarslam_msgs) by extensions ['ignore', 'ignore_ament_install']
[1.394s] Level 1:colcon.colcon_core.package_identification:_identify(lidarslam_ros2/lidarslam_msgs) by extension 'ignore'
[1.394s] Level 1:colcon.colcon_core.package_identification:_identify(lidarslam_ros2/lidarslam_msgs) by extension 'ignore_ament_install'
[1.394s] Level 1:colcon.colcon_core.package_identification:_identify(lidarslam_ros2/lidarslam_msgs) by extensions ['colcon_pkg']
[1.394s] Level 1:colcon.colcon_core.package_identification:_identify(lidarslam_ros2/lidarslam_msgs) by extension 'colcon_pkg'
[1.394s] Level 1:colcon.colcon_core.package_identification:_identify(lidarslam_ros2/lidarslam_msgs) by extensions ['colcon_meta']
[1.394s] Level 1:colcon.colcon_core.package_identification:_identify(lidarslam_ros2/lidarslam_msgs) by extension 'colcon_meta'
[1.394s] Level 1:colcon.colcon_core.package_identification:_identify(lidarslam_ros2/lidarslam_msgs) by extensions ['ros']
[1.394s] Level 1:colcon.colcon_core.package_identification:_identify(lidarslam_ros2/lidarslam_msgs) by extension 'ros'
[1.395s] DEBUG:colcon.colcon_core.package_identification:Package 'lidarslam_ros2/lidarslam_msgs' with type 'ros.ament_cmake' and name 'lidarslam_msgs'
[1.395s] Level 1:colcon.colcon_core.package_identification:_identify(lidarslam_ros2/scanmatcher) by extensions ['ignore', 'ignore_ament_install']
[1.395s] Level 1:colcon.colcon_core.package_identification:_identify(lidarslam_ros2/scanmatcher) by extension 'ignore'
[1.395s] Level 1:colcon.colcon_core.package_identification:_identify(lidarslam_ros2/scanmatcher) by extension 'ignore_ament_install'
[1.395s] Level 1:colcon.colcon_core.package_identification:_identify(lidarslam_ros2/scanmatcher) by extensions ['colcon_pkg']
[1.395s] Level 1:colcon.colcon_core.package_identification:_identify(lidarslam_ros2/scanmatcher) by extension 'colcon_pkg'
[1.395s] Level 1:colcon.colcon_core.package_identification:_identify(lidarslam_ros2/scanmatcher) by extensions ['colcon_meta']
[1.395s] Level 1:colcon.colcon_core.package_identification:_identify(lidarslam_ros2/scanmatcher) by extension 'colcon_meta'
[1.395s] Level 1:colcon.colcon_core.package_identification:_identify(lidarslam_ros2/scanmatcher) by extensions ['ros']
[1.395s] Level 1:colcon.colcon_core.package_identification:_identify(lidarslam_ros2/scanmatcher) by extension 'ros'
[1.397s] DEBUG:colcon.colcon_core.package_identification:Package 'lidarslam_ros2/scanmatcher' with type 'ros.ament_cmake' and name 'scanmatcher'
[1.397s] Level 1:colcon.colcon_core.package_identification:_identify(log) by extensions ['ignore', 'ignore_ament_install']
[1.397s] Level 1:colcon.colcon_core.package_identification:_identify(log) by extension 'ignore'
[1.397s] Level 1:colcon.colcon_core.package_identification:_identify(log) ignored
[1.398s] Level 1:colcon.colcon_core.package_identification:_identify(ndt_omp_ros2) by extensions ['ignore', 'ignore_ament_install']
[1.398s] Level 1:colcon.colcon_core.package_identification:_identify(ndt_omp_ros2) by extension 'ignore'
[1.398s] Level 1:colcon.colcon_core.package_identification:_identify(ndt_omp_ros2) by extension 'ignore_ament_install'
[1.398s] Level 1:colcon.colcon_core.package_identification:_identify(ndt_omp_ros2) by extensions ['colcon_pkg']
[1.398s] Level 1:colcon.colcon_core.package_identification:_identify(ndt_omp_ros2) by extension 'colcon_pkg'
[1.398s] Level 1:colcon.colcon_core.package_identification:_identify(ndt_omp_ros2) by extensions ['colcon_meta']
[1.398s] Level 1:colcon.colcon_core.package_identification:_identify(ndt_omp_ros2) by extension 'colcon_meta'
[1.398s] Level 1:colcon.colcon_core.package_identification:_identify(ndt_omp_ros2) by extensions ['ros']
[1.398s] Level 1:colcon.colcon_core.package_identification:_identify(ndt_omp_ros2) by extension 'ros'
[1.399s] DEBUG:colcon.colcon_core.package_identification:Package 'ndt_omp_ros2' with type 'ros.ament_cmake' and name 'ndt_omp_ros2'
[1.399s] Level 1:colcon.colcon_core.package_identification:_identify(rplidar_ros2) by extensions ['ignore', 'ignore_ament_install']
[1.399s] Level 1:colcon.colcon_core.package_identification:_identify(rplidar_ros2) by extension 'ignore'
[1.399s] Level 1:colcon.colcon_core.package_identification:_identify(rplidar_ros2) by extension 'ignore_ament_install'
[1.399s] Level 1:colcon.colcon_core.package_identification:_identify(rplidar_ros2) by extensions ['colcon_pkg']
[1.399s] Level 1:colcon.colcon_core.package_identification:_identify(rplidar_ros2) by extension 'colcon_pkg'
[1.399s] Level 1:colcon.colcon_core.package_identification:_identify(rplidar_ros2) by extensions ['colcon_meta']
[1.399s] Level 1:colcon.colcon_core.package_identification:_identify(rplidar_ros2) by extension 'colcon_meta'
[1.399s] Level 1:colcon.colcon_core.package_identification:_identify(rplidar_ros2) by extensions ['ros']
[1.399s] Level 1:colcon.colcon_core.package_identification:_identify(rplidar_ros2) by extension 'ros'
[1.400s] DEBUG:colcon.colcon_core.package_identification:Package 'rplidar_ros2' with type 'ros.ament_cmake' and name 'rplidar_ros'
[1.400s] Level 1:colcon.colcon_core.package_identification:_identify(sllidar_ros2) by extensions ['ignore', 'ignore_ament_install']
[1.400s] Level 1:colcon.colcon_core.package_identification:_identify(sllidar_ros2) by extension 'ignore'
[1.400s] Level 1:colcon.colcon_core.package_identification:_identify(sllidar_ros2) by extension 'ignore_ament_install'
[1.400s] Level 1:colcon.colcon_core.package_identification:_identify(sllidar_ros2) by extensions ['colcon_pkg']
[1.400s] Level 1:colcon.colcon_core.package_identification:_identify(sllidar_ros2) by extension 'colcon_pkg'
[1.400s] Level 1:colcon.colcon_core.package_identification:_identify(sllidar_ros2) by extensions ['colcon_meta']
[1.400s] Level 1:colcon.colcon_core.package_identification:_identify(sllidar_ros2) by extension 'colcon_meta'
[1.400s] Level 1:colcon.colcon_core.package_identification:_identify(sllidar_ros2) by extensions ['ros']
[1.400s] Level 1:colcon.colcon_core.package_identification:_identify(sllidar_ros2) by extension 'ros'
[1.401s] DEBUG:colcon.colcon_core.package_identification:Package 'sllidar_ros2' with type 'ros.ament_cmake' and name 'sllidar_ros2'
[1.401s] Level 1:colcon.colcon_core.package_discovery:discover_packages(recursive) using defaults
[1.401s] Level 1:colcon.colcon_core.package_discovery:discover_packages(ignore) discover
[1.401s] Level 1:colcon.colcon_core.package_discovery:discover_packages(ignore) using defaults
[1.401s] Level 1:colcon.colcon_core.package_discovery:discover_packages(path) discover
[1.401s] Level 1:colcon.colcon_core.package_discovery:discover_packages(path) using defaults
[1.522s] Level 1:colcon.colcon_core.package_discovery:discover_packages(prefix_path) check parameters
[1.522s] Level 1:colcon.colcon_core.package_discovery:discover_packages(prefix_path) discover
[1.563s] DEBUG:colcon.colcon_installed_package_information.package_discovery:Found 32 installed packages in /home/frese/ros2_ws/install
[1.582s] DEBUG:colcon.colcon_installed_package_information.package_discovery:Found 270 installed packages in /opt/ros/humble
[1.585s] Level 1:colcon.colcon_core.package_discovery:discover_packages(prefix_path) using defaults
[1.693s] ERROR:colcon:colcon build: Duplicate package names not supported:
- ndt_omp_ros2:
  - lidarslam_ros2/Thirdparty/ndt_omp_ros2
  - ndt_omp_ros2
